running egg_info
creating ../../build/chat_system/chat_system.egg-info
writing ../../build/chat_system/chat_system.egg-info/PKG-INFO
writing dependency_links to ../../build/chat_system/chat_system.egg-info/dependency_links.txt
writing entry points to ../../build/chat_system/chat_system.egg-info/entry_points.txt
writing requirements to ../../build/chat_system/chat_system.egg-info/requires.txt
writing top-level names to ../../build/chat_system/chat_system.egg-info/top_level.txt
writing manifest file '../../build/chat_system/chat_system.egg-info/SOURCES.txt'
reading manifest file '../../build/chat_system/chat_system.egg-info/SOURCES.txt'
writing manifest file '../../build/chat_system/chat_system.egg-info/SOURCES.txt'
running build
running build_py
creating /home/qyj/chat_ws/build/chat_system/build
creating /home/qyj/chat_ws/build/chat_system/build/lib
creating /home/qyj/chat_ws/build/chat_system/build/lib/chat_system
copying chat_system/chat_server.py -> /home/qyj/chat_ws/build/chat_system/build/lib/chat_system
copying chat_system/chat_client.py -> /home/qyj/chat_ws/build/chat_system/build/lib/chat_system
copying chat_system/__init__.py -> /home/qyj/chat_ws/build/chat_system/build/lib/chat_system
running install
running install_lib
creating /home/qyj/chat_ws/install/chat_system/lib/python3.10/site-packages/chat_system
copying /home/qyj/chat_ws/build/chat_system/build/lib/chat_system/chat_server.py -> /home/qyj/chat_ws/install/chat_system/lib/python3.10/site-packages/chat_system
copying /home/qyj/chat_ws/build/chat_system/build/lib/chat_system/chat_client.py -> /home/qyj/chat_ws/install/chat_system/lib/python3.10/site-packages/chat_system
copying /home/qyj/chat_ws/build/chat_system/build/lib/chat_system/__init__.py -> /home/qyj/chat_ws/install/chat_system/lib/python3.10/site-packages/chat_system
byte-compiling /home/qyj/chat_ws/install/chat_system/lib/python3.10/site-packages/chat_system/chat_server.py to chat_server.cpython-310.pyc
byte-compiling /home/qyj/chat_ws/install/chat_system/lib/python3.10/site-packages/chat_system/chat_client.py to chat_client.cpython-310.pyc
byte-compiling /home/qyj/chat_ws/install/chat_system/lib/python3.10/site-packages/chat_system/__init__.py to __init__.cpython-310.pyc
running install_data
creating /home/qyj/chat_ws/install/chat_system/share/ament_index
creating /home/qyj/chat_ws/install/chat_system/share/ament_index/resource_index
creating /home/qyj/chat_ws/install/chat_system/share/ament_index/resource_index/packages
copying resource/chat_system -> /home/qyj/chat_ws/install/chat_system/share/ament_index/resource_index/packages
copying package.xml -> /home/qyj/chat_ws/install/chat_system/share/chat_system
running install_egg_info
Copying ../../build/chat_system/chat_system.egg-info to /home/qyj/chat_ws/install/chat_system/lib/python3.10/site-packages/chat_system-0.0.0-py3.10.egg-info
running install_scripts
Installing chat_client script to /home/qyj/chat_ws/install/chat_system/lib/chat_system
Installing chat_server script to /home/qyj/chat_ws/install/chat_system/lib/chat_system
writing list of installed files to '/home/qyj/chat_ws/build/chat_system/install.log'
