[1.461s] Invoking command in '/home/qyj/chat_ws/src/chat_system': AMENT_PREFIX_PATH=/home/qyj/chat_ws/install/chat_interfaces:${AMENT_PREFIX_PATH} CMAKE_PREFIX_PATH=/home/qyj/chat_ws/install/chat_interfaces LD_LIBRARY_PATH=/home/qyj/chat_ws/install/chat_interfaces/lib:${LD_LIBRARY_PATH} PYTHONPATH=/home/qyj/chat_ws/build/chat_system/prefix_override:/usr/lib/python3/dist-packages/colcon_core/task/python/colcon_distutils_commands:/home/qyj/chat_ws/install/chat_system/lib/python3.10/site-packages:/home/qyj/chat_ws/install/chat_interfaces/local/lib/python3.10/dist-packages:${PYTHONPATH} /usr/bin/python3 -W ignore:setup.py install is deprecated -W ignore:easy_install command is deprecated setup.py egg_info --egg-base ../../build/chat_system build --build-base /home/qyj/chat_ws/build/chat_system/build install --record /home/qyj/chat_ws/build/chat_system/install.log --single-version-externally-managed install_data
[2.064s] running egg_info
[2.069s] creating ../../build/chat_system/chat_system.egg-info
[2.072s] writing ../../build/chat_system/chat_system.egg-info/PKG-INFO
[2.072s] writing dependency_links to ../../build/chat_system/chat_system.egg-info/dependency_links.txt
[2.073s] writing entry points to ../../build/chat_system/chat_system.egg-info/entry_points.txt
[2.073s] writing requirements to ../../build/chat_system/chat_system.egg-info/requires.txt
[2.073s] writing top-level names to ../../build/chat_system/chat_system.egg-info/top_level.txt
[2.073s] writing manifest file '../../build/chat_system/chat_system.egg-info/SOURCES.txt'
[2.076s] reading manifest file '../../build/chat_system/chat_system.egg-info/SOURCES.txt'
[2.077s] writing manifest file '../../build/chat_system/chat_system.egg-info/SOURCES.txt'
[2.078s] running build
[2.078s] running build_py
[2.078s] creating /home/qyj/chat_ws/build/chat_system/build
[2.079s] creating /home/qyj/chat_ws/build/chat_system/build/lib
[2.079s] creating /home/qyj/chat_ws/build/chat_system/build/lib/chat_system
[2.079s] copying chat_system/chat_server.py -> /home/qyj/chat_ws/build/chat_system/build/lib/chat_system
[2.079s] copying chat_system/chat_client.py -> /home/qyj/chat_ws/build/chat_system/build/lib/chat_system
[2.081s] copying chat_system/__init__.py -> /home/qyj/chat_ws/build/chat_system/build/lib/chat_system
[2.082s] running install
[2.083s] running install_lib
[2.086s] creating /home/qyj/chat_ws/install/chat_system/lib/python3.10/site-packages/chat_system
[2.088s] copying /home/qyj/chat_ws/build/chat_system/build/lib/chat_system/chat_server.py -> /home/qyj/chat_ws/install/chat_system/lib/python3.10/site-packages/chat_system
[2.088s] copying /home/qyj/chat_ws/build/chat_system/build/lib/chat_system/chat_client.py -> /home/qyj/chat_ws/install/chat_system/lib/python3.10/site-packages/chat_system
[2.088s] copying /home/qyj/chat_ws/build/chat_system/build/lib/chat_system/__init__.py -> /home/qyj/chat_ws/install/chat_system/lib/python3.10/site-packages/chat_system
[2.090s] byte-compiling /home/qyj/chat_ws/install/chat_system/lib/python3.10/site-packages/chat_system/chat_server.py to chat_server.cpython-310.pyc
[2.095s] byte-compiling /home/qyj/chat_ws/install/chat_system/lib/python3.10/site-packages/chat_system/chat_client.py to chat_client.cpython-310.pyc
[2.097s] byte-compiling /home/qyj/chat_ws/install/chat_system/lib/python3.10/site-packages/chat_system/__init__.py to __init__.cpython-310.pyc
[2.098s] running install_data
[2.098s] creating /home/qyj/chat_ws/install/chat_system/share/ament_index
[2.098s] creating /home/qyj/chat_ws/install/chat_system/share/ament_index/resource_index
[2.098s] creating /home/qyj/chat_ws/install/chat_system/share/ament_index/resource_index/packages
[2.101s] copying resource/chat_system -> /home/qyj/chat_ws/install/chat_system/share/ament_index/resource_index/packages
[2.102s] copying package.xml -> /home/qyj/chat_ws/install/chat_system/share/chat_system
[2.102s] running install_egg_info
[2.105s] Copying ../../build/chat_system/chat_system.egg-info to /home/qyj/chat_ws/install/chat_system/lib/python3.10/site-packages/chat_system-0.0.0-py3.10.egg-info
[2.107s] running install_scripts
[2.155s] Installing chat_client script to /home/qyj/chat_ws/install/chat_system/lib/chat_system
[2.155s] Installing chat_server script to /home/qyj/chat_ws/install/chat_system/lib/chat_system
[2.156s] writing list of installed files to '/home/qyj/chat_ws/build/chat_system/install.log'
[2.224s] Invoked command in '/home/qyj/chat_ws/src/chat_system' returned '0': AMENT_PREFIX_PATH=/home/qyj/chat_ws/install/chat_interfaces:${AMENT_PREFIX_PATH} CMAKE_PREFIX_PATH=/home/qyj/chat_ws/install/chat_interfaces LD_LIBRARY_PATH=/home/qyj/chat_ws/install/chat_interfaces/lib:${LD_LIBRARY_PATH} PYTHONPATH=/home/qyj/chat_ws/build/chat_system/prefix_override:/usr/lib/python3/dist-packages/colcon_core/task/python/colcon_distutils_commands:/home/qyj/chat_ws/install/chat_system/lib/python3.10/site-packages:/home/qyj/chat_ws/install/chat_interfaces/local/lib/python3.10/dist-packages:${PYTHONPATH} /usr/bin/python3 -W ignore:setup.py install is deprecated -W ignore:easy_install command is deprecated setup.py egg_info --egg-base ../../build/chat_system build --build-base /home/qyj/chat_ws/build/chat_system/build install --record /home/qyj/chat_ws/build/chat_system/install.log --single-version-externally-managed install_data
