[1.297s] Invoking command in '/home/xiye/ROSChatr/src/roschat_ui': PYTHONPATH=/home/xiye/ROSChatr/build/roschat_ui/prefix_override:/usr/lib/python3/dist-packages/colcon_core/task/python/colcon_distutils_commands:/home/xiye/ROSChatr/install/roschat_ui/lib/python3.10/site-packages:${PYTHONPATH} /usr/bin/python3 -W ignore:setup.py install is deprecated -W ignore:easy_install command is deprecated setup.py egg_info --egg-base ../../build/roschat_ui build --build-base /home/xiye/ROSChatr/build/roschat_ui/build install --record /home/xiye/ROSChatr/build/roschat_ui/install.log --single-version-externally-managed install_data
[1.796s] running egg_info
[1.796s] writing ../../build/roschat_ui/roschat_ui.egg-info/PKG-INFO
[1.797s] writing dependency_links to ../../build/roschat_ui/roschat_ui.egg-info/dependency_links.txt
[1.797s] writing entry points to ../../build/roschat_ui/roschat_ui.egg-info/entry_points.txt
[1.797s] writing requirements to ../../build/roschat_ui/roschat_ui.egg-info/requires.txt
[1.797s] writing top-level names to ../../build/roschat_ui/roschat_ui.egg-info/top_level.txt
[1.799s] reading manifest file '../../build/roschat_ui/roschat_ui.egg-info/SOURCES.txt'
[1.800s] writing manifest file '../../build/roschat_ui/roschat_ui.egg-info/SOURCES.txt'
[1.800s] running build
[1.800s] running build_py
[1.800s] copying roschat_ui/roschat_ui.py -> /home/xiye/ROSChatr/build/roschat_ui/build/lib/roschat_ui
[1.801s] running install
[1.801s] running install_lib
[1.802s] copying /home/xiye/ROSChatr/build/roschat_ui/build/lib/roschat_ui/roschat_ui.py -> /home/xiye/ROSChatr/install/roschat_ui/lib/python3.10/site-packages/roschat_ui
[1.802s] byte-compiling /home/xiye/ROSChatr/install/roschat_ui/lib/python3.10/site-packages/roschat_ui/roschat_ui.py to roschat_ui.cpython-310.pyc
[1.803s] running install_data
[1.803s] running install_egg_info
[1.805s] removing '/home/xiye/ROSChatr/install/roschat_ui/lib/python3.10/site-packages/roschat_ui-0.0.0-py3.10.egg-info' (and everything under it)
[1.805s] Copying ../../build/roschat_ui/roschat_ui.egg-info to /home/xiye/ROSChatr/install/roschat_ui/lib/python3.10/site-packages/roschat_ui-0.0.0-py3.10.egg-info
[1.806s] running install_scripts
[1.825s] Installing roschat_ui script to /home/xiye/ROSChatr/install/roschat_ui/lib/roschat_ui
[1.825s] writing list of installed files to '/home/xiye/ROSChatr/build/roschat_ui/install.log'
[2.066s] Invoked command in '/home/xiye/ROSChatr/src/roschat_ui' returned '0': PYTHONPATH=/home/xiye/ROSChatr/build/roschat_ui/prefix_override:/usr/lib/python3/dist-packages/colcon_core/task/python/colcon_distutils_commands:/home/xiye/ROSChatr/install/roschat_ui/lib/python3.10/site-packages:${PYTHONPATH} /usr/bin/python3 -W ignore:setup.py install is deprecated -W ignore:easy_install command is deprecated setup.py egg_info --egg-base ../../build/roschat_ui build --build-base /home/xiye/ROSChatr/build/roschat_ui/build install --record /home/xiye/ROSChatr/build/roschat_ui/install.log --single-version-externally-managed install_data
