[0.112s] DEBUG:colcon:Command line arguments: ['/usr/bin/colcon', 'build']
[0.112s] DEBUG:colcon:Parsed command line arguments: Namespace(log_base=None, log_level=None, verb_name='build', build_base='build', install_base='install', merge_install=False, symlink_install=False, test_result_base=None, continue_on_error=False, executor='parallel', parallel_workers=12, event_handlers=None, ignore_user_meta=False, metas=['./colcon.meta'], base_paths=['.'], packages_ignore=None, packages_ignore_regex=None, paths=None, packages_up_to=None, packages_up_to_regex=None, packages_above=None, packages_above_and_dependencies=None, packages_above_depth=None, packages_select_by_dep=None, packages_skip_by_dep=None, packages_skip_up_to=None, packages_select_build_failed=False, packages_skip_build_finished=False, packages_select_test_failures=False, packages_skip_test_passed=False, packages_select=None, packages_skip=None, packages_select_regex=None, packages_skip_regex=None, packages_start=None, packages_end=None, allow_overriding=[], cmake_args=None, cmake_target=None, cmake_target_skip_unavailable=False, cmake_clean_cache=False, cmake_clean_first=False, cmake_force_configure=False, ament_cmake_args=None, catkin_cmake_args=None, catkin_skip_building_tests=False, verb_parser=<colcon_defaults.argument_parser.defaults.DefaultArgumentsDecorator object at 0x73733925bd30>, verb_extension=<colcon_core.verb.build.BuildVerb object at 0x73733925b8e0>, main=<bound method BuildVerb.main of <colcon_core.verb.build.BuildVerb object at 0x73733925b8e0>>)
[0.384s] Level 1:colcon.colcon_core.package_discovery:discover_packages(colcon_meta) check parameters
[0.385s] Level 1:colcon.colcon_core.package_discovery:discover_packages(recursive) check parameters
[0.385s] Level 1:colcon.colcon_core.package_discovery:discover_packages(ignore) check parameters
[0.385s] Level 1:colcon.colcon_core.package_discovery:discover_packages(path) check parameters
[0.385s] Level 1:colcon.colcon_core.package_discovery:discover_packages(colcon_meta) discover
[0.385s] Level 1:colcon.colcon_core.package_discovery:discover_packages(recursive) discover
[0.385s] INFO:colcon.colcon_core.package_discovery:Crawling recursively for packages in '/home/xiye/ROSChatr'
[0.385s] Level 1:colcon.colcon_core.package_identification:_identify(.) by extensions ['ignore', 'ignore_ament_install']
[0.385s] Level 1:colcon.colcon_core.package_identification:_identify(.) by extension 'ignore'
[0.385s] Level 1:colcon.colcon_core.package_identification:_identify(.) by extension 'ignore_ament_install'
[0.385s] Level 1:colcon.colcon_core.package_identification:_identify(.) by extensions ['colcon_pkg']
[0.385s] Level 1:colcon.colcon_core.package_identification:_identify(.) by extension 'colcon_pkg'
[0.385s] Level 1:colcon.colcon_core.package_identification:_identify(.) by extensions ['colcon_meta']
[0.385s] Level 1:colcon.colcon_core.package_identification:_identify(.) by extension 'colcon_meta'
[0.385s] Level 1:colcon.colcon_core.package_identification:_identify(.) by extensions ['ros']
[0.385s] Level 1:colcon.colcon_core.package_identification:_identify(.) by extension 'ros'
[0.401s] Level 1:colcon.colcon_core.package_identification:_identify(.) by extensions ['cmake', 'python']
[0.401s] Level 1:colcon.colcon_core.package_identification:_identify(.) by extension 'cmake'
[0.401s] Level 1:colcon.colcon_core.package_identification:_identify(.) by extension 'python'
[0.401s] Level 1:colcon.colcon_core.package_identification:_identify(.) by extensions ['python_setup_py']
[0.401s] Level 1:colcon.colcon_core.package_identification:_identify(.) by extension 'python_setup_py'
[0.402s] Level 1:colcon.colcon_core.package_identification:_identify(build) by extensions ['ignore', 'ignore_ament_install']
[0.402s] Level 1:colcon.colcon_core.package_identification:_identify(build) by extension 'ignore'
[0.402s] Level 1:colcon.colcon_core.package_identification:_identify(build) ignored
[0.402s] Level 1:colcon.colcon_core.package_identification:_identify(install) by extensions ['ignore', 'ignore_ament_install']
[0.402s] Level 1:colcon.colcon_core.package_identification:_identify(install) by extension 'ignore'
[0.402s] Level 1:colcon.colcon_core.package_identification:_identify(install) ignored
[0.402s] Level 1:colcon.colcon_core.package_identification:_identify(log) by extensions ['ignore', 'ignore_ament_install']
[0.402s] Level 1:colcon.colcon_core.package_identification:_identify(log) by extension 'ignore'
[0.402s] Level 1:colcon.colcon_core.package_identification:_identify(log) ignored
[0.402s] Level 1:colcon.colcon_core.package_identification:_identify(src) by extensions ['ignore', 'ignore_ament_install']
[0.402s] Level 1:colcon.colcon_core.package_identification:_identify(src) by extension 'ignore'
[0.402s] Level 1:colcon.colcon_core.package_identification:_identify(src) by extension 'ignore_ament_install'
[0.402s] Level 1:colcon.colcon_core.package_identification:_identify(src) by extensions ['colcon_pkg']
[0.403s] Level 1:colcon.colcon_core.package_identification:_identify(src) by extension 'colcon_pkg'
[0.403s] Level 1:colcon.colcon_core.package_identification:_identify(src) by extensions ['colcon_meta']
[0.403s] Level 1:colcon.colcon_core.package_identification:_identify(src) by extension 'colcon_meta'
[0.403s] Level 1:colcon.colcon_core.package_identification:_identify(src) by extensions ['ros']
[0.403s] Level 1:colcon.colcon_core.package_identification:_identify(src) by extension 'ros'
[0.403s] Level 1:colcon.colcon_core.package_identification:_identify(src) by extensions ['cmake', 'python']
[0.403s] Level 1:colcon.colcon_core.package_identification:_identify(src) by extension 'cmake'
[0.403s] Level 1:colcon.colcon_core.package_identification:_identify(src) by extension 'python'
[0.403s] Level 1:colcon.colcon_core.package_identification:_identify(src) by extensions ['python_setup_py']
[0.403s] Level 1:colcon.colcon_core.package_identification:_identify(src) by extension 'python_setup_py'
[0.403s] Level 1:colcon.colcon_core.package_identification:_identify(src/chat_interfaces) by extensions ['ignore', 'ignore_ament_install']
[0.403s] Level 1:colcon.colcon_core.package_identification:_identify(src/chat_interfaces) by extension 'ignore'
[0.403s] Level 1:colcon.colcon_core.package_identification:_identify(src/chat_interfaces) by extension 'ignore_ament_install'
[0.403s] Level 1:colcon.colcon_core.package_identification:_identify(src/chat_interfaces) by extensions ['colcon_pkg']
[0.403s] Level 1:colcon.colcon_core.package_identification:_identify(src/chat_interfaces) by extension 'colcon_pkg'
[0.403s] Level 1:colcon.colcon_core.package_identification:_identify(src/chat_interfaces) by extensions ['colcon_meta']
[0.403s] Level 1:colcon.colcon_core.package_identification:_identify(src/chat_interfaces) by extension 'colcon_meta'
[0.403s] Level 1:colcon.colcon_core.package_identification:_identify(src/chat_interfaces) by extensions ['ros']
[0.403s] Level 1:colcon.colcon_core.package_identification:_identify(src/chat_interfaces) by extension 'ros'
[0.405s] DEBUG:colcon.colcon_core.package_identification:Package 'src/chat_interfaces' with type 'ros.ament_cmake' and name 'chat_interfaces'
[0.405s] Level 1:colcon.colcon_core.package_identification:_identify(src/chat_system) by extensions ['ignore', 'ignore_ament_install']
[0.405s] Level 1:colcon.colcon_core.package_identification:_identify(src/chat_system) by extension 'ignore'
[0.405s] Level 1:colcon.colcon_core.package_identification:_identify(src/chat_system) by extension 'ignore_ament_install'
[0.406s] Level 1:colcon.colcon_core.package_identification:_identify(src/chat_system) by extensions ['colcon_pkg']
[0.406s] Level 1:colcon.colcon_core.package_identification:_identify(src/chat_system) by extension 'colcon_pkg'
[0.406s] Level 1:colcon.colcon_core.package_identification:_identify(src/chat_system) by extensions ['colcon_meta']
[0.406s] Level 1:colcon.colcon_core.package_identification:_identify(src/chat_system) by extension 'colcon_meta'
[0.406s] Level 1:colcon.colcon_core.package_identification:_identify(src/chat_system) by extensions ['ros']
[0.406s] Level 1:colcon.colcon_core.package_identification:_identify(src/chat_system) by extension 'ros'
[0.406s] DEBUG:colcon.colcon_core.package_identification:Package 'src/chat_system' with type 'ros.ament_python' and name 'chat_system'
[0.406s] Level 1:colcon.colcon_core.package_identification:_identify(src/roschat_ui) by extensions ['ignore', 'ignore_ament_install']
[0.407s] Level 1:colcon.colcon_core.package_identification:_identify(src/roschat_ui) by extension 'ignore'
[0.407s] Level 1:colcon.colcon_core.package_identification:_identify(src/roschat_ui) by extension 'ignore_ament_install'
[0.407s] Level 1:colcon.colcon_core.package_identification:_identify(src/roschat_ui) by extensions ['colcon_pkg']
[0.407s] Level 1:colcon.colcon_core.package_identification:_identify(src/roschat_ui) by extension 'colcon_pkg'
[0.407s] Level 1:colcon.colcon_core.package_identification:_identify(src/roschat_ui) by extensions ['colcon_meta']
[0.407s] Level 1:colcon.colcon_core.package_identification:_identify(src/roschat_ui) by extension 'colcon_meta'
[0.407s] Level 1:colcon.colcon_core.package_identification:_identify(src/roschat_ui) by extensions ['ros']
[0.407s] Level 1:colcon.colcon_core.package_identification:_identify(src/roschat_ui) by extension 'ros'
[0.407s] DEBUG:colcon.colcon_core.package_identification:Package 'src/roschat_ui' with type 'ros.ament_python' and name 'roschat_ui'
[0.407s] Level 1:colcon.colcon_core.package_discovery:discover_packages(recursive) using defaults
[0.407s] Level 1:colcon.colcon_core.package_discovery:discover_packages(ignore) discover
[0.407s] Level 1:colcon.colcon_core.package_discovery:discover_packages(ignore) using defaults
[0.407s] Level 1:colcon.colcon_core.package_discovery:discover_packages(path) discover
[0.407s] Level 1:colcon.colcon_core.package_discovery:discover_packages(path) using defaults
[0.425s] Level 1:colcon.colcon_core.package_discovery:discover_packages(prefix_path) check parameters
[0.425s] Level 1:colcon.colcon_core.package_discovery:discover_packages(prefix_path) discover
[0.468s] DEBUG:colcon.colcon_installed_package_information.package_discovery:Found 3 installed packages in /home/xiye/ROSChatr/install
[0.502s] DEBUG:colcon.colcon_installed_package_information.package_discovery:Found 21 installed packages in /mnt/hgfs/Ubuntu22.04_ros/dev_ws_1/install
[0.503s] DEBUG:colcon.colcon_installed_package_information.package_discovery:Found 389 installed packages in /opt/ros/humble
[0.505s] Level 1:colcon.colcon_core.package_discovery:discover_packages(prefix_path) using defaults
[0.575s] Level 5:colcon.colcon_core.verb:set package 'chat_interfaces' build argument 'cmake_args' from command line to 'None'
[0.575s] Level 5:colcon.colcon_core.verb:set package 'chat_interfaces' build argument 'cmake_target' from command line to 'None'
[0.575s] Level 5:colcon.colcon_core.verb:set package 'chat_interfaces' build argument 'cmake_target_skip_unavailable' from command line to 'False'
[0.575s] Level 5:colcon.colcon_core.verb:set package 'chat_interfaces' build argument 'cmake_clean_cache' from command line to 'False'
[0.575s] Level 5:colcon.colcon_core.verb:set package 'chat_interfaces' build argument 'cmake_clean_first' from command line to 'False'
[0.575s] Level 5:colcon.colcon_core.verb:set package 'chat_interfaces' build argument 'cmake_force_configure' from command line to 'False'
[0.575s] Level 5:colcon.colcon_core.verb:set package 'chat_interfaces' build argument 'ament_cmake_args' from command line to 'None'
[0.575s] Level 5:colcon.colcon_core.verb:set package 'chat_interfaces' build argument 'catkin_cmake_args' from command line to 'None'
[0.575s] Level 5:colcon.colcon_core.verb:set package 'chat_interfaces' build argument 'catkin_skip_building_tests' from command line to 'False'
[0.575s] DEBUG:colcon.colcon_core.verb:Building package 'chat_interfaces' with the following arguments: {'ament_cmake_args': None, 'build_base': '/home/xiye/ROSChatr/build/chat_interfaces', 'catkin_cmake_args': None, 'catkin_skip_building_tests': False, 'cmake_args': None, 'cmake_clean_cache': False, 'cmake_clean_first': False, 'cmake_force_configure': False, 'cmake_target': None, 'cmake_target_skip_unavailable': False, 'install_base': '/home/xiye/ROSChatr/install/chat_interfaces', 'merge_install': False, 'path': '/home/xiye/ROSChatr/src/chat_interfaces', 'symlink_install': False, 'test_result_base': None}
[0.576s] Level 5:colcon.colcon_core.verb:set package 'roschat_ui' build argument 'cmake_args' from command line to 'None'
[0.576s] Level 5:colcon.colcon_core.verb:set package 'roschat_ui' build argument 'cmake_target' from command line to 'None'
[0.576s] Level 5:colcon.colcon_core.verb:set package 'roschat_ui' build argument 'cmake_target_skip_unavailable' from command line to 'False'
[0.576s] Level 5:colcon.colcon_core.verb:set package 'roschat_ui' build argument 'cmake_clean_cache' from command line to 'False'
[0.576s] Level 5:colcon.colcon_core.verb:set package 'roschat_ui' build argument 'cmake_clean_first' from command line to 'False'
[0.576s] Level 5:colcon.colcon_core.verb:set package 'roschat_ui' build argument 'cmake_force_configure' from command line to 'False'
[0.576s] Level 5:colcon.colcon_core.verb:set package 'roschat_ui' build argument 'ament_cmake_args' from command line to 'None'
[0.576s] Level 5:colcon.colcon_core.verb:set package 'roschat_ui' build argument 'catkin_cmake_args' from command line to 'None'
[0.576s] Level 5:colcon.colcon_core.verb:set package 'roschat_ui' build argument 'catkin_skip_building_tests' from command line to 'False'
[0.576s] DEBUG:colcon.colcon_core.verb:Building package 'roschat_ui' with the following arguments: {'ament_cmake_args': None, 'build_base': '/home/xiye/ROSChatr/build/roschat_ui', 'catkin_cmake_args': None, 'catkin_skip_building_tests': False, 'cmake_args': None, 'cmake_clean_cache': False, 'cmake_clean_first': False, 'cmake_force_configure': False, 'cmake_target': None, 'cmake_target_skip_unavailable': False, 'install_base': '/home/xiye/ROSChatr/install/roschat_ui', 'merge_install': False, 'path': '/home/xiye/ROSChatr/src/roschat_ui', 'symlink_install': False, 'test_result_base': None}
[0.576s] Level 5:colcon.colcon_core.verb:set package 'chat_system' build argument 'cmake_args' from command line to 'None'
[0.576s] Level 5:colcon.colcon_core.verb:set package 'chat_system' build argument 'cmake_target' from command line to 'None'
[0.576s] Level 5:colcon.colcon_core.verb:set package 'chat_system' build argument 'cmake_target_skip_unavailable' from command line to 'False'
[0.576s] Level 5:colcon.colcon_core.verb:set package 'chat_system' build argument 'cmake_clean_cache' from command line to 'False'
[0.576s] Level 5:colcon.colcon_core.verb:set package 'chat_system' build argument 'cmake_clean_first' from command line to 'False'
[0.576s] Level 5:colcon.colcon_core.verb:set package 'chat_system' build argument 'cmake_force_configure' from command line to 'False'
[0.576s] Level 5:colcon.colcon_core.verb:set package 'chat_system' build argument 'ament_cmake_args' from command line to 'None'
[0.576s] Level 5:colcon.colcon_core.verb:set package 'chat_system' build argument 'catkin_cmake_args' from command line to 'None'
[0.576s] Level 5:colcon.colcon_core.verb:set package 'chat_system' build argument 'catkin_skip_building_tests' from command line to 'False'
[0.576s] DEBUG:colcon.colcon_core.verb:Building package 'chat_system' with the following arguments: {'ament_cmake_args': None, 'build_base': '/home/xiye/ROSChatr/build/chat_system', 'catkin_cmake_args': None, 'catkin_skip_building_tests': False, 'cmake_args': None, 'cmake_clean_cache': False, 'cmake_clean_first': False, 'cmake_force_configure': False, 'cmake_target': None, 'cmake_target_skip_unavailable': False, 'install_base': '/home/xiye/ROSChatr/install/chat_system', 'merge_install': False, 'path': '/home/xiye/ROSChatr/src/chat_system', 'symlink_install': False, 'test_result_base': None}
[0.577s] INFO:colcon.colcon_core.executor:Executing jobs using 'parallel' executor
[0.577s] DEBUG:colcon.colcon_parallel_executor.executor.parallel:run_until_complete
[0.578s] INFO:colcon.colcon_ros.task.ament_cmake.build:Building ROS package in '/home/xiye/ROSChatr/src/chat_interfaces' with build type 'ament_cmake'
[0.578s] INFO:colcon.colcon_cmake.task.cmake.build:Building CMake package in '/home/xiye/ROSChatr/src/chat_interfaces'
[0.580s] INFO:colcon.colcon_core.plugin_system:Skipping extension 'colcon_core.shell.bat': Not used on non-Windows systems
[0.580s] INFO:colcon.colcon_core.shell:Skip shell extension 'powershell' for command environment: Not usable outside of PowerShell
[0.581s] DEBUG:colcon.colcon_core.shell:Skip shell extension 'dsv' for command environment
[0.637s] INFO:colcon.colcon_ros.task.ament_python.build:Building ROS package in '/home/xiye/ROSChatr/src/roschat_ui' with build type 'ament_python'
[0.637s] Level 1:colcon.colcon_core.shell:create_environment_hook('roschat_ui', 'ament_prefix_path')
[0.638s] INFO:colcon.colcon_core.shell:Creating environment hook '/home/xiye/ROSChatr/install/roschat_ui/share/roschat_ui/hook/ament_prefix_path.ps1'
[0.638s] INFO:colcon.colcon_core.shell:Creating environment descriptor '/home/xiye/ROSChatr/install/roschat_ui/share/roschat_ui/hook/ament_prefix_path.dsv'
[0.639s] INFO:colcon.colcon_core.shell:Creating environment hook '/home/xiye/ROSChatr/install/roschat_ui/share/roschat_ui/hook/ament_prefix_path.sh'
[0.640s] INFO:colcon.colcon_core.shell:Skip shell extension 'powershell' for command environment: Not usable outside of PowerShell
[0.640s] DEBUG:colcon.colcon_core.shell:Skip shell extension 'dsv' for command environment
[0.705s] DEBUG:colcon.colcon_core.event_handler.log_command:Invoking command in '/home/xiye/ROSChatr/build/chat_interfaces': CMAKE_PREFIX_PATH=${CMAKE_PREFIX_PATH}:/home/xiye/ROSChatr/install/roschat_ui:/home/xiye/ROSChatr/install/chat_system:/mnt/hgfs/Ubuntu22.04_ros/dev_ws_1/install/learning_urdf:/mnt/hgfs/Ubuntu22.04_ros/dev_ws_1/install/learning_topic:/mnt/hgfs/Ubuntu22.04_ros/dev_ws_1/install/learning_tf:/mnt/hgfs/Ubuntu22.04_ros/dev_ws_1/install/learning_service:/mnt/hgfs/Ubuntu22.04_ros/dev_ws_1/install/learning_qos:/mnt/hgfs/Ubuntu22.04_ros/dev_ws_1/install/learning_pkg_python:/mnt/hgfs/Ubuntu22.04_ros/dev_ws_1/install/learning_parameter:/mnt/hgfs/Ubuntu22.04_ros/dev_ws_1/install/learning_node:/mnt/hgfs/Ubuntu22.04_ros/dev_ws_1/install/learning_launch:/mnt/hgfs/Ubuntu22.04_ros/dev_ws_1/install/learning_action:/mnt/hgfs/Ubuntu22.04_ros/dev_ws_1/install/learning_gazebo_harmonic:/mnt/hgfs/Ubuntu22.04_ros/dev_ws_1/install/learning_gazebo:/mnt/hgfs/Ubuntu22.04_ros/dev_ws_1/install/learning_cv:/opt/ros/humble /usr/bin/cmake --build /home/xiye/ROSChatr/build/chat_interfaces -- -j12 -l12
[1.153s] INFO:colcon.colcon_core.task.python.build:Building Python package in '/home/xiye/ROSChatr/src/roschat_ui'
[1.153s] INFO:colcon.colcon_core.shell:Skip shell extension 'powershell' for command environment: Not usable outside of PowerShell
[1.153s] DEBUG:colcon.colcon_core.shell:Skip shell extension 'dsv' for command environment
[1.972s] DEBUG:colcon.colcon_core.event_handler.log_command:Invoking command in '/home/xiye/ROSChatr/src/roschat_ui': PYTHONPATH=/home/xiye/ROSChatr/build/roschat_ui/prefix_override:/usr/lib/python3/dist-packages/colcon_core/task/python/colcon_distutils_commands:/home/xiye/ROSChatr/install/roschat_ui/lib/python3.10/site-packages:${PYTHONPATH} /usr/bin/python3 -W ignore:setup.py install is deprecated -W ignore:easy_install command is deprecated setup.py egg_info --egg-base ../../build/roschat_ui build --build-base /home/xiye/ROSChatr/build/roschat_ui/build install --record /home/xiye/ROSChatr/build/roschat_ui/install.log --single-version-externally-managed install_data
[1.985s] DEBUG:colcon.colcon_core.event_handler.log_command:Invoked command in '/home/xiye/ROSChatr/build/chat_interfaces' returned '0': CMAKE_PREFIX_PATH=${CMAKE_PREFIX_PATH}:/home/xiye/ROSChatr/install/roschat_ui:/home/xiye/ROSChatr/install/chat_system:/mnt/hgfs/Ubuntu22.04_ros/dev_ws_1/install/learning_urdf:/mnt/hgfs/Ubuntu22.04_ros/dev_ws_1/install/learning_topic:/mnt/hgfs/Ubuntu22.04_ros/dev_ws_1/install/learning_tf:/mnt/hgfs/Ubuntu22.04_ros/dev_ws_1/install/learning_service:/mnt/hgfs/Ubuntu22.04_ros/dev_ws_1/install/learning_qos:/mnt/hgfs/Ubuntu22.04_ros/dev_ws_1/install/learning_pkg_python:/mnt/hgfs/Ubuntu22.04_ros/dev_ws_1/install/learning_parameter:/mnt/hgfs/Ubuntu22.04_ros/dev_ws_1/install/learning_node:/mnt/hgfs/Ubuntu22.04_ros/dev_ws_1/install/learning_launch:/mnt/hgfs/Ubuntu22.04_ros/dev_ws_1/install/learning_action:/mnt/hgfs/Ubuntu22.04_ros/dev_ws_1/install/learning_gazebo_harmonic:/mnt/hgfs/Ubuntu22.04_ros/dev_ws_1/install/learning_gazebo:/mnt/hgfs/Ubuntu22.04_ros/dev_ws_1/install/learning_cv:/opt/ros/humble /usr/bin/cmake --build /home/xiye/ROSChatr/build/chat_interfaces -- -j12 -l12
[2.029s] DEBUG:colcon.colcon_core.event_handler.log_command:Invoking command in '/home/xiye/ROSChatr/build/chat_interfaces': CMAKE_PREFIX_PATH=${CMAKE_PREFIX_PATH}:/home/xiye/ROSChatr/install/roschat_ui:/home/xiye/ROSChatr/install/chat_system:/mnt/hgfs/Ubuntu22.04_ros/dev_ws_1/install/learning_urdf:/mnt/hgfs/Ubuntu22.04_ros/dev_ws_1/install/learning_topic:/mnt/hgfs/Ubuntu22.04_ros/dev_ws_1/install/learning_tf:/mnt/hgfs/Ubuntu22.04_ros/dev_ws_1/install/learning_service:/mnt/hgfs/Ubuntu22.04_ros/dev_ws_1/install/learning_qos:/mnt/hgfs/Ubuntu22.04_ros/dev_ws_1/install/learning_pkg_python:/mnt/hgfs/Ubuntu22.04_ros/dev_ws_1/install/learning_parameter:/mnt/hgfs/Ubuntu22.04_ros/dev_ws_1/install/learning_node:/mnt/hgfs/Ubuntu22.04_ros/dev_ws_1/install/learning_launch:/mnt/hgfs/Ubuntu22.04_ros/dev_ws_1/install/learning_action:/mnt/hgfs/Ubuntu22.04_ros/dev_ws_1/install/learning_gazebo_harmonic:/mnt/hgfs/Ubuntu22.04_ros/dev_ws_1/install/learning_gazebo:/mnt/hgfs/Ubuntu22.04_ros/dev_ws_1/install/learning_cv:/opt/ros/humble /usr/bin/cmake --install /home/xiye/ROSChatr/build/chat_interfaces
[2.140s] Level 1:colcon.colcon_core.environment:create_environment_scripts_only(chat_interfaces)
[2.141s] DEBUG:colcon.colcon_core.event_handler.log_command:Invoked command in '/home/xiye/ROSChatr/build/chat_interfaces' returned '0': CMAKE_PREFIX_PATH=${CMAKE_PREFIX_PATH}:/home/xiye/ROSChatr/install/roschat_ui:/home/xiye/ROSChatr/install/chat_system:/mnt/hgfs/Ubuntu22.04_ros/dev_ws_1/install/learning_urdf:/mnt/hgfs/Ubuntu22.04_ros/dev_ws_1/install/learning_topic:/mnt/hgfs/Ubuntu22.04_ros/dev_ws_1/install/learning_tf:/mnt/hgfs/Ubuntu22.04_ros/dev_ws_1/install/learning_service:/mnt/hgfs/Ubuntu22.04_ros/dev_ws_1/install/learning_qos:/mnt/hgfs/Ubuntu22.04_ros/dev_ws_1/install/learning_pkg_python:/mnt/hgfs/Ubuntu22.04_ros/dev_ws_1/install/learning_parameter:/mnt/hgfs/Ubuntu22.04_ros/dev_ws_1/install/learning_node:/mnt/hgfs/Ubuntu22.04_ros/dev_ws_1/install/learning_launch:/mnt/hgfs/Ubuntu22.04_ros/dev_ws_1/install/learning_action:/mnt/hgfs/Ubuntu22.04_ros/dev_ws_1/install/learning_gazebo_harmonic:/mnt/hgfs/Ubuntu22.04_ros/dev_ws_1/install/learning_gazebo:/mnt/hgfs/Ubuntu22.04_ros/dev_ws_1/install/learning_cv:/opt/ros/humble /usr/bin/cmake --install /home/xiye/ROSChatr/build/chat_interfaces
[2.143s] Level 1:colcon.colcon_core.environment:checking '/home/xiye/ROSChatr/install/chat_interfaces' for CMake module files
[2.144s] Level 1:colcon.colcon_core.environment:checking '/home/xiye/ROSChatr/install/chat_interfaces' for CMake config files
[2.144s] Level 1:colcon.colcon_core.shell:create_environment_hook('chat_interfaces', 'cmake_prefix_path')
[2.144s] INFO:colcon.colcon_core.shell:Creating environment hook '/home/xiye/ROSChatr/install/chat_interfaces/share/chat_interfaces/hook/cmake_prefix_path.ps1'
[2.145s] INFO:colcon.colcon_core.shell:Creating environment descriptor '/home/xiye/ROSChatr/install/chat_interfaces/share/chat_interfaces/hook/cmake_prefix_path.dsv'
[2.146s] INFO:colcon.colcon_core.shell:Creating environment hook '/home/xiye/ROSChatr/install/chat_interfaces/share/chat_interfaces/hook/cmake_prefix_path.sh'
[2.147s] Level 1:colcon.colcon_core.environment:checking '/home/xiye/ROSChatr/install/chat_interfaces/lib'
[2.147s] Level 1:colcon.colcon_core.shell:create_environment_hook('chat_interfaces', 'ld_library_path_lib')
[2.147s] INFO:colcon.colcon_core.shell:Creating environment hook '/home/xiye/ROSChatr/install/chat_interfaces/share/chat_interfaces/hook/ld_library_path_lib.ps1'
[2.148s] INFO:colcon.colcon_core.shell:Creating environment descriptor '/home/xiye/ROSChatr/install/chat_interfaces/share/chat_interfaces/hook/ld_library_path_lib.dsv'
[2.148s] INFO:colcon.colcon_core.shell:Creating environment hook '/home/xiye/ROSChatr/install/chat_interfaces/share/chat_interfaces/hook/ld_library_path_lib.sh'
[2.149s] Level 1:colcon.colcon_core.environment:checking '/home/xiye/ROSChatr/install/chat_interfaces/bin'
[2.149s] Level 1:colcon.colcon_core.environment:checking '/home/xiye/ROSChatr/install/chat_interfaces/lib/pkgconfig/chat_interfaces.pc'
[2.149s] Level 1:colcon.colcon_core.environment:checking '/home/xiye/ROSChatr/install/chat_interfaces/lib/python3.10/site-packages'
[2.149s] Level 1:colcon.colcon_core.environment:checking '/home/xiye/ROSChatr/install/chat_interfaces/bin'
[2.150s] INFO:colcon.colcon_core.shell:Creating package script '/home/xiye/ROSChatr/install/chat_interfaces/share/chat_interfaces/package.ps1'
[2.151s] INFO:colcon.colcon_core.shell:Creating package descriptor '/home/xiye/ROSChatr/install/chat_interfaces/share/chat_interfaces/package.dsv'
[2.152s] INFO:colcon.colcon_core.shell:Creating package script '/home/xiye/ROSChatr/install/chat_interfaces/share/chat_interfaces/package.sh'
[2.152s] INFO:colcon.colcon_core.shell:Creating package script '/home/xiye/ROSChatr/install/chat_interfaces/share/chat_interfaces/package.bash'
[2.153s] INFO:colcon.colcon_core.shell:Creating package script '/home/xiye/ROSChatr/install/chat_interfaces/share/chat_interfaces/package.zsh'
[2.154s] Level 1:colcon.colcon_core.environment:create_file_with_runtime_dependencies(/home/xiye/ROSChatr/install/chat_interfaces/share/colcon-core/packages/chat_interfaces)
[2.155s] Level 1:colcon.colcon_core.environment:create_environment_scripts_only(chat_interfaces)
[2.155s] Level 1:colcon.colcon_core.environment:checking '/home/xiye/ROSChatr/install/chat_interfaces' for CMake module files
[2.156s] Level 1:colcon.colcon_core.environment:checking '/home/xiye/ROSChatr/install/chat_interfaces' for CMake config files
[2.156s] Level 1:colcon.colcon_core.shell:create_environment_hook('chat_interfaces', 'cmake_prefix_path')
[2.156s] INFO:colcon.colcon_core.shell:Creating environment hook '/home/xiye/ROSChatr/install/chat_interfaces/share/chat_interfaces/hook/cmake_prefix_path.ps1'
[2.157s] INFO:colcon.colcon_core.shell:Creating environment descriptor '/home/xiye/ROSChatr/install/chat_interfaces/share/chat_interfaces/hook/cmake_prefix_path.dsv'
[2.157s] INFO:colcon.colcon_core.shell:Creating environment hook '/home/xiye/ROSChatr/install/chat_interfaces/share/chat_interfaces/hook/cmake_prefix_path.sh'
[2.159s] Level 1:colcon.colcon_core.environment:checking '/home/xiye/ROSChatr/install/chat_interfaces/lib'
[2.159s] Level 1:colcon.colcon_core.shell:create_environment_hook('chat_interfaces', 'ld_library_path_lib')
[2.159s] INFO:colcon.colcon_core.shell:Creating environment hook '/home/xiye/ROSChatr/install/chat_interfaces/share/chat_interfaces/hook/ld_library_path_lib.ps1'
[2.160s] INFO:colcon.colcon_core.shell:Creating environment descriptor '/home/xiye/ROSChatr/install/chat_interfaces/share/chat_interfaces/hook/ld_library_path_lib.dsv'
[2.160s] INFO:colcon.colcon_core.shell:Creating environment hook '/home/xiye/ROSChatr/install/chat_interfaces/share/chat_interfaces/hook/ld_library_path_lib.sh'
[2.161s] Level 1:colcon.colcon_core.environment:checking '/home/xiye/ROSChatr/install/chat_interfaces/bin'
[2.161s] Level 1:colcon.colcon_core.environment:checking '/home/xiye/ROSChatr/install/chat_interfaces/lib/pkgconfig/chat_interfaces.pc'
[2.161s] Level 1:colcon.colcon_core.environment:checking '/home/xiye/ROSChatr/install/chat_interfaces/lib/python3.10/site-packages'
[2.162s] Level 1:colcon.colcon_core.environment:checking '/home/xiye/ROSChatr/install/chat_interfaces/bin'
[2.162s] INFO:colcon.colcon_core.shell:Creating package script '/home/xiye/ROSChatr/install/chat_interfaces/share/chat_interfaces/package.ps1'
[2.163s] INFO:colcon.colcon_core.shell:Creating package descriptor '/home/xiye/ROSChatr/install/chat_interfaces/share/chat_interfaces/package.dsv'
[2.164s] INFO:colcon.colcon_core.shell:Creating package script '/home/xiye/ROSChatr/install/chat_interfaces/share/chat_interfaces/package.sh'
[2.164s] INFO:colcon.colcon_core.shell:Creating package script '/home/xiye/ROSChatr/install/chat_interfaces/share/chat_interfaces/package.bash'
[2.165s] INFO:colcon.colcon_core.shell:Creating package script '/home/xiye/ROSChatr/install/chat_interfaces/share/chat_interfaces/package.zsh'
[2.166s] Level 1:colcon.colcon_core.environment:create_file_with_runtime_dependencies(/home/xiye/ROSChatr/install/chat_interfaces/share/colcon-core/packages/chat_interfaces)
[2.166s] INFO:colcon.colcon_ros.task.ament_python.build:Building ROS package in '/home/xiye/ROSChatr/src/chat_system' with build type 'ament_python'
[2.167s] Level 1:colcon.colcon_core.shell:create_environment_hook('chat_system', 'ament_prefix_path')
[2.167s] INFO:colcon.colcon_core.shell:Creating environment hook '/home/xiye/ROSChatr/install/chat_system/share/chat_system/hook/ament_prefix_path.ps1'
[2.168s] INFO:colcon.colcon_core.shell:Creating environment descriptor '/home/xiye/ROSChatr/install/chat_system/share/chat_system/hook/ament_prefix_path.dsv'
[2.169s] INFO:colcon.colcon_core.shell:Creating environment hook '/home/xiye/ROSChatr/install/chat_system/share/chat_system/hook/ament_prefix_path.sh'
[2.170s] INFO:colcon.colcon_core.shell:Skip shell extension 'powershell' for command environment: Not usable outside of PowerShell
[2.170s] DEBUG:colcon.colcon_core.shell:Skip shell extension 'dsv' for command environment
[2.762s] INFO:colcon.colcon_core.task.python.build:Building Python package in '/home/xiye/ROSChatr/src/chat_system'
[2.763s] INFO:colcon.colcon_core.shell:Skip shell extension 'powershell' for command environment: Not usable outside of PowerShell
[2.763s] DEBUG:colcon.colcon_core.shell:Skip shell extension 'dsv' for command environment
[2.815s] Level 1:colcon.colcon_core.environment:checking '/home/xiye/ROSChatr/install/roschat_ui' for CMake module files
[2.816s] Level 1:colcon.colcon_core.environment:checking '/home/xiye/ROSChatr/install/roschat_ui' for CMake config files
[2.816s] DEBUG:colcon.colcon_core.event_handler.log_command:Invoked command in '/home/xiye/ROSChatr/src/roschat_ui' returned '0': PYTHONPATH=/home/xiye/ROSChatr/build/roschat_ui/prefix_override:/usr/lib/python3/dist-packages/colcon_core/task/python/colcon_distutils_commands:/home/xiye/ROSChatr/install/roschat_ui/lib/python3.10/site-packages:${PYTHONPATH} /usr/bin/python3 -W ignore:setup.py install is deprecated -W ignore:easy_install command is deprecated setup.py egg_info --egg-base ../../build/roschat_ui build --build-base /home/xiye/ROSChatr/build/roschat_ui/build install --record /home/xiye/ROSChatr/build/roschat_ui/install.log --single-version-externally-managed install_data
[2.817s] Level 1:colcon.colcon_core.environment:checking '/home/xiye/ROSChatr/install/roschat_ui/lib'
[2.818s] Level 1:colcon.colcon_core.environment:checking '/home/xiye/ROSChatr/install/roschat_ui/bin'
[2.818s] Level 1:colcon.colcon_core.environment:checking '/home/xiye/ROSChatr/install/roschat_ui/lib/pkgconfig/roschat_ui.pc'
[2.818s] Level 1:colcon.colcon_core.environment:checking '/home/xiye/ROSChatr/install/roschat_ui/lib/python3.10/site-packages'
[2.818s] Level 1:colcon.colcon_core.shell:create_environment_hook('roschat_ui', 'pythonpath')
[2.818s] INFO:colcon.colcon_core.shell:Creating environment hook '/home/xiye/ROSChatr/install/roschat_ui/share/roschat_ui/hook/pythonpath.ps1'
[2.819s] INFO:colcon.colcon_core.shell:Creating environment descriptor '/home/xiye/ROSChatr/install/roschat_ui/share/roschat_ui/hook/pythonpath.dsv'
[2.820s] INFO:colcon.colcon_core.shell:Creating environment hook '/home/xiye/ROSChatr/install/roschat_ui/share/roschat_ui/hook/pythonpath.sh'
[2.820s] Level 1:colcon.colcon_core.environment:checking '/home/xiye/ROSChatr/install/roschat_ui/bin'
[2.821s] Level 1:colcon.colcon_core.environment:create_environment_scripts_only(roschat_ui)
[2.821s] INFO:colcon.colcon_core.shell:Creating package script '/home/xiye/ROSChatr/install/roschat_ui/share/roschat_ui/package.ps1'
[2.822s] INFO:colcon.colcon_core.shell:Creating package descriptor '/home/xiye/ROSChatr/install/roschat_ui/share/roschat_ui/package.dsv'
[2.822s] INFO:colcon.colcon_core.shell:Creating package script '/home/xiye/ROSChatr/install/roschat_ui/share/roschat_ui/package.sh'
[2.823s] INFO:colcon.colcon_core.shell:Creating package script '/home/xiye/ROSChatr/install/roschat_ui/share/roschat_ui/package.bash'
[2.824s] INFO:colcon.colcon_core.shell:Creating package script '/home/xiye/ROSChatr/install/roschat_ui/share/roschat_ui/package.zsh'
[2.824s] Level 1:colcon.colcon_core.environment:create_file_with_runtime_dependencies(/home/xiye/ROSChatr/install/roschat_ui/share/colcon-core/packages/roschat_ui)
[3.390s] DEBUG:colcon.colcon_core.event_handler.log_command:Invoking command in '/home/xiye/ROSChatr/src/chat_system': PYTHONPATH=/home/xiye/ROSChatr/build/chat_system/prefix_override:/usr/lib/python3/dist-packages/colcon_core/task/python/colcon_distutils_commands:/home/xiye/ROSChatr/install/chat_system/lib/python3.10/site-packages:${PYTHONPATH} /usr/bin/python3 -W ignore:setup.py install is deprecated -W ignore:easy_install command is deprecated setup.py egg_info --egg-base ../../build/chat_system build --build-base /home/xiye/ROSChatr/build/chat_system/build install --record /home/xiye/ROSChatr/build/chat_system/install.log --single-version-externally-managed install_data
[3.862s] Level 1:colcon.colcon_core.environment:checking '/home/xiye/ROSChatr/install/chat_system' for CMake module files
[3.863s] DEBUG:colcon.colcon_core.event_handler.log_command:Invoked command in '/home/xiye/ROSChatr/src/chat_system' returned '0': PYTHONPATH=/home/xiye/ROSChatr/build/chat_system/prefix_override:/usr/lib/python3/dist-packages/colcon_core/task/python/colcon_distutils_commands:/home/xiye/ROSChatr/install/chat_system/lib/python3.10/site-packages:${PYTHONPATH} /usr/bin/python3 -W ignore:setup.py install is deprecated -W ignore:easy_install command is deprecated setup.py egg_info --egg-base ../../build/chat_system build --build-base /home/xiye/ROSChatr/build/chat_system/build install --record /home/xiye/ROSChatr/build/chat_system/install.log --single-version-externally-managed install_data
[3.863s] Level 1:colcon.colcon_core.environment:checking '/home/xiye/ROSChatr/install/chat_system' for CMake config files
[3.864s] Level 1:colcon.colcon_core.environment:checking '/home/xiye/ROSChatr/install/chat_system/lib'
[3.864s] Level 1:colcon.colcon_core.environment:checking '/home/xiye/ROSChatr/install/chat_system/bin'
[3.864s] Level 1:colcon.colcon_core.environment:checking '/home/xiye/ROSChatr/install/chat_system/lib/pkgconfig/chat_system.pc'
[3.864s] Level 1:colcon.colcon_core.environment:checking '/home/xiye/ROSChatr/install/chat_system/lib/python3.10/site-packages'
[3.864s] Level 1:colcon.colcon_core.shell:create_environment_hook('chat_system', 'pythonpath')
[3.865s] INFO:colcon.colcon_core.shell:Creating environment hook '/home/xiye/ROSChatr/install/chat_system/share/chat_system/hook/pythonpath.ps1'
[3.865s] INFO:colcon.colcon_core.shell:Creating environment descriptor '/home/xiye/ROSChatr/install/chat_system/share/chat_system/hook/pythonpath.dsv'
[3.866s] INFO:colcon.colcon_core.shell:Creating environment hook '/home/xiye/ROSChatr/install/chat_system/share/chat_system/hook/pythonpath.sh'
[3.866s] Level 1:colcon.colcon_core.environment:checking '/home/xiye/ROSChatr/install/chat_system/bin'
[3.866s] Level 1:colcon.colcon_core.environment:create_environment_scripts_only(chat_system)
[3.866s] INFO:colcon.colcon_core.shell:Creating package script '/home/xiye/ROSChatr/install/chat_system/share/chat_system/package.ps1'
[3.867s] INFO:colcon.colcon_core.shell:Creating package descriptor '/home/xiye/ROSChatr/install/chat_system/share/chat_system/package.dsv'
[3.867s] INFO:colcon.colcon_core.shell:Creating package script '/home/xiye/ROSChatr/install/chat_system/share/chat_system/package.sh'
[3.868s] INFO:colcon.colcon_core.shell:Creating package script '/home/xiye/ROSChatr/install/chat_system/share/chat_system/package.bash'
[3.868s] INFO:colcon.colcon_core.shell:Creating package script '/home/xiye/ROSChatr/install/chat_system/share/chat_system/package.zsh'
[3.869s] Level 1:colcon.colcon_core.environment:create_file_with_runtime_dependencies(/home/xiye/ROSChatr/install/chat_system/share/colcon-core/packages/chat_system)
[3.869s] DEBUG:colcon.colcon_parallel_executor.executor.parallel:closing loop
[3.870s] DEBUG:colcon.colcon_parallel_executor.executor.parallel:loop closed
[3.870s] DEBUG:colcon.colcon_parallel_executor.executor.parallel:run_until_complete finished with '0'
[3.870s] DEBUG:colcon.colcon_core.event_reactor:joining thread
[3.876s] INFO:colcon.colcon_core.plugin_system:Skipping extension 'colcon_notification.desktop_notification.terminal_notifier': Not used on non-Darwin systems
[3.876s] INFO:colcon.colcon_core.plugin_system:Skipping extension 'colcon_notification.desktop_notification.win32': Not used on non-Windows systems
[3.876s] INFO:colcon.colcon_notification.desktop_notification:Sending desktop notification using 'notify2'
[3.888s] DEBUG:colcon.colcon_core.event_reactor:joined thread
[3.889s] INFO:colcon.colcon_core.shell:Creating prefix script '/home/xiye/ROSChatr/install/local_setup.ps1'
[3.890s] INFO:colcon.colcon_core.shell:Creating prefix util module '/home/xiye/ROSChatr/install/_local_setup_util_ps1.py'
[3.893s] INFO:colcon.colcon_core.shell:Creating prefix chain script '/home/xiye/ROSChatr/install/setup.ps1'
[3.941s] INFO:colcon.colcon_core.shell:Creating prefix script '/home/xiye/ROSChatr/install/local_setup.sh'
[3.942s] INFO:colcon.colcon_core.shell:Creating prefix util module '/home/xiye/ROSChatr/install/_local_setup_util_sh.py'
[3.943s] INFO:colcon.colcon_core.shell:Creating prefix chain script '/home/xiye/ROSChatr/install/setup.sh'
[3.987s] INFO:colcon.colcon_core.shell:Creating prefix script '/home/xiye/ROSChatr/install/local_setup.bash'
[3.987s] INFO:colcon.colcon_core.shell:Creating prefix chain script '/home/xiye/ROSChatr/install/setup.bash'
[4.031s] INFO:colcon.colcon_core.shell:Creating prefix script '/home/xiye/ROSChatr/install/local_setup.zsh'
[4.032s] INFO:colcon.colcon_core.shell:Creating prefix chain script '/home/xiye/ROSChatr/install/setup.zsh'
