[0.317s] DEBUG:colcon:Command line arguments: ['/usr/bin/colcon', 'build']
[0.317s] DEBUG:colcon:Parsed command line arguments: Namespace(log_base=None, log_level=None, verb_name='build', build_base='build', install_base='install', merge_install=False, symlink_install=False, test_result_base=None, continue_on_error=False, executor='parallel', parallel_workers=2, event_handlers=None, ignore_user_meta=False, metas=['./colcon.meta'], base_paths=['.'], packages_ignore=None, packages_ignore_regex=None, paths=None, packages_up_to=None, packages_up_to_regex=None, packages_above=None, packages_above_and_dependencies=None, packages_above_depth=None, packages_select_by_dep=None, packages_skip_by_dep=None, packages_skip_up_to=None, packages_select_build_failed=False, packages_skip_build_finished=False, packages_select_test_failures=False, packages_skip_test_passed=False, packages_select=None, packages_skip=None, packages_select_regex=None, packages_skip_regex=None, packages_start=None, packages_end=None, allow_overriding=[], cmake_args=None, cmake_target=None, cmake_target_skip_unavailable=False, cmake_clean_cache=False, cmake_clean_first=False, cmake_force_configure=False, ament_cmake_args=None, catkin_cmake_args=None, catkin_skip_building_tests=False, verb_parser=<colcon_defaults.argument_parser.defaults.DefaultArgumentsDecorator object at 0x7807a3f2a500>, verb_extension=<colcon_core.verb.build.BuildVerb object at 0x7807a3f2a0b0>, main=<bound method BuildVerb.main of <colcon_core.verb.build.BuildVerb object at 0x7807a3f2a0b0>>)
[0.690s] Level 1:colcon.colcon_core.package_discovery:discover_packages(colcon_meta) check parameters
[0.690s] Level 1:colcon.colcon_core.package_discovery:discover_packages(recursive) check parameters
[0.690s] Level 1:colcon.colcon_core.package_discovery:discover_packages(ignore) check parameters
[0.690s] Level 1:colcon.colcon_core.package_discovery:discover_packages(path) check parameters
[0.690s] Level 1:colcon.colcon_core.package_discovery:discover_packages(colcon_meta) discover
[0.690s] Level 1:colcon.colcon_core.package_discovery:discover_packages(recursive) discover
[0.690s] INFO:colcon.colcon_core.package_discovery:Crawling recursively for packages in '/home/qyj/chat_ws'
[0.691s] Level 1:colcon.colcon_core.package_identification:_identify(.) by extensions ['ignore', 'ignore_ament_install']
[0.691s] Level 1:colcon.colcon_core.package_identification:_identify(.) by extension 'ignore'
[0.691s] Level 1:colcon.colcon_core.package_identification:_identify(.) by extension 'ignore_ament_install'
[0.691s] Level 1:colcon.colcon_core.package_identification:_identify(.) by extensions ['colcon_pkg']
[0.691s] Level 1:colcon.colcon_core.package_identification:_identify(.) by extension 'colcon_pkg'
[0.691s] Level 1:colcon.colcon_core.package_identification:_identify(.) by extensions ['colcon_meta']
[0.691s] Level 1:colcon.colcon_core.package_identification:_identify(.) by extension 'colcon_meta'
[0.691s] Level 1:colcon.colcon_core.package_identification:_identify(.) by extensions ['ros']
[0.691s] Level 1:colcon.colcon_core.package_identification:_identify(.) by extension 'ros'
[0.711s] Level 1:colcon.colcon_core.package_identification:_identify(.) by extensions ['cmake', 'python']
[0.711s] Level 1:colcon.colcon_core.package_identification:_identify(.) by extension 'cmake'
[0.711s] Level 1:colcon.colcon_core.package_identification:_identify(.) by extension 'python'
[0.711s] Level 1:colcon.colcon_core.package_identification:_identify(.) by extensions ['python_setup_py']
[0.711s] Level 1:colcon.colcon_core.package_identification:_identify(.) by extension 'python_setup_py'
[0.712s] Level 1:colcon.colcon_core.package_identification:_identify(build) by extensions ['ignore', 'ignore_ament_install']
[0.712s] Level 1:colcon.colcon_core.package_identification:_identify(build) by extension 'ignore'
[0.712s] Level 1:colcon.colcon_core.package_identification:_identify(build) ignored
[0.712s] Level 1:colcon.colcon_core.package_identification:_identify(install) by extensions ['ignore', 'ignore_ament_install']
[0.712s] Level 1:colcon.colcon_core.package_identification:_identify(install) by extension 'ignore'
[0.712s] Level 1:colcon.colcon_core.package_identification:_identify(install) ignored
[0.712s] Level 1:colcon.colcon_core.package_identification:_identify(log) by extensions ['ignore', 'ignore_ament_install']
[0.712s] Level 1:colcon.colcon_core.package_identification:_identify(log) by extension 'ignore'
[0.712s] Level 1:colcon.colcon_core.package_identification:_identify(log) ignored
[0.712s] Level 1:colcon.colcon_core.package_identification:_identify(src) by extensions ['ignore', 'ignore_ament_install']
[0.712s] Level 1:colcon.colcon_core.package_identification:_identify(src) by extension 'ignore'
[0.712s] Level 1:colcon.colcon_core.package_identification:_identify(src) by extension 'ignore_ament_install'
[0.712s] Level 1:colcon.colcon_core.package_identification:_identify(src) by extensions ['colcon_pkg']
[0.712s] Level 1:colcon.colcon_core.package_identification:_identify(src) by extension 'colcon_pkg'
[0.713s] Level 1:colcon.colcon_core.package_identification:_identify(src) by extensions ['colcon_meta']
[0.713s] Level 1:colcon.colcon_core.package_identification:_identify(src) by extension 'colcon_meta'
[0.713s] Level 1:colcon.colcon_core.package_identification:_identify(src) by extensions ['ros']
[0.713s] Level 1:colcon.colcon_core.package_identification:_identify(src) by extension 'ros'
[0.713s] Level 1:colcon.colcon_core.package_identification:_identify(src) by extensions ['cmake', 'python']
[0.713s] Level 1:colcon.colcon_core.package_identification:_identify(src) by extension 'cmake'
[0.713s] Level 1:colcon.colcon_core.package_identification:_identify(src) by extension 'python'
[0.713s] Level 1:colcon.colcon_core.package_identification:_identify(src) by extensions ['python_setup_py']
[0.713s] Level 1:colcon.colcon_core.package_identification:_identify(src) by extension 'python_setup_py'
[0.713s] Level 1:colcon.colcon_core.package_identification:_identify(src/chat_interfaces) by extensions ['ignore', 'ignore_ament_install']
[0.713s] Level 1:colcon.colcon_core.package_identification:_identify(src/chat_interfaces) by extension 'ignore'
[0.713s] Level 1:colcon.colcon_core.package_identification:_identify(src/chat_interfaces) by extension 'ignore_ament_install'
[0.713s] Level 1:colcon.colcon_core.package_identification:_identify(src/chat_interfaces) by extensions ['colcon_pkg']
[0.713s] Level 1:colcon.colcon_core.package_identification:_identify(src/chat_interfaces) by extension 'colcon_pkg'
[0.713s] Level 1:colcon.colcon_core.package_identification:_identify(src/chat_interfaces) by extensions ['colcon_meta']
[0.713s] Level 1:colcon.colcon_core.package_identification:_identify(src/chat_interfaces) by extension 'colcon_meta'
[0.713s] Level 1:colcon.colcon_core.package_identification:_identify(src/chat_interfaces) by extensions ['ros']
[0.713s] Level 1:colcon.colcon_core.package_identification:_identify(src/chat_interfaces) by extension 'ros'
[0.717s] DEBUG:colcon.colcon_core.package_identification:Package 'src/chat_interfaces' with type 'ros.ament_cmake' and name 'chat_interfaces'
[0.717s] Level 1:colcon.colcon_core.package_identification:_identify(src/chat_system) by extensions ['ignore', 'ignore_ament_install']
[0.717s] Level 1:colcon.colcon_core.package_identification:_identify(src/chat_system) by extension 'ignore'
[0.717s] Level 1:colcon.colcon_core.package_identification:_identify(src/chat_system) by extension 'ignore_ament_install'
[0.717s] Level 1:colcon.colcon_core.package_identification:_identify(src/chat_system) by extensions ['colcon_pkg']
[0.717s] Level 1:colcon.colcon_core.package_identification:_identify(src/chat_system) by extension 'colcon_pkg'
[0.717s] Level 1:colcon.colcon_core.package_identification:_identify(src/chat_system) by extensions ['colcon_meta']
[0.717s] Level 1:colcon.colcon_core.package_identification:_identify(src/chat_system) by extension 'colcon_meta'
[0.718s] Level 1:colcon.colcon_core.package_identification:_identify(src/chat_system) by extensions ['ros']
[0.718s] Level 1:colcon.colcon_core.package_identification:_identify(src/chat_system) by extension 'ros'
[0.718s] DEBUG:colcon.colcon_core.package_identification:Package 'src/chat_system' with type 'ros.ament_python' and name 'chat_system'
[0.718s] Level 1:colcon.colcon_core.package_discovery:discover_packages(recursive) using defaults
[0.718s] Level 1:colcon.colcon_core.package_discovery:discover_packages(ignore) discover
[0.718s] Level 1:colcon.colcon_core.package_discovery:discover_packages(ignore) using defaults
[0.718s] Level 1:colcon.colcon_core.package_discovery:discover_packages(path) discover
[0.718s] Level 1:colcon.colcon_core.package_discovery:discover_packages(path) using defaults
[0.769s] Level 1:colcon.colcon_core.package_discovery:discover_packages(prefix_path) check parameters
[0.769s] Level 1:colcon.colcon_core.package_discovery:discover_packages(prefix_path) discover
[0.775s] DEBUG:colcon.colcon_installed_package_information.package_discovery:Found 271 installed packages in /opt/ros/humble
[0.777s] Level 1:colcon.colcon_core.package_discovery:discover_packages(prefix_path) using defaults
[0.833s] Level 5:colcon.colcon_core.verb:set package 'chat_interfaces' build argument 'cmake_args' from command line to 'None'
[0.833s] Level 5:colcon.colcon_core.verb:set package 'chat_interfaces' build argument 'cmake_target' from command line to 'None'
[0.833s] Level 5:colcon.colcon_core.verb:set package 'chat_interfaces' build argument 'cmake_target_skip_unavailable' from command line to 'False'
[0.833s] Level 5:colcon.colcon_core.verb:set package 'chat_interfaces' build argument 'cmake_clean_cache' from command line to 'False'
[0.833s] Level 5:colcon.colcon_core.verb:set package 'chat_interfaces' build argument 'cmake_clean_first' from command line to 'False'
[0.834s] Level 5:colcon.colcon_core.verb:set package 'chat_interfaces' build argument 'cmake_force_configure' from command line to 'False'
[0.834s] Level 5:colcon.colcon_core.verb:set package 'chat_interfaces' build argument 'ament_cmake_args' from command line to 'None'
[0.834s] Level 5:colcon.colcon_core.verb:set package 'chat_interfaces' build argument 'catkin_cmake_args' from command line to 'None'
[0.834s] Level 5:colcon.colcon_core.verb:set package 'chat_interfaces' build argument 'catkin_skip_building_tests' from command line to 'False'
[0.834s] DEBUG:colcon.colcon_core.verb:Building package 'chat_interfaces' with the following arguments: {'ament_cmake_args': None, 'build_base': '/home/qyj/chat_ws/build/chat_interfaces', 'catkin_cmake_args': None, 'catkin_skip_building_tests': False, 'cmake_args': None, 'cmake_clean_cache': False, 'cmake_clean_first': False, 'cmake_force_configure': False, 'cmake_target': None, 'cmake_target_skip_unavailable': False, 'install_base': '/home/qyj/chat_ws/install/chat_interfaces', 'merge_install': False, 'path': '/home/qyj/chat_ws/src/chat_interfaces', 'symlink_install': False, 'test_result_base': None}
[0.834s] Level 5:colcon.colcon_core.verb:set package 'chat_system' build argument 'cmake_args' from command line to 'None'
[0.834s] Level 5:colcon.colcon_core.verb:set package 'chat_system' build argument 'cmake_target' from command line to 'None'
[0.835s] Level 5:colcon.colcon_core.verb:set package 'chat_system' build argument 'cmake_target_skip_unavailable' from command line to 'False'
[0.835s] Level 5:colcon.colcon_core.verb:set package 'chat_system' build argument 'cmake_clean_cache' from command line to 'False'
[0.835s] Level 5:colcon.colcon_core.verb:set package 'chat_system' build argument 'cmake_clean_first' from command line to 'False'
[0.835s] Level 5:colcon.colcon_core.verb:set package 'chat_system' build argument 'cmake_force_configure' from command line to 'False'
[0.835s] Level 5:colcon.colcon_core.verb:set package 'chat_system' build argument 'ament_cmake_args' from command line to 'None'
[0.835s] Level 5:colcon.colcon_core.verb:set package 'chat_system' build argument 'catkin_cmake_args' from command line to 'None'
[0.835s] Level 5:colcon.colcon_core.verb:set package 'chat_system' build argument 'catkin_skip_building_tests' from command line to 'False'
[0.835s] DEBUG:colcon.colcon_core.verb:Building package 'chat_system' with the following arguments: {'ament_cmake_args': None, 'build_base': '/home/qyj/chat_ws/build/chat_system', 'catkin_cmake_args': None, 'catkin_skip_building_tests': False, 'cmake_args': None, 'cmake_clean_cache': False, 'cmake_clean_first': False, 'cmake_force_configure': False, 'cmake_target': None, 'cmake_target_skip_unavailable': False, 'install_base': '/home/qyj/chat_ws/install/chat_system', 'merge_install': False, 'path': '/home/qyj/chat_ws/src/chat_system', 'symlink_install': False, 'test_result_base': None}
[0.835s] INFO:colcon.colcon_core.executor:Executing jobs using 'parallel' executor
[0.837s] DEBUG:colcon.colcon_parallel_executor.executor.parallel:run_until_complete
[0.838s] INFO:colcon.colcon_ros.task.ament_cmake.build:Building ROS package in '/home/qyj/chat_ws/src/chat_interfaces' with build type 'ament_cmake'
[0.838s] INFO:colcon.colcon_cmake.task.cmake.build:Building CMake package in '/home/qyj/chat_ws/src/chat_interfaces'
[0.843s] INFO:colcon.colcon_core.plugin_system:Skipping extension 'colcon_core.shell.bat': Not used on non-Windows systems
[0.843s] INFO:colcon.colcon_core.shell:Skip shell extension 'powershell' for command environment: Not usable outside of PowerShell
[0.843s] DEBUG:colcon.colcon_core.shell:Skip shell extension 'dsv' for command environment
[0.851s] DEBUG:colcon.colcon_core.event_handler.log_command:Invoking command in '/home/qyj/chat_ws/build/chat_interfaces': CMAKE_PREFIX_PATH=/opt/ros/humble /usr/bin/cmake /home/qyj/chat_ws/src/chat_interfaces -DCMAKE_INSTALL_PREFIX=/home/qyj/chat_ws/install/chat_interfaces
[3.165s] DEBUG:colcon.colcon_core.event_handler.log_command:Invoked command in '/home/qyj/chat_ws/build/chat_interfaces' returned '0': CMAKE_PREFIX_PATH=/opt/ros/humble /usr/bin/cmake /home/qyj/chat_ws/src/chat_interfaces -DCMAKE_INSTALL_PREFIX=/home/qyj/chat_ws/install/chat_interfaces
[3.165s] DEBUG:colcon.colcon_core.event_handler.log_command:Invoking command in '/home/qyj/chat_ws/build/chat_interfaces': CMAKE_PREFIX_PATH=/opt/ros/humble /usr/bin/cmake --build /home/qyj/chat_ws/build/chat_interfaces -- -j2 -l2
[24.845s] DEBUG:colcon.colcon_core.event_handler.log_command:Invoked command in '/home/qyj/chat_ws/build/chat_interfaces' returned '0': CMAKE_PREFIX_PATH=/opt/ros/humble /usr/bin/cmake --build /home/qyj/chat_ws/build/chat_interfaces -- -j2 -l2
[24.859s] DEBUG:colcon.colcon_core.event_handler.log_command:Invoking command in '/home/qyj/chat_ws/build/chat_interfaces': CMAKE_PREFIX_PATH=/opt/ros/humble /usr/bin/cmake --install /home/qyj/chat_ws/build/chat_interfaces
[25.054s] Level 1:colcon.colcon_core.environment:create_environment_scripts_only(chat_interfaces)
[25.056s] DEBUG:colcon.colcon_core.event_handler.log_command:Invoked command in '/home/qyj/chat_ws/build/chat_interfaces' returned '0': CMAKE_PREFIX_PATH=/opt/ros/humble /usr/bin/cmake --install /home/qyj/chat_ws/build/chat_interfaces
[25.062s] Level 1:colcon.colcon_core.environment:checking '/home/qyj/chat_ws/install/chat_interfaces' for CMake module files
[25.063s] Level 1:colcon.colcon_core.environment:checking '/home/qyj/chat_ws/install/chat_interfaces' for CMake config files
[25.065s] Level 1:colcon.colcon_core.shell:create_environment_hook('chat_interfaces', 'cmake_prefix_path')
[25.066s] INFO:colcon.colcon_core.shell:Creating environment hook '/home/qyj/chat_ws/install/chat_interfaces/share/chat_interfaces/hook/cmake_prefix_path.ps1'
[25.071s] INFO:colcon.colcon_core.shell:Creating environment descriptor '/home/qyj/chat_ws/install/chat_interfaces/share/chat_interfaces/hook/cmake_prefix_path.dsv'
[25.072s] INFO:colcon.colcon_core.shell:Creating environment hook '/home/qyj/chat_ws/install/chat_interfaces/share/chat_interfaces/hook/cmake_prefix_path.sh'
[25.075s] Level 1:colcon.colcon_core.environment:checking '/home/qyj/chat_ws/install/chat_interfaces/lib'
[25.075s] Level 1:colcon.colcon_core.shell:create_environment_hook('chat_interfaces', 'ld_library_path_lib')
[25.076s] INFO:colcon.colcon_core.shell:Creating environment hook '/home/qyj/chat_ws/install/chat_interfaces/share/chat_interfaces/hook/ld_library_path_lib.ps1'
[25.076s] INFO:colcon.colcon_core.shell:Creating environment descriptor '/home/qyj/chat_ws/install/chat_interfaces/share/chat_interfaces/hook/ld_library_path_lib.dsv'
[25.080s] INFO:colcon.colcon_core.shell:Creating environment hook '/home/qyj/chat_ws/install/chat_interfaces/share/chat_interfaces/hook/ld_library_path_lib.sh'
[25.084s] Level 1:colcon.colcon_core.environment:checking '/home/qyj/chat_ws/install/chat_interfaces/bin'
[25.085s] Level 1:colcon.colcon_core.environment:checking '/home/qyj/chat_ws/install/chat_interfaces/lib/pkgconfig/chat_interfaces.pc'
[25.086s] Level 1:colcon.colcon_core.environment:checking '/home/qyj/chat_ws/install/chat_interfaces/lib/python3.10/site-packages'
[25.087s] Level 1:colcon.colcon_core.environment:checking '/home/qyj/chat_ws/install/chat_interfaces/bin'
[25.088s] INFO:colcon.colcon_core.shell:Creating package script '/home/qyj/chat_ws/install/chat_interfaces/share/chat_interfaces/package.ps1'
[25.090s] INFO:colcon.colcon_core.shell:Creating package descriptor '/home/qyj/chat_ws/install/chat_interfaces/share/chat_interfaces/package.dsv'
[25.093s] INFO:colcon.colcon_core.shell:Creating package script '/home/qyj/chat_ws/install/chat_interfaces/share/chat_interfaces/package.sh'
[25.095s] INFO:colcon.colcon_core.shell:Creating package script '/home/qyj/chat_ws/install/chat_interfaces/share/chat_interfaces/package.bash'
[25.097s] INFO:colcon.colcon_core.shell:Creating package script '/home/qyj/chat_ws/install/chat_interfaces/share/chat_interfaces/package.zsh'
[25.102s] Level 1:colcon.colcon_core.environment:create_file_with_runtime_dependencies(/home/qyj/chat_ws/install/chat_interfaces/share/colcon-core/packages/chat_interfaces)
[25.103s] Level 1:colcon.colcon_core.environment:create_environment_scripts_only(chat_interfaces)
[25.105s] Level 1:colcon.colcon_core.environment:checking '/home/qyj/chat_ws/install/chat_interfaces' for CMake module files
[25.107s] Level 1:colcon.colcon_core.environment:checking '/home/qyj/chat_ws/install/chat_interfaces' for CMake config files
[25.111s] Level 1:colcon.colcon_core.shell:create_environment_hook('chat_interfaces', 'cmake_prefix_path')
[25.113s] INFO:colcon.colcon_core.shell:Creating environment hook '/home/qyj/chat_ws/install/chat_interfaces/share/chat_interfaces/hook/cmake_prefix_path.ps1'
[25.114s] INFO:colcon.colcon_core.shell:Creating environment descriptor '/home/qyj/chat_ws/install/chat_interfaces/share/chat_interfaces/hook/cmake_prefix_path.dsv'
[25.116s] INFO:colcon.colcon_core.shell:Creating environment hook '/home/qyj/chat_ws/install/chat_interfaces/share/chat_interfaces/hook/cmake_prefix_path.sh'
[25.119s] Level 1:colcon.colcon_core.environment:checking '/home/qyj/chat_ws/install/chat_interfaces/lib'
[25.119s] Level 1:colcon.colcon_core.shell:create_environment_hook('chat_interfaces', 'ld_library_path_lib')
[25.119s] INFO:colcon.colcon_core.shell:Creating environment hook '/home/qyj/chat_ws/install/chat_interfaces/share/chat_interfaces/hook/ld_library_path_lib.ps1'
[25.120s] INFO:colcon.colcon_core.shell:Creating environment descriptor '/home/qyj/chat_ws/install/chat_interfaces/share/chat_interfaces/hook/ld_library_path_lib.dsv'
[25.121s] INFO:colcon.colcon_core.shell:Creating environment hook '/home/qyj/chat_ws/install/chat_interfaces/share/chat_interfaces/hook/ld_library_path_lib.sh'
[25.122s] Level 1:colcon.colcon_core.environment:checking '/home/qyj/chat_ws/install/chat_interfaces/bin'
[25.122s] Level 1:colcon.colcon_core.environment:checking '/home/qyj/chat_ws/install/chat_interfaces/lib/pkgconfig/chat_interfaces.pc'
[25.122s] Level 1:colcon.colcon_core.environment:checking '/home/qyj/chat_ws/install/chat_interfaces/lib/python3.10/site-packages'
[25.122s] Level 1:colcon.colcon_core.environment:checking '/home/qyj/chat_ws/install/chat_interfaces/bin'
[25.123s] INFO:colcon.colcon_core.shell:Creating package script '/home/qyj/chat_ws/install/chat_interfaces/share/chat_interfaces/package.ps1'
[25.124s] INFO:colcon.colcon_core.shell:Creating package descriptor '/home/qyj/chat_ws/install/chat_interfaces/share/chat_interfaces/package.dsv'
[25.124s] INFO:colcon.colcon_core.shell:Creating package script '/home/qyj/chat_ws/install/chat_interfaces/share/chat_interfaces/package.sh'
[25.126s] INFO:colcon.colcon_core.shell:Creating package script '/home/qyj/chat_ws/install/chat_interfaces/share/chat_interfaces/package.bash'
[25.126s] INFO:colcon.colcon_core.shell:Creating package script '/home/qyj/chat_ws/install/chat_interfaces/share/chat_interfaces/package.zsh'
[25.127s] Level 1:colcon.colcon_core.environment:create_file_with_runtime_dependencies(/home/qyj/chat_ws/install/chat_interfaces/share/colcon-core/packages/chat_interfaces)
[25.132s] INFO:colcon.colcon_ros.task.ament_python.build:Building ROS package in '/home/qyj/chat_ws/src/chat_system' with build type 'ament_python'
[25.133s] Level 1:colcon.colcon_core.shell:create_environment_hook('chat_system', 'ament_prefix_path')
[25.134s] INFO:colcon.colcon_core.shell:Creating environment hook '/home/qyj/chat_ws/install/chat_system/share/chat_system/hook/ament_prefix_path.ps1'
[25.137s] INFO:colcon.colcon_core.shell:Creating environment descriptor '/home/qyj/chat_ws/install/chat_system/share/chat_system/hook/ament_prefix_path.dsv'
[25.139s] INFO:colcon.colcon_core.shell:Creating environment hook '/home/qyj/chat_ws/install/chat_system/share/chat_system/hook/ament_prefix_path.sh'
[25.142s] INFO:colcon.colcon_core.shell:Skip shell extension 'powershell' for command environment: Not usable outside of PowerShell
[25.143s] DEBUG:colcon.colcon_core.shell:Skip shell extension 'dsv' for command environment
[25.788s] INFO:colcon.colcon_core.task.python.build:Building Python package in '/home/qyj/chat_ws/src/chat_system'
[25.789s] INFO:colcon.colcon_core.shell:Skip shell extension 'powershell' for command environment: Not usable outside of PowerShell
[25.789s] DEBUG:colcon.colcon_core.shell:Skip shell extension 'dsv' for command environment
[26.599s] DEBUG:colcon.colcon_core.event_handler.log_command:Invoking command in '/home/qyj/chat_ws/src/chat_system': AMENT_PREFIX_PATH=/home/qyj/chat_ws/install/chat_interfaces:${AMENT_PREFIX_PATH} CMAKE_PREFIX_PATH=/home/qyj/chat_ws/install/chat_interfaces LD_LIBRARY_PATH=/home/qyj/chat_ws/install/chat_interfaces/lib:${LD_LIBRARY_PATH} PYTHONPATH=/home/qyj/chat_ws/build/chat_system/prefix_override:/usr/lib/python3/dist-packages/colcon_core/task/python/colcon_distutils_commands:/home/qyj/chat_ws/install/chat_system/lib/python3.10/site-packages:/home/qyj/chat_ws/install/chat_interfaces/local/lib/python3.10/dist-packages:${PYTHONPATH} /usr/bin/python3 -W ignore:setup.py install is deprecated -W ignore:easy_install command is deprecated setup.py egg_info --egg-base ../../build/chat_system build --build-base /home/qyj/chat_ws/build/chat_system/build install --record /home/qyj/chat_ws/build/chat_system/install.log --single-version-externally-managed install_data
[27.358s] Level 1:colcon.colcon_core.environment:checking '/home/qyj/chat_ws/install/chat_system' for CMake module files
[27.358s] Level 1:colcon.colcon_core.environment:checking '/home/qyj/chat_ws/install/chat_system' for CMake config files
[27.359s] Level 1:colcon.colcon_core.environment:checking '/home/qyj/chat_ws/install/chat_system/lib'
[27.359s] Level 1:colcon.colcon_core.environment:checking '/home/qyj/chat_ws/install/chat_system/bin'
[27.359s] Level 1:colcon.colcon_core.environment:checking '/home/qyj/chat_ws/install/chat_system/lib/pkgconfig/chat_system.pc'
[27.359s] Level 1:colcon.colcon_core.environment:checking '/home/qyj/chat_ws/install/chat_system/lib/python3.10/site-packages'
[27.359s] Level 1:colcon.colcon_core.shell:create_environment_hook('chat_system', 'pythonpath')
[27.360s] INFO:colcon.colcon_core.shell:Creating environment hook '/home/qyj/chat_ws/install/chat_system/share/chat_system/hook/pythonpath.ps1'
[27.361s] DEBUG:colcon.colcon_core.event_handler.log_command:Invoked command in '/home/qyj/chat_ws/src/chat_system' returned '0': AMENT_PREFIX_PATH=/home/qyj/chat_ws/install/chat_interfaces:${AMENT_PREFIX_PATH} CMAKE_PREFIX_PATH=/home/qyj/chat_ws/install/chat_interfaces LD_LIBRARY_PATH=/home/qyj/chat_ws/install/chat_interfaces/lib:${LD_LIBRARY_PATH} PYTHONPATH=/home/qyj/chat_ws/build/chat_system/prefix_override:/usr/lib/python3/dist-packages/colcon_core/task/python/colcon_distutils_commands:/home/qyj/chat_ws/install/chat_system/lib/python3.10/site-packages:/home/qyj/chat_ws/install/chat_interfaces/local/lib/python3.10/dist-packages:${PYTHONPATH} /usr/bin/python3 -W ignore:setup.py install is deprecated -W ignore:easy_install command is deprecated setup.py egg_info --egg-base ../../build/chat_system build --build-base /home/qyj/chat_ws/build/chat_system/build install --record /home/qyj/chat_ws/build/chat_system/install.log --single-version-externally-managed install_data
[27.365s] INFO:colcon.colcon_core.shell:Creating environment descriptor '/home/qyj/chat_ws/install/chat_system/share/chat_system/hook/pythonpath.dsv'
[27.367s] INFO:colcon.colcon_core.shell:Creating environment hook '/home/qyj/chat_ws/install/chat_system/share/chat_system/hook/pythonpath.sh'
[27.368s] Level 1:colcon.colcon_core.environment:checking '/home/qyj/chat_ws/install/chat_system/bin'
[27.369s] Level 1:colcon.colcon_core.environment:create_environment_scripts_only(chat_system)
[27.370s] INFO:colcon.colcon_core.shell:Creating package script '/home/qyj/chat_ws/install/chat_system/share/chat_system/package.ps1'
[27.373s] INFO:colcon.colcon_core.shell:Creating package descriptor '/home/qyj/chat_ws/install/chat_system/share/chat_system/package.dsv'
[27.374s] INFO:colcon.colcon_core.shell:Creating package script '/home/qyj/chat_ws/install/chat_system/share/chat_system/package.sh'
[27.375s] INFO:colcon.colcon_core.shell:Creating package script '/home/qyj/chat_ws/install/chat_system/share/chat_system/package.bash'
[27.376s] INFO:colcon.colcon_core.shell:Creating package script '/home/qyj/chat_ws/install/chat_system/share/chat_system/package.zsh'
[27.376s] Level 1:colcon.colcon_core.environment:create_file_with_runtime_dependencies(/home/qyj/chat_ws/install/chat_system/share/colcon-core/packages/chat_system)
[27.377s] DEBUG:colcon.colcon_parallel_executor.executor.parallel:closing loop
[27.378s] DEBUG:colcon.colcon_parallel_executor.executor.parallel:loop closed
[27.378s] DEBUG:colcon.colcon_parallel_executor.executor.parallel:run_until_complete finished with '0'
[27.378s] DEBUG:colcon.colcon_core.event_reactor:joining thread
[27.390s] INFO:colcon.colcon_core.plugin_system:Skipping extension 'colcon_notification.desktop_notification.terminal_notifier': Not used on non-Darwin systems
[27.391s] INFO:colcon.colcon_core.plugin_system:Skipping extension 'colcon_notification.desktop_notification.win32': Not used on non-Windows systems
[27.391s] INFO:colcon.colcon_notification.desktop_notification:Sending desktop notification using 'notify2'
[27.492s] DEBUG:colcon.colcon_core.event_reactor:joined thread
[27.492s] INFO:colcon.colcon_core.shell:Creating prefix script '/home/qyj/chat_ws/install/local_setup.ps1'
[27.497s] INFO:colcon.colcon_core.shell:Creating prefix util module '/home/qyj/chat_ws/install/_local_setup_util_ps1.py'
[27.503s] INFO:colcon.colcon_core.shell:Creating prefix chain script '/home/qyj/chat_ws/install/setup.ps1'
[27.506s] INFO:colcon.colcon_core.shell:Creating prefix script '/home/qyj/chat_ws/install/local_setup.sh'
[27.508s] INFO:colcon.colcon_core.shell:Creating prefix util module '/home/qyj/chat_ws/install/_local_setup_util_sh.py'
[27.509s] INFO:colcon.colcon_core.shell:Creating prefix chain script '/home/qyj/chat_ws/install/setup.sh'
[27.511s] INFO:colcon.colcon_core.shell:Creating prefix script '/home/qyj/chat_ws/install/local_setup.bash'
[27.512s] INFO:colcon.colcon_core.shell:Creating prefix chain script '/home/qyj/chat_ws/install/setup.bash'
[27.517s] INFO:colcon.colcon_core.shell:Creating prefix script '/home/qyj/chat_ws/install/local_setup.zsh'
[27.518s] INFO:colcon.colcon_core.shell:Creating prefix chain script '/home/qyj/chat_ws/install/setup.zsh'
