[0.119s] Invoking command in '/home/xiye/ROSChatr/build/chat_interfaces': CMAKE_PREFIX_PATH=${CMAKE_PREFIX_PATH}:/home/xiye/ROSChatr/install/roschat_ui:/home/xiye/ROSChatr/install/chat_system:/mnt/hgfs/Ubuntu22.04_ros/dev_ws_1/install/learning_urdf:/mnt/hgfs/Ubuntu22.04_ros/dev_ws_1/install/learning_topic:/mnt/hgfs/Ubuntu22.04_ros/dev_ws_1/install/learning_tf:/mnt/hgfs/Ubuntu22.04_ros/dev_ws_1/install/learning_service:/mnt/hgfs/Ubuntu22.04_ros/dev_ws_1/install/learning_qos:/mnt/hgfs/Ubuntu22.04_ros/dev_ws_1/install/learning_pkg_python:/mnt/hgfs/Ubuntu22.04_ros/dev_ws_1/install/learning_parameter:/mnt/hgfs/Ubuntu22.04_ros/dev_ws_1/install/learning_node:/mnt/hgfs/Ubuntu22.04_ros/dev_ws_1/install/learning_launch:/mnt/hgfs/Ubuntu22.04_ros/dev_ws_1/install/learning_action:/mnt/hgfs/Ubuntu22.04_ros/dev_ws_1/install/learning_gazebo_harmonic:/mnt/hgfs/Ubuntu22.04_ros/dev_ws_1/install/learning_gazebo:/mnt/hgfs/Ubuntu22.04_ros/dev_ws_1/install/learning_cv:/opt/ros/humble /usr/bin/cmake --build /home/xiye/ROSChatr/build/chat_interfaces -- -j12 -l12
[0.371s] [  2%] Built target chat_interfaces__cpp
[0.373s] [ 12%] Built target chat_interfaces__rosidl_generator_c
[0.508s] [ 12%] Built target ament_cmake_python_copy_chat_interfaces
[0.688s] [ 23%] Built target chat_interfaces__rosidl_typesupport_fastrtps_cpp
[0.740s] [ 33%] Built target chat_interfaces__rosidl_typesupport_cpp
[0.759s] [ 43%] Built target chat_interfaces__rosidl_typesupport_fastrtps_c
[0.794s] [ 53%] Built target chat_interfaces__rosidl_typesupport_c
[0.801s] [ 64%] Built target chat_interfaces__rosidl_typesupport_introspection_c
[0.805s] [ 74%] Built target chat_interfaces__rosidl_typesupport_introspection_cpp
[0.879s] [ 74%] Built target chat_interfaces
[1.011s] [ 76%] Built target chat_interfaces__py
[1.176s] [ 84%] Built target chat_interfaces__rosidl_generator_py
[1.275s] running egg_info
[1.276s] writing chat_interfaces.egg-info/PKG-INFO
[1.276s] writing dependency_links to chat_interfaces.egg-info/dependency_links.txt
[1.276s] writing top-level names to chat_interfaces.egg-info/top_level.txt
[1.279s] reading manifest file 'chat_interfaces.egg-info/SOURCES.txt'
[1.280s] writing manifest file 'chat_interfaces.egg-info/SOURCES.txt'
[1.319s] [ 89%] Built target chat_interfaces__rosidl_typesupport_introspection_c__pyext
[1.335s] [ 94%] Built target chat_interfaces__rosidl_typesupport_c__pyext
[1.338s] [100%] Built target chat_interfaces__rosidl_typesupport_fastrtps_c__pyext
[1.348s] [100%] Built target ament_cmake_python_build_chat_interfaces_egg
[1.371s] Invoked command in '/home/xiye/ROSChatr/build/chat_interfaces' returned '0': CMAKE_PREFIX_PATH=${CMAKE_PREFIX_PATH}:/home/xiye/ROSChatr/install/roschat_ui:/home/xiye/ROSChatr/install/chat_system:/mnt/hgfs/Ubuntu22.04_ros/dev_ws_1/install/learning_urdf:/mnt/hgfs/Ubuntu22.04_ros/dev_ws_1/install/learning_topic:/mnt/hgfs/Ubuntu22.04_ros/dev_ws_1/install/learning_tf:/mnt/hgfs/Ubuntu22.04_ros/dev_ws_1/install/learning_service:/mnt/hgfs/Ubuntu22.04_ros/dev_ws_1/install/learning_qos:/mnt/hgfs/Ubuntu22.04_ros/dev_ws_1/install/learning_pkg_python:/mnt/hgfs/Ubuntu22.04_ros/dev_ws_1/install/learning_parameter:/mnt/hgfs/Ubuntu22.04_ros/dev_ws_1/install/learning_node:/mnt/hgfs/Ubuntu22.04_ros/dev_ws_1/install/learning_launch:/mnt/hgfs/Ubuntu22.04_ros/dev_ws_1/install/learning_action:/mnt/hgfs/Ubuntu22.04_ros/dev_ws_1/install/learning_gazebo_harmonic:/mnt/hgfs/Ubuntu22.04_ros/dev_ws_1/install/learning_gazebo:/mnt/hgfs/Ubuntu22.04_ros/dev_ws_1/install/learning_cv:/opt/ros/humble /usr/bin/cmake --build /home/xiye/ROSChatr/build/chat_interfaces -- -j12 -l12
[1.396s] Invoking command in '/home/xiye/ROSChatr/build/chat_interfaces': CMAKE_PREFIX_PATH=${CMAKE_PREFIX_PATH}:/home/xiye/ROSChatr/install/roschat_ui:/home/xiye/ROSChatr/install/chat_system:/mnt/hgfs/Ubuntu22.04_ros/dev_ws_1/install/learning_urdf:/mnt/hgfs/Ubuntu22.04_ros/dev_ws_1/install/learning_topic:/mnt/hgfs/Ubuntu22.04_ros/dev_ws_1/install/learning_tf:/mnt/hgfs/Ubuntu22.04_ros/dev_ws_1/install/learning_service:/mnt/hgfs/Ubuntu22.04_ros/dev_ws_1/install/learning_qos:/mnt/hgfs/Ubuntu22.04_ros/dev_ws_1/install/learning_pkg_python:/mnt/hgfs/Ubuntu22.04_ros/dev_ws_1/install/learning_parameter:/mnt/hgfs/Ubuntu22.04_ros/dev_ws_1/install/learning_node:/mnt/hgfs/Ubuntu22.04_ros/dev_ws_1/install/learning_launch:/mnt/hgfs/Ubuntu22.04_ros/dev_ws_1/install/learning_action:/mnt/hgfs/Ubuntu22.04_ros/dev_ws_1/install/learning_gazebo_harmonic:/mnt/hgfs/Ubuntu22.04_ros/dev_ws_1/install/learning_gazebo:/mnt/hgfs/Ubuntu22.04_ros/dev_ws_1/install/learning_cv:/opt/ros/humble /usr/bin/cmake --install /home/xiye/ROSChatr/build/chat_interfaces
[1.415s] -- Install configuration: ""
[1.415s] -- Up-to-date: /home/xiye/ROSChatr/install/chat_interfaces/share/ament_index/resource_index/rosidl_interfaces/chat_interfaces
[1.415s] -- Up-to-date: /home/xiye/ROSChatr/install/chat_interfaces/include/chat_interfaces/chat_interfaces
[1.415s] -- Up-to-date: /home/xiye/ROSChatr/install/chat_interfaces/include/chat_interfaces/chat_interfaces/srv
[1.416s] -- Up-to-date: /home/xiye/ROSChatr/install/chat_interfaces/include/chat_interfaces/chat_interfaces/srv/detail
[1.416s] -- Up-to-date: /home/xiye/ROSChatr/install/chat_interfaces/include/chat_interfaces/chat_interfaces/srv/detail/send_message__functions.h
[1.416s] -- Up-to-date: /home/xiye/ROSChatr/install/chat_interfaces/include/chat_interfaces/chat_interfaces/srv/detail/send_message__type_support.h
[1.416s] -- Up-to-date: /home/xiye/ROSChatr/install/chat_interfaces/include/chat_interfaces/chat_interfaces/srv/detail/send_message__struct.h
[1.416s] -- Up-to-date: /home/xiye/ROSChatr/install/chat_interfaces/include/chat_interfaces/chat_interfaces/srv/detail/send_message__functions.c
[1.416s] -- Up-to-date: /home/xiye/ROSChatr/install/chat_interfaces/include/chat_interfaces/chat_interfaces/srv/send_message.h
[1.416s] -- Up-to-date: /home/xiye/ROSChatr/install/chat_interfaces/include/chat_interfaces/chat_interfaces/msg
[1.416s] -- Up-to-date: /home/xiye/ROSChatr/install/chat_interfaces/include/chat_interfaces/chat_interfaces/msg/rosidl_generator_c__visibility_control.h
[1.417s] -- Up-to-date: /home/xiye/ROSChatr/install/chat_interfaces/include/chat_interfaces/chat_interfaces/msg/chat_message.h
[1.417s] -- Up-to-date: /home/xiye/ROSChatr/install/chat_interfaces/include/chat_interfaces/chat_interfaces/msg/detail
[1.417s] -- Up-to-date: /home/xiye/ROSChatr/install/chat_interfaces/include/chat_interfaces/chat_interfaces/msg/detail/chat_message__struct.h
[1.417s] -- Up-to-date: /home/xiye/ROSChatr/install/chat_interfaces/include/chat_interfaces/chat_interfaces/msg/detail/chat_message__functions.c
[1.417s] -- Up-to-date: /home/xiye/ROSChatr/install/chat_interfaces/include/chat_interfaces/chat_interfaces/msg/detail/chat_message__functions.h
[1.417s] -- Up-to-date: /home/xiye/ROSChatr/install/chat_interfaces/include/chat_interfaces/chat_interfaces/msg/detail/chat_message__type_support.h
[1.417s] -- Up-to-date: /home/xiye/ROSChatr/install/chat_interfaces/share/chat_interfaces/environment/library_path.sh
[1.417s] -- Up-to-date: /home/xiye/ROSChatr/install/chat_interfaces/share/chat_interfaces/environment/library_path.dsv
[1.417s] -- Up-to-date: /home/xiye/ROSChatr/install/chat_interfaces/lib/libchat_interfaces__rosidl_generator_c.so
[1.418s] -- Up-to-date: /home/xiye/ROSChatr/install/chat_interfaces/include/chat_interfaces/chat_interfaces
[1.418s] -- Up-to-date: /home/xiye/ROSChatr/install/chat_interfaces/include/chat_interfaces/chat_interfaces/srv
[1.418s] -- Up-to-date: /home/xiye/ROSChatr/install/chat_interfaces/include/chat_interfaces/chat_interfaces/srv/detail
[1.418s] -- Up-to-date: /home/xiye/ROSChatr/install/chat_interfaces/include/chat_interfaces/chat_interfaces/srv/detail/send_message__rosidl_typesupport_fastrtps_c.h
[1.418s] -- Up-to-date: /home/xiye/ROSChatr/install/chat_interfaces/include/chat_interfaces/chat_interfaces/msg
[1.418s] -- Up-to-date: /home/xiye/ROSChatr/install/chat_interfaces/include/chat_interfaces/chat_interfaces/msg/rosidl_typesupport_fastrtps_c__visibility_control.h
[1.418s] -- Up-to-date: /home/xiye/ROSChatr/install/chat_interfaces/include/chat_interfaces/chat_interfaces/msg/detail
[1.418s] -- Up-to-date: /home/xiye/ROSChatr/install/chat_interfaces/include/chat_interfaces/chat_interfaces/msg/detail/chat_message__rosidl_typesupport_fastrtps_c.h
[1.418s] -- Up-to-date: /home/xiye/ROSChatr/install/chat_interfaces/lib/libchat_interfaces__rosidl_typesupport_fastrtps_c.so
[1.418s] -- Up-to-date: /home/xiye/ROSChatr/install/chat_interfaces/include/chat_interfaces/chat_interfaces
[1.418s] -- Up-to-date: /home/xiye/ROSChatr/install/chat_interfaces/include/chat_interfaces/chat_interfaces/srv
[1.418s] -- Up-to-date: /home/xiye/ROSChatr/install/chat_interfaces/include/chat_interfaces/chat_interfaces/srv/detail
[1.419s] -- Up-to-date: /home/xiye/ROSChatr/install/chat_interfaces/include/chat_interfaces/chat_interfaces/srv/detail/send_message__rosidl_typesupport_introspection_c.h
[1.419s] -- Up-to-date: /home/xiye/ROSChatr/install/chat_interfaces/include/chat_interfaces/chat_interfaces/srv/detail/send_message__type_support.c
[1.419s] -- Up-to-date: /home/xiye/ROSChatr/install/chat_interfaces/include/chat_interfaces/chat_interfaces/msg
[1.419s] -- Up-to-date: /home/xiye/ROSChatr/install/chat_interfaces/include/chat_interfaces/chat_interfaces/msg/detail
[1.419s] -- Up-to-date: /home/xiye/ROSChatr/install/chat_interfaces/include/chat_interfaces/chat_interfaces/msg/detail/chat_message__rosidl_typesupport_introspection_c.h
[1.419s] -- Up-to-date: /home/xiye/ROSChatr/install/chat_interfaces/include/chat_interfaces/chat_interfaces/msg/detail/chat_message__type_support.c
[1.419s] -- Up-to-date: /home/xiye/ROSChatr/install/chat_interfaces/include/chat_interfaces/chat_interfaces/msg/rosidl_typesupport_introspection_c__visibility_control.h
[1.419s] -- Up-to-date: /home/xiye/ROSChatr/install/chat_interfaces/lib/libchat_interfaces__rosidl_typesupport_introspection_c.so
[1.419s] -- Up-to-date: /home/xiye/ROSChatr/install/chat_interfaces/lib/libchat_interfaces__rosidl_typesupport_c.so
[1.420s] -- Up-to-date: /home/xiye/ROSChatr/install/chat_interfaces/include/chat_interfaces/chat_interfaces
[1.420s] -- Up-to-date: /home/xiye/ROSChatr/install/chat_interfaces/include/chat_interfaces/chat_interfaces/srv
[1.420s] -- Up-to-date: /home/xiye/ROSChatr/install/chat_interfaces/include/chat_interfaces/chat_interfaces/srv/send_message.hpp
[1.420s] -- Up-to-date: /home/xiye/ROSChatr/install/chat_interfaces/include/chat_interfaces/chat_interfaces/srv/detail
[1.420s] -- Up-to-date: /home/xiye/ROSChatr/install/chat_interfaces/include/chat_interfaces/chat_interfaces/srv/detail/send_message__builder.hpp
[1.420s] -- Up-to-date: /home/xiye/ROSChatr/install/chat_interfaces/include/chat_interfaces/chat_interfaces/srv/detail/send_message__struct.hpp
[1.420s] -- Up-to-date: /home/xiye/ROSChatr/install/chat_interfaces/include/chat_interfaces/chat_interfaces/srv/detail/send_message__type_support.hpp
[1.421s] -- Up-to-date: /home/xiye/ROSChatr/install/chat_interfaces/include/chat_interfaces/chat_interfaces/srv/detail/send_message__traits.hpp
[1.421s] -- Up-to-date: /home/xiye/ROSChatr/install/chat_interfaces/include/chat_interfaces/chat_interfaces/msg
[1.421s] -- Up-to-date: /home/xiye/ROSChatr/install/chat_interfaces/include/chat_interfaces/chat_interfaces/msg/rosidl_generator_cpp__visibility_control.hpp
[1.421s] -- Up-to-date: /home/xiye/ROSChatr/install/chat_interfaces/include/chat_interfaces/chat_interfaces/msg/detail
[1.421s] -- Up-to-date: /home/xiye/ROSChatr/install/chat_interfaces/include/chat_interfaces/chat_interfaces/msg/detail/chat_message__struct.hpp
[1.421s] -- Up-to-date: /home/xiye/ROSChatr/install/chat_interfaces/include/chat_interfaces/chat_interfaces/msg/detail/chat_message__traits.hpp
[1.421s] -- Up-to-date: /home/xiye/ROSChatr/install/chat_interfaces/include/chat_interfaces/chat_interfaces/msg/detail/chat_message__builder.hpp
[1.421s] -- Up-to-date: /home/xiye/ROSChatr/install/chat_interfaces/include/chat_interfaces/chat_interfaces/msg/detail/chat_message__type_support.hpp
[1.422s] -- Up-to-date: /home/xiye/ROSChatr/install/chat_interfaces/include/chat_interfaces/chat_interfaces/msg/chat_message.hpp
[1.422s] -- Up-to-date: /home/xiye/ROSChatr/install/chat_interfaces/include/chat_interfaces/chat_interfaces
[1.422s] -- Up-to-date: /home/xiye/ROSChatr/install/chat_interfaces/include/chat_interfaces/chat_interfaces/srv
[1.422s] -- Up-to-date: /home/xiye/ROSChatr/install/chat_interfaces/include/chat_interfaces/chat_interfaces/srv/detail
[1.422s] -- Up-to-date: /home/xiye/ROSChatr/install/chat_interfaces/include/chat_interfaces/chat_interfaces/srv/detail/send_message__rosidl_typesupport_fastrtps_cpp.hpp
[1.422s] -- Up-to-date: /home/xiye/ROSChatr/install/chat_interfaces/include/chat_interfaces/chat_interfaces/srv/detail/dds_fastrtps
[1.422s] -- Up-to-date: /home/xiye/ROSChatr/install/chat_interfaces/include/chat_interfaces/chat_interfaces/msg
[1.423s] -- Up-to-date: /home/xiye/ROSChatr/install/chat_interfaces/include/chat_interfaces/chat_interfaces/msg/rosidl_typesupport_fastrtps_cpp__visibility_control.h
[1.423s] -- Up-to-date: /home/xiye/ROSChatr/install/chat_interfaces/include/chat_interfaces/chat_interfaces/msg/detail
[1.423s] -- Up-to-date: /home/xiye/ROSChatr/install/chat_interfaces/include/chat_interfaces/chat_interfaces/msg/detail/chat_message__rosidl_typesupport_fastrtps_cpp.hpp
[1.423s] -- Up-to-date: /home/xiye/ROSChatr/install/chat_interfaces/include/chat_interfaces/chat_interfaces/msg/detail/dds_fastrtps
[1.423s] -- Up-to-date: /home/xiye/ROSChatr/install/chat_interfaces/lib/libchat_interfaces__rosidl_typesupport_fastrtps_cpp.so
[1.423s] -- Up-to-date: /home/xiye/ROSChatr/install/chat_interfaces/include/chat_interfaces/chat_interfaces
[1.423s] -- Up-to-date: /home/xiye/ROSChatr/install/chat_interfaces/include/chat_interfaces/chat_interfaces/srv
[1.423s] -- Up-to-date: /home/xiye/ROSChatr/install/chat_interfaces/include/chat_interfaces/chat_interfaces/srv/detail
[1.423s] -- Up-to-date: /home/xiye/ROSChatr/install/chat_interfaces/include/chat_interfaces/chat_interfaces/srv/detail/send_message__type_support.cpp
[1.423s] -- Up-to-date: /home/xiye/ROSChatr/install/chat_interfaces/include/chat_interfaces/chat_interfaces/srv/detail/send_message__rosidl_typesupport_introspection_cpp.hpp
[1.423s] -- Up-to-date: /home/xiye/ROSChatr/install/chat_interfaces/include/chat_interfaces/chat_interfaces/msg
[1.423s] -- Up-to-date: /home/xiye/ROSChatr/install/chat_interfaces/include/chat_interfaces/chat_interfaces/msg/detail
[1.424s] -- Up-to-date: /home/xiye/ROSChatr/install/chat_interfaces/include/chat_interfaces/chat_interfaces/msg/detail/chat_message__type_support.cpp
[1.424s] -- Up-to-date: /home/xiye/ROSChatr/install/chat_interfaces/include/chat_interfaces/chat_interfaces/msg/detail/chat_message__rosidl_typesupport_introspection_cpp.hpp
[1.424s] -- Up-to-date: /home/xiye/ROSChatr/install/chat_interfaces/lib/libchat_interfaces__rosidl_typesupport_introspection_cpp.so
[1.424s] -- Up-to-date: /home/xiye/ROSChatr/install/chat_interfaces/lib/libchat_interfaces__rosidl_typesupport_cpp.so
[1.424s] -- Up-to-date: /home/xiye/ROSChatr/install/chat_interfaces/share/chat_interfaces/environment/pythonpath.sh
[1.424s] -- Up-to-date: /home/xiye/ROSChatr/install/chat_interfaces/share/chat_interfaces/environment/pythonpath.dsv
[1.424s] -- Up-to-date: /home/xiye/ROSChatr/install/chat_interfaces/local/lib/python3.10/dist-packages/chat_interfaces-0.0.0-py3.10.egg-info
[1.424s] -- Installing: /home/xiye/ROSChatr/install/chat_interfaces/local/lib/python3.10/dist-packages/chat_interfaces-0.0.0-py3.10.egg-info/SOURCES.txt
[1.424s] -- Installing: /home/xiye/ROSChatr/install/chat_interfaces/local/lib/python3.10/dist-packages/chat_interfaces-0.0.0-py3.10.egg-info/dependency_links.txt
[1.424s] -- Installing: /home/xiye/ROSChatr/install/chat_interfaces/local/lib/python3.10/dist-packages/chat_interfaces-0.0.0-py3.10.egg-info/top_level.txt
[1.424s] -- Installing: /home/xiye/ROSChatr/install/chat_interfaces/local/lib/python3.10/dist-packages/chat_interfaces-0.0.0-py3.10.egg-info/PKG-INFO
[1.425s] -- Up-to-date: /home/xiye/ROSChatr/install/chat_interfaces/local/lib/python3.10/dist-packages/chat_interfaces
[1.425s] -- Up-to-date: /home/xiye/ROSChatr/install/chat_interfaces/local/lib/python3.10/dist-packages/chat_interfaces/chat_interfaces_s__rosidl_typesupport_c.cpython-310-x86_64-linux-gnu.so
[1.425s] -- Up-to-date: /home/xiye/ROSChatr/install/chat_interfaces/local/lib/python3.10/dist-packages/chat_interfaces/srv
[1.425s] -- Up-to-date: /home/xiye/ROSChatr/install/chat_interfaces/local/lib/python3.10/dist-packages/chat_interfaces/srv/_send_message_s.c
[1.425s] -- Up-to-date: /home/xiye/ROSChatr/install/chat_interfaces/local/lib/python3.10/dist-packages/chat_interfaces/srv/_send_message.py
[1.425s] -- Up-to-date: /home/xiye/ROSChatr/install/chat_interfaces/local/lib/python3.10/dist-packages/chat_interfaces/srv/__init__.py
[1.425s] -- Up-to-date: /home/xiye/ROSChatr/install/chat_interfaces/local/lib/python3.10/dist-packages/chat_interfaces/chat_interfaces_s__rosidl_typesupport_introspection_c.cpython-310-x86_64-linux-gnu.so
[1.425s] -- Up-to-date: /home/xiye/ROSChatr/install/chat_interfaces/local/lib/python3.10/dist-packages/chat_interfaces/msg
[1.425s] -- Up-to-date: /home/xiye/ROSChatr/install/chat_interfaces/local/lib/python3.10/dist-packages/chat_interfaces/msg/_chat_message_s.c
[1.425s] -- Up-to-date: /home/xiye/ROSChatr/install/chat_interfaces/local/lib/python3.10/dist-packages/chat_interfaces/msg/_chat_message.py
[1.425s] -- Up-to-date: /home/xiye/ROSChatr/install/chat_interfaces/local/lib/python3.10/dist-packages/chat_interfaces/msg/__init__.py
[1.425s] -- Up-to-date: /home/xiye/ROSChatr/install/chat_interfaces/local/lib/python3.10/dist-packages/chat_interfaces/_chat_interfaces_s.ep.rosidl_typesupport_introspection_c.c
[1.425s] -- Up-to-date: /home/xiye/ROSChatr/install/chat_interfaces/local/lib/python3.10/dist-packages/chat_interfaces/libchat_interfaces__rosidl_generator_py.so
[1.426s] -- Up-to-date: /home/xiye/ROSChatr/install/chat_interfaces/local/lib/python3.10/dist-packages/chat_interfaces/chat_interfaces_s__rosidl_typesupport_fastrtps_c.cpython-310-x86_64-linux-gnu.so
[1.426s] -- Up-to-date: /home/xiye/ROSChatr/install/chat_interfaces/local/lib/python3.10/dist-packages/chat_interfaces/_chat_interfaces_s.ep.rosidl_typesupport_fastrtps_c.c
[1.426s] -- Up-to-date: /home/xiye/ROSChatr/install/chat_interfaces/local/lib/python3.10/dist-packages/chat_interfaces/_chat_interfaces_s.ep.rosidl_typesupport_c.c
[1.426s] -- Up-to-date: /home/xiye/ROSChatr/install/chat_interfaces/local/lib/python3.10/dist-packages/chat_interfaces/__init__.py
[1.495s] Listing '/home/xiye/ROSChatr/install/chat_interfaces/local/lib/python3.10/dist-packages/chat_interfaces'...
[1.496s] Listing '/home/xiye/ROSChatr/install/chat_interfaces/local/lib/python3.10/dist-packages/chat_interfaces/msg'...
[1.496s] Listing '/home/xiye/ROSChatr/install/chat_interfaces/local/lib/python3.10/dist-packages/chat_interfaces/srv'...
[1.500s] -- Up-to-date: /home/xiye/ROSChatr/install/chat_interfaces/local/lib/python3.10/dist-packages/chat_interfaces/chat_interfaces_s__rosidl_typesupport_fastrtps_c.cpython-310-x86_64-linux-gnu.so
[1.500s] -- Up-to-date: /home/xiye/ROSChatr/install/chat_interfaces/local/lib/python3.10/dist-packages/chat_interfaces/chat_interfaces_s__rosidl_typesupport_introspection_c.cpython-310-x86_64-linux-gnu.so
[1.500s] -- Up-to-date: /home/xiye/ROSChatr/install/chat_interfaces/local/lib/python3.10/dist-packages/chat_interfaces/chat_interfaces_s__rosidl_typesupport_c.cpython-310-x86_64-linux-gnu.so
[1.500s] -- Up-to-date: /home/xiye/ROSChatr/install/chat_interfaces/lib/libchat_interfaces__rosidl_generator_py.so
[1.501s] -- Up-to-date: /home/xiye/ROSChatr/install/chat_interfaces/share/chat_interfaces/msg/ChatMessage.idl
[1.501s] -- Up-to-date: /home/xiye/ROSChatr/install/chat_interfaces/share/chat_interfaces/srv/SendMessage.idl
[1.501s] -- Up-to-date: /home/xiye/ROSChatr/install/chat_interfaces/share/chat_interfaces/msg/ChatMessage.msg
[1.501s] -- Up-to-date: /home/xiye/ROSChatr/install/chat_interfaces/share/chat_interfaces/srv/SendMessage.srv
[1.501s] -- Up-to-date: /home/xiye/ROSChatr/install/chat_interfaces/share/chat_interfaces/srv/SendMessage_Request.msg
[1.501s] -- Up-to-date: /home/xiye/ROSChatr/install/chat_interfaces/share/chat_interfaces/srv/SendMessage_Response.msg
[1.501s] -- Up-to-date: /home/xiye/ROSChatr/install/chat_interfaces/share/ament_index/resource_index/package_run_dependencies/chat_interfaces
[1.501s] -- Up-to-date: /home/xiye/ROSChatr/install/chat_interfaces/share/ament_index/resource_index/parent_prefix_path/chat_interfaces
[1.501s] -- Up-to-date: /home/xiye/ROSChatr/install/chat_interfaces/share/chat_interfaces/environment/ament_prefix_path.sh
[1.501s] -- Up-to-date: /home/xiye/ROSChatr/install/chat_interfaces/share/chat_interfaces/environment/ament_prefix_path.dsv
[1.501s] -- Up-to-date: /home/xiye/ROSChatr/install/chat_interfaces/share/chat_interfaces/environment/path.sh
[1.502s] -- Up-to-date: /home/xiye/ROSChatr/install/chat_interfaces/share/chat_interfaces/environment/path.dsv
[1.502s] -- Up-to-date: /home/xiye/ROSChatr/install/chat_interfaces/share/chat_interfaces/local_setup.bash
[1.502s] -- Up-to-date: /home/xiye/ROSChatr/install/chat_interfaces/share/chat_interfaces/local_setup.sh
[1.502s] -- Up-to-date: /home/xiye/ROSChatr/install/chat_interfaces/share/chat_interfaces/local_setup.zsh
[1.502s] -- Up-to-date: /home/xiye/ROSChatr/install/chat_interfaces/share/chat_interfaces/local_setup.dsv
[1.502s] -- Installing: /home/xiye/ROSChatr/install/chat_interfaces/share/chat_interfaces/package.dsv
[1.502s] -- Up-to-date: /home/xiye/ROSChatr/install/chat_interfaces/share/ament_index/resource_index/packages/chat_interfaces
[1.503s] -- Up-to-date: /home/xiye/ROSChatr/install/chat_interfaces/share/chat_interfaces/cmake/export_chat_interfaces__rosidl_generator_cExport.cmake
[1.503s] -- Up-to-date: /home/xiye/ROSChatr/install/chat_interfaces/share/chat_interfaces/cmake/export_chat_interfaces__rosidl_generator_cExport-noconfig.cmake
[1.503s] -- Up-to-date: /home/xiye/ROSChatr/install/chat_interfaces/share/chat_interfaces/cmake/export_chat_interfaces__rosidl_typesupport_fastrtps_cExport.cmake
[1.503s] -- Up-to-date: /home/xiye/ROSChatr/install/chat_interfaces/share/chat_interfaces/cmake/export_chat_interfaces__rosidl_typesupport_fastrtps_cExport-noconfig.cmake
[1.503s] -- Up-to-date: /home/xiye/ROSChatr/install/chat_interfaces/share/chat_interfaces/cmake/chat_interfaces__rosidl_typesupport_introspection_cExport.cmake
[1.503s] -- Up-to-date: /home/xiye/ROSChatr/install/chat_interfaces/share/chat_interfaces/cmake/chat_interfaces__rosidl_typesupport_introspection_cExport-noconfig.cmake
[1.503s] -- Up-to-date: /home/xiye/ROSChatr/install/chat_interfaces/share/chat_interfaces/cmake/chat_interfaces__rosidl_typesupport_cExport.cmake
[1.503s] -- Up-to-date: /home/xiye/ROSChatr/install/chat_interfaces/share/chat_interfaces/cmake/chat_interfaces__rosidl_typesupport_cExport-noconfig.cmake
[1.503s] -- Up-to-date: /home/xiye/ROSChatr/install/chat_interfaces/share/chat_interfaces/cmake/export_chat_interfaces__rosidl_generator_cppExport.cmake
[1.503s] -- Up-to-date: /home/xiye/ROSChatr/install/chat_interfaces/share/chat_interfaces/cmake/export_chat_interfaces__rosidl_typesupport_fastrtps_cppExport.cmake
[1.504s] -- Up-to-date: /home/xiye/ROSChatr/install/chat_interfaces/share/chat_interfaces/cmake/export_chat_interfaces__rosidl_typesupport_fastrtps_cppExport-noconfig.cmake
[1.504s] -- Up-to-date: /home/xiye/ROSChatr/install/chat_interfaces/share/chat_interfaces/cmake/chat_interfaces__rosidl_typesupport_introspection_cppExport.cmake
[1.504s] -- Up-to-date: /home/xiye/ROSChatr/install/chat_interfaces/share/chat_interfaces/cmake/chat_interfaces__rosidl_typesupport_introspection_cppExport-noconfig.cmake
[1.504s] -- Up-to-date: /home/xiye/ROSChatr/install/chat_interfaces/share/chat_interfaces/cmake/chat_interfaces__rosidl_typesupport_cppExport.cmake
[1.504s] -- Up-to-date: /home/xiye/ROSChatr/install/chat_interfaces/share/chat_interfaces/cmake/chat_interfaces__rosidl_typesupport_cppExport-noconfig.cmake
[1.504s] -- Up-to-date: /home/xiye/ROSChatr/install/chat_interfaces/share/chat_interfaces/cmake/export_chat_interfaces__rosidl_generator_pyExport.cmake
[1.504s] -- Up-to-date: /home/xiye/ROSChatr/install/chat_interfaces/share/chat_interfaces/cmake/export_chat_interfaces__rosidl_generator_pyExport-noconfig.cmake
[1.504s] -- Up-to-date: /home/xiye/ROSChatr/install/chat_interfaces/share/chat_interfaces/cmake/rosidl_cmake-extras.cmake
[1.504s] -- Up-to-date: /home/xiye/ROSChatr/install/chat_interfaces/share/chat_interfaces/cmake/ament_cmake_export_include_directories-extras.cmake
[1.504s] -- Up-to-date: /home/xiye/ROSChatr/install/chat_interfaces/share/chat_interfaces/cmake/ament_cmake_export_libraries-extras.cmake
[1.504s] -- Up-to-date: /home/xiye/ROSChatr/install/chat_interfaces/share/chat_interfaces/cmake/ament_cmake_export_targets-extras.cmake
[1.504s] -- Up-to-date: /home/xiye/ROSChatr/install/chat_interfaces/share/chat_interfaces/cmake/rosidl_cmake_export_typesupport_targets-extras.cmake
[1.505s] -- Up-to-date: /home/xiye/ROSChatr/install/chat_interfaces/share/chat_interfaces/cmake/ament_cmake_export_dependencies-extras.cmake
[1.505s] -- Up-to-date: /home/xiye/ROSChatr/install/chat_interfaces/share/chat_interfaces/cmake/rosidl_cmake_export_typesupport_libraries-extras.cmake
[1.505s] -- Up-to-date: /home/xiye/ROSChatr/install/chat_interfaces/share/chat_interfaces/cmake/chat_interfacesConfig.cmake
[1.505s] -- Up-to-date: /home/xiye/ROSChatr/install/chat_interfaces/share/chat_interfaces/cmake/chat_interfacesConfig-version.cmake
[1.505s] -- Up-to-date: /home/xiye/ROSChatr/install/chat_interfaces/share/chat_interfaces/package.xml
[1.507s] Invoked command in '/home/xiye/ROSChatr/build/chat_interfaces' returned '0': CMAKE_PREFIX_PATH=${CMAKE_PREFIX_PATH}:/home/xiye/ROSChatr/install/roschat_ui:/home/xiye/ROSChatr/install/chat_system:/mnt/hgfs/Ubuntu22.04_ros/dev_ws_1/install/learning_urdf:/mnt/hgfs/Ubuntu22.04_ros/dev_ws_1/install/learning_topic:/mnt/hgfs/Ubuntu22.04_ros/dev_ws_1/install/learning_tf:/mnt/hgfs/Ubuntu22.04_ros/dev_ws_1/install/learning_service:/mnt/hgfs/Ubuntu22.04_ros/dev_ws_1/install/learning_qos:/mnt/hgfs/Ubuntu22.04_ros/dev_ws_1/install/learning_pkg_python:/mnt/hgfs/Ubuntu22.04_ros/dev_ws_1/install/learning_parameter:/mnt/hgfs/Ubuntu22.04_ros/dev_ws_1/install/learning_node:/mnt/hgfs/Ubuntu22.04_ros/dev_ws_1/install/learning_launch:/mnt/hgfs/Ubuntu22.04_ros/dev_ws_1/install/learning_action:/mnt/hgfs/Ubuntu22.04_ros/dev_ws_1/install/learning_gazebo_harmonic:/mnt/hgfs/Ubuntu22.04_ros/dev_ws_1/install/learning_gazebo:/mnt/hgfs/Ubuntu22.04_ros/dev_ws_1/install/learning_cv:/opt/ros/humble /usr/bin/cmake --install /home/xiye/ROSChatr/build/chat_interfaces
