[0.128s] Invoking command in '/home/xiye/ROSChatr/build/chat_interfaces': CMAKE_PREFIX_PATH=${CMAKE_PREFIX_PATH}:/home/xiye/ROSChatr/install/roschat_ui:/home/xiye/ROSChatr/install/chat_system:/mnt/hgfs/Ubuntu22.04_ros/dev_ws_1/install/learning_urdf:/mnt/hgfs/Ubuntu22.04_ros/dev_ws_1/install/learning_topic:/mnt/hgfs/Ubuntu22.04_ros/dev_ws_1/install/learning_tf:/mnt/hgfs/Ubuntu22.04_ros/dev_ws_1/install/learning_service:/mnt/hgfs/Ubuntu22.04_ros/dev_ws_1/install/learning_qos:/mnt/hgfs/Ubuntu22.04_ros/dev_ws_1/install/learning_pkg_python:/mnt/hgfs/Ubuntu22.04_ros/dev_ws_1/install/learning_parameter:/mnt/hgfs/Ubuntu22.04_ros/dev_ws_1/install/learning_node:/mnt/hgfs/Ubuntu22.04_ros/dev_ws_1/install/learning_launch:/mnt/hgfs/Ubuntu22.04_ros/dev_ws_1/install/learning_action:/mnt/hgfs/Ubuntu22.04_ros/dev_ws_1/install/learning_gazebo_harmonic:/mnt/hgfs/Ubuntu22.04_ros/dev_ws_1/install/learning_gazebo:/mnt/hgfs/Ubuntu22.04_ros/dev_ws_1/install/learning_cv:/opt/ros/humble /usr/bin/cmake --build /home/xiye/ROSChatr/build/chat_interfaces -- -j12 -l12
[0.393s] [  2%] Built target chat_interfaces__cpp
[0.404s] [ 12%] Built target chat_interfaces__rosidl_generator_c
[0.565s] [ 12%] Built target ament_cmake_python_copy_chat_interfaces
[0.710s] [ 23%] Built target chat_interfaces__rosidl_typesupport_cpp
[0.790s] [ 33%] Built target chat_interfaces__rosidl_typesupport_introspection_c
[0.798s] [ 43%] Built target chat_interfaces__rosidl_typesupport_introspection_cpp
[0.808s] [ 53%] Built target chat_interfaces__rosidl_typesupport_fastrtps_cpp
[0.814s] [ 64%] Built target chat_interfaces__rosidl_typesupport_fastrtps_c
[0.826s] [ 74%] Built target chat_interfaces__rosidl_typesupport_c
[0.892s] [ 74%] Built target chat_interfaces
[1.046s] [ 76%] Built target chat_interfaces__py
[1.186s] [ 84%] Built target chat_interfaces__rosidl_generator_py
[1.288s] running egg_info
[1.289s] writing chat_interfaces.egg-info/PKG-INFO
[1.289s] writing dependency_links to chat_interfaces.egg-info/dependency_links.txt
[1.289s] writing top-level names to chat_interfaces.egg-info/top_level.txt
[1.292s] reading manifest file 'chat_interfaces.egg-info/SOURCES.txt'
[1.292s] writing manifest file 'chat_interfaces.egg-info/SOURCES.txt'
[1.350s] [ 89%] Built target chat_interfaces__rosidl_typesupport_fastrtps_c__pyext
[1.354s] [ 94%] Built target chat_interfaces__rosidl_typesupport_c__pyext
[1.356s] [100%] Built target chat_interfaces__rosidl_typesupport_introspection_c__pyext
[1.364s] [100%] Built target ament_cmake_python_build_chat_interfaces_egg
[1.390s] Invoked command in '/home/xiye/ROSChatr/build/chat_interfaces' returned '0': CMAKE_PREFIX_PATH=${CMAKE_PREFIX_PATH}:/home/xiye/ROSChatr/install/roschat_ui:/home/xiye/ROSChatr/install/chat_system:/mnt/hgfs/Ubuntu22.04_ros/dev_ws_1/install/learning_urdf:/mnt/hgfs/Ubuntu22.04_ros/dev_ws_1/install/learning_topic:/mnt/hgfs/Ubuntu22.04_ros/dev_ws_1/install/learning_tf:/mnt/hgfs/Ubuntu22.04_ros/dev_ws_1/install/learning_service:/mnt/hgfs/Ubuntu22.04_ros/dev_ws_1/install/learning_qos:/mnt/hgfs/Ubuntu22.04_ros/dev_ws_1/install/learning_pkg_python:/mnt/hgfs/Ubuntu22.04_ros/dev_ws_1/install/learning_parameter:/mnt/hgfs/Ubuntu22.04_ros/dev_ws_1/install/learning_node:/mnt/hgfs/Ubuntu22.04_ros/dev_ws_1/install/learning_launch:/mnt/hgfs/Ubuntu22.04_ros/dev_ws_1/install/learning_action:/mnt/hgfs/Ubuntu22.04_ros/dev_ws_1/install/learning_gazebo_harmonic:/mnt/hgfs/Ubuntu22.04_ros/dev_ws_1/install/learning_gazebo:/mnt/hgfs/Ubuntu22.04_ros/dev_ws_1/install/learning_cv:/opt/ros/humble /usr/bin/cmake --build /home/xiye/ROSChatr/build/chat_interfaces -- -j12 -l12
[1.411s] Invoking command in '/home/xiye/ROSChatr/build/chat_interfaces': CMAKE_PREFIX_PATH=${CMAKE_PREFIX_PATH}:/home/xiye/ROSChatr/install/roschat_ui:/home/xiye/ROSChatr/install/chat_system:/mnt/hgfs/Ubuntu22.04_ros/dev_ws_1/install/learning_urdf:/mnt/hgfs/Ubuntu22.04_ros/dev_ws_1/install/learning_topic:/mnt/hgfs/Ubuntu22.04_ros/dev_ws_1/install/learning_tf:/mnt/hgfs/Ubuntu22.04_ros/dev_ws_1/install/learning_service:/mnt/hgfs/Ubuntu22.04_ros/dev_ws_1/install/learning_qos:/mnt/hgfs/Ubuntu22.04_ros/dev_ws_1/install/learning_pkg_python:/mnt/hgfs/Ubuntu22.04_ros/dev_ws_1/install/learning_parameter:/mnt/hgfs/Ubuntu22.04_ros/dev_ws_1/install/learning_node:/mnt/hgfs/Ubuntu22.04_ros/dev_ws_1/install/learning_launch:/mnt/hgfs/Ubuntu22.04_ros/dev_ws_1/install/learning_action:/mnt/hgfs/Ubuntu22.04_ros/dev_ws_1/install/learning_gazebo_harmonic:/mnt/hgfs/Ubuntu22.04_ros/dev_ws_1/install/learning_gazebo:/mnt/hgfs/Ubuntu22.04_ros/dev_ws_1/install/learning_cv:/opt/ros/humble /usr/bin/cmake --install /home/xiye/ROSChatr/build/chat_interfaces
[1.444s] -- Install configuration: ""
[1.444s] -- Up-to-date: /home/xiye/ROSChatr/install/chat_interfaces/share/ament_index/resource_index/rosidl_interfaces/chat_interfaces
[1.444s] -- Up-to-date: /home/xiye/ROSChatr/install/chat_interfaces/include/chat_interfaces/chat_interfaces
[1.445s] -- Up-to-date: /home/xiye/ROSChatr/install/chat_interfaces/include/chat_interfaces/chat_interfaces/srv
[1.445s] -- Up-to-date: /home/xiye/ROSChatr/install/chat_interfaces/include/chat_interfaces/chat_interfaces/srv/detail
[1.445s] -- Up-to-date: /home/xiye/ROSChatr/install/chat_interfaces/include/chat_interfaces/chat_interfaces/srv/detail/send_message__functions.h
[1.445s] -- Up-to-date: /home/xiye/ROSChatr/install/chat_interfaces/include/chat_interfaces/chat_interfaces/srv/detail/send_message__type_support.h
[1.445s] -- Up-to-date: /home/xiye/ROSChatr/install/chat_interfaces/include/chat_interfaces/chat_interfaces/srv/detail/send_message__struct.h
[1.445s] -- Up-to-date: /home/xiye/ROSChatr/install/chat_interfaces/include/chat_interfaces/chat_interfaces/srv/detail/send_message__functions.c
[1.445s] -- Up-to-date: /home/xiye/ROSChatr/install/chat_interfaces/include/chat_interfaces/chat_interfaces/srv/send_message.h
[1.446s] -- Up-to-date: /home/xiye/ROSChatr/install/chat_interfaces/include/chat_interfaces/chat_interfaces/msg
[1.446s] -- Up-to-date: /home/xiye/ROSChatr/install/chat_interfaces/include/chat_interfaces/chat_interfaces/msg/rosidl_generator_c__visibility_control.h
[1.446s] -- Up-to-date: /home/xiye/ROSChatr/install/chat_interfaces/include/chat_interfaces/chat_interfaces/msg/chat_message.h
[1.446s] -- Up-to-date: /home/xiye/ROSChatr/install/chat_interfaces/include/chat_interfaces/chat_interfaces/msg/detail
[1.446s] -- Up-to-date: /home/xiye/ROSChatr/install/chat_interfaces/include/chat_interfaces/chat_interfaces/msg/detail/chat_message__struct.h
[1.446s] -- Up-to-date: /home/xiye/ROSChatr/install/chat_interfaces/include/chat_interfaces/chat_interfaces/msg/detail/chat_message__functions.c
[1.446s] -- Up-to-date: /home/xiye/ROSChatr/install/chat_interfaces/include/chat_interfaces/chat_interfaces/msg/detail/chat_message__functions.h
[1.446s] -- Up-to-date: /home/xiye/ROSChatr/install/chat_interfaces/include/chat_interfaces/chat_interfaces/msg/detail/chat_message__type_support.h
[1.446s] -- Up-to-date: /home/xiye/ROSChatr/install/chat_interfaces/share/chat_interfaces/environment/library_path.sh
[1.446s] -- Up-to-date: /home/xiye/ROSChatr/install/chat_interfaces/share/chat_interfaces/environment/library_path.dsv
[1.446s] -- Up-to-date: /home/xiye/ROSChatr/install/chat_interfaces/lib/libchat_interfaces__rosidl_generator_c.so
[1.446s] -- Up-to-date: /home/xiye/ROSChatr/install/chat_interfaces/include/chat_interfaces/chat_interfaces
[1.446s] -- Up-to-date: /home/xiye/ROSChatr/install/chat_interfaces/include/chat_interfaces/chat_interfaces/srv
[1.446s] -- Up-to-date: /home/xiye/ROSChatr/install/chat_interfaces/include/chat_interfaces/chat_interfaces/srv/detail
[1.447s] -- Up-to-date: /home/xiye/ROSChatr/install/chat_interfaces/include/chat_interfaces/chat_interfaces/srv/detail/send_message__rosidl_typesupport_fastrtps_c.h
[1.447s] -- Up-to-date: /home/xiye/ROSChatr/install/chat_interfaces/include/chat_interfaces/chat_interfaces/msg
[1.447s] -- Up-to-date: /home/xiye/ROSChatr/install/chat_interfaces/include/chat_interfaces/chat_interfaces/msg/rosidl_typesupport_fastrtps_c__visibility_control.h
[1.447s] -- Up-to-date: /home/xiye/ROSChatr/install/chat_interfaces/include/chat_interfaces/chat_interfaces/msg/detail
[1.447s] -- Up-to-date: /home/xiye/ROSChatr/install/chat_interfaces/include/chat_interfaces/chat_interfaces/msg/detail/chat_message__rosidl_typesupport_fastrtps_c.h
[1.447s] -- Up-to-date: /home/xiye/ROSChatr/install/chat_interfaces/lib/libchat_interfaces__rosidl_typesupport_fastrtps_c.so
[1.447s] -- Up-to-date: /home/xiye/ROSChatr/install/chat_interfaces/include/chat_interfaces/chat_interfaces
[1.447s] -- Up-to-date: /home/xiye/ROSChatr/install/chat_interfaces/include/chat_interfaces/chat_interfaces/srv
[1.447s] -- Up-to-date: /home/xiye/ROSChatr/install/chat_interfaces/include/chat_interfaces/chat_interfaces/srv/detail
[1.447s] -- Up-to-date: /home/xiye/ROSChatr/install/chat_interfaces/include/chat_interfaces/chat_interfaces/srv/detail/send_message__rosidl_typesupport_introspection_c.h
[1.447s] -- Up-to-date: /home/xiye/ROSChatr/install/chat_interfaces/include/chat_interfaces/chat_interfaces/srv/detail/send_message__type_support.c
[1.447s] -- Up-to-date: /home/xiye/ROSChatr/install/chat_interfaces/include/chat_interfaces/chat_interfaces/msg
[1.448s] -- Up-to-date: /home/xiye/ROSChatr/install/chat_interfaces/include/chat_interfaces/chat_interfaces/msg/detail
[1.449s] -- Up-to-date: /home/xiye/ROSChatr/install/chat_interfaces/include/chat_interfaces/chat_interfaces/msg/detail/chat_message__rosidl_typesupport_introspection_c.h
[1.449s] -- Up-to-date: /home/xiye/ROSChatr/install/chat_interfaces/include/chat_interfaces/chat_interfaces/msg/detail/chat_message__type_support.c
[1.449s] -- Up-to-date: /home/xiye/ROSChatr/install/chat_interfaces/include/chat_interfaces/chat_interfaces/msg/rosidl_typesupport_introspection_c__visibility_control.h
[1.449s] -- Up-to-date: /home/xiye/ROSChatr/install/chat_interfaces/lib/libchat_interfaces__rosidl_typesupport_introspection_c.so
[1.449s] -- Up-to-date: /home/xiye/ROSChatr/install/chat_interfaces/lib/libchat_interfaces__rosidl_typesupport_c.so
[1.450s] -- Up-to-date: /home/xiye/ROSChatr/install/chat_interfaces/include/chat_interfaces/chat_interfaces
[1.450s] -- Up-to-date: /home/xiye/ROSChatr/install/chat_interfaces/include/chat_interfaces/chat_interfaces/srv
[1.450s] -- Up-to-date: /home/xiye/ROSChatr/install/chat_interfaces/include/chat_interfaces/chat_interfaces/srv/send_message.hpp
[1.450s] -- Up-to-date: /home/xiye/ROSChatr/install/chat_interfaces/include/chat_interfaces/chat_interfaces/srv/detail
[1.450s] -- Up-to-date: /home/xiye/ROSChatr/install/chat_interfaces/include/chat_interfaces/chat_interfaces/srv/detail/send_message__builder.hpp
[1.450s] -- Up-to-date: /home/xiye/ROSChatr/install/chat_interfaces/include/chat_interfaces/chat_interfaces/srv/detail/send_message__struct.hpp
[1.450s] -- Up-to-date: /home/xiye/ROSChatr/install/chat_interfaces/include/chat_interfaces/chat_interfaces/srv/detail/send_message__type_support.hpp
[1.450s] -- Up-to-date: /home/xiye/ROSChatr/install/chat_interfaces/include/chat_interfaces/chat_interfaces/srv/detail/send_message__traits.hpp
[1.450s] -- Up-to-date: /home/xiye/ROSChatr/install/chat_interfaces/include/chat_interfaces/chat_interfaces/msg
[1.450s] -- Up-to-date: /home/xiye/ROSChatr/install/chat_interfaces/include/chat_interfaces/chat_interfaces/msg/rosidl_generator_cpp__visibility_control.hpp
[1.450s] -- Up-to-date: /home/xiye/ROSChatr/install/chat_interfaces/include/chat_interfaces/chat_interfaces/msg/detail
[1.450s] -- Up-to-date: /home/xiye/ROSChatr/install/chat_interfaces/include/chat_interfaces/chat_interfaces/msg/detail/chat_message__struct.hpp
[1.450s] -- Up-to-date: /home/xiye/ROSChatr/install/chat_interfaces/include/chat_interfaces/chat_interfaces/msg/detail/chat_message__traits.hpp
[1.450s] -- Up-to-date: /home/xiye/ROSChatr/install/chat_interfaces/include/chat_interfaces/chat_interfaces/msg/detail/chat_message__builder.hpp
[1.450s] -- Up-to-date: /home/xiye/ROSChatr/install/chat_interfaces/include/chat_interfaces/chat_interfaces/msg/detail/chat_message__type_support.hpp
[1.450s] -- Up-to-date: /home/xiye/ROSChatr/install/chat_interfaces/include/chat_interfaces/chat_interfaces/msg/chat_message.hpp
[1.450s] -- Up-to-date: /home/xiye/ROSChatr/install/chat_interfaces/include/chat_interfaces/chat_interfaces
[1.450s] -- Up-to-date: /home/xiye/ROSChatr/install/chat_interfaces/include/chat_interfaces/chat_interfaces/srv
[1.451s] -- Up-to-date: /home/xiye/ROSChatr/install/chat_interfaces/include/chat_interfaces/chat_interfaces/srv/detail
[1.451s] -- Up-to-date: /home/xiye/ROSChatr/install/chat_interfaces/include/chat_interfaces/chat_interfaces/srv/detail/send_message__rosidl_typesupport_fastrtps_cpp.hpp
[1.451s] -- Up-to-date: /home/xiye/ROSChatr/install/chat_interfaces/include/chat_interfaces/chat_interfaces/srv/detail/dds_fastrtps
[1.451s] -- Up-to-date: /home/xiye/ROSChatr/install/chat_interfaces/include/chat_interfaces/chat_interfaces/msg
[1.451s] -- Up-to-date: /home/xiye/ROSChatr/install/chat_interfaces/include/chat_interfaces/chat_interfaces/msg/rosidl_typesupport_fastrtps_cpp__visibility_control.h
[1.451s] -- Up-to-date: /home/xiye/ROSChatr/install/chat_interfaces/include/chat_interfaces/chat_interfaces/msg/detail
[1.451s] -- Up-to-date: /home/xiye/ROSChatr/install/chat_interfaces/include/chat_interfaces/chat_interfaces/msg/detail/chat_message__rosidl_typesupport_fastrtps_cpp.hpp
[1.451s] -- Up-to-date: /home/xiye/ROSChatr/install/chat_interfaces/include/chat_interfaces/chat_interfaces/msg/detail/dds_fastrtps
[1.451s] -- Up-to-date: /home/xiye/ROSChatr/install/chat_interfaces/lib/libchat_interfaces__rosidl_typesupport_fastrtps_cpp.so
[1.451s] -- Up-to-date: /home/xiye/ROSChatr/install/chat_interfaces/include/chat_interfaces/chat_interfaces
[1.451s] -- Up-to-date: /home/xiye/ROSChatr/install/chat_interfaces/include/chat_interfaces/chat_interfaces/srv
[1.451s] -- Up-to-date: /home/xiye/ROSChatr/install/chat_interfaces/include/chat_interfaces/chat_interfaces/srv/detail
[1.451s] -- Up-to-date: /home/xiye/ROSChatr/install/chat_interfaces/include/chat_interfaces/chat_interfaces/srv/detail/send_message__type_support.cpp
[1.451s] -- Up-to-date: /home/xiye/ROSChatr/install/chat_interfaces/include/chat_interfaces/chat_interfaces/srv/detail/send_message__rosidl_typesupport_introspection_cpp.hpp
[1.451s] -- Up-to-date: /home/xiye/ROSChatr/install/chat_interfaces/include/chat_interfaces/chat_interfaces/msg
[1.451s] -- Up-to-date: /home/xiye/ROSChatr/install/chat_interfaces/include/chat_interfaces/chat_interfaces/msg/detail
[1.451s] -- Up-to-date: /home/xiye/ROSChatr/install/chat_interfaces/include/chat_interfaces/chat_interfaces/msg/detail/chat_message__type_support.cpp
[1.451s] -- Up-to-date: /home/xiye/ROSChatr/install/chat_interfaces/include/chat_interfaces/chat_interfaces/msg/detail/chat_message__rosidl_typesupport_introspection_cpp.hpp
[1.452s] -- Up-to-date: /home/xiye/ROSChatr/install/chat_interfaces/lib/libchat_interfaces__rosidl_typesupport_introspection_cpp.so
[1.452s] -- Up-to-date: /home/xiye/ROSChatr/install/chat_interfaces/lib/libchat_interfaces__rosidl_typesupport_cpp.so
[1.452s] -- Up-to-date: /home/xiye/ROSChatr/install/chat_interfaces/share/chat_interfaces/environment/pythonpath.sh
[1.452s] -- Up-to-date: /home/xiye/ROSChatr/install/chat_interfaces/share/chat_interfaces/environment/pythonpath.dsv
[1.452s] -- Up-to-date: /home/xiye/ROSChatr/install/chat_interfaces/local/lib/python3.10/dist-packages/chat_interfaces-0.0.0-py3.10.egg-info
[1.452s] -- Installing: /home/xiye/ROSChatr/install/chat_interfaces/local/lib/python3.10/dist-packages/chat_interfaces-0.0.0-py3.10.egg-info/SOURCES.txt
[1.452s] -- Installing: /home/xiye/ROSChatr/install/chat_interfaces/local/lib/python3.10/dist-packages/chat_interfaces-0.0.0-py3.10.egg-info/dependency_links.txt
[1.452s] -- Installing: /home/xiye/ROSChatr/install/chat_interfaces/local/lib/python3.10/dist-packages/chat_interfaces-0.0.0-py3.10.egg-info/top_level.txt
[1.452s] -- Installing: /home/xiye/ROSChatr/install/chat_interfaces/local/lib/python3.10/dist-packages/chat_interfaces-0.0.0-py3.10.egg-info/PKG-INFO
[1.452s] -- Up-to-date: /home/xiye/ROSChatr/install/chat_interfaces/local/lib/python3.10/dist-packages/chat_interfaces
[1.452s] -- Up-to-date: /home/xiye/ROSChatr/install/chat_interfaces/local/lib/python3.10/dist-packages/chat_interfaces/chat_interfaces_s__rosidl_typesupport_c.cpython-310-x86_64-linux-gnu.so
[1.452s] -- Up-to-date: /home/xiye/ROSChatr/install/chat_interfaces/local/lib/python3.10/dist-packages/chat_interfaces/srv
[1.452s] -- Up-to-date: /home/xiye/ROSChatr/install/chat_interfaces/local/lib/python3.10/dist-packages/chat_interfaces/srv/_send_message_s.c
[1.452s] -- Up-to-date: /home/xiye/ROSChatr/install/chat_interfaces/local/lib/python3.10/dist-packages/chat_interfaces/srv/_send_message.py
[1.453s] -- Up-to-date: /home/xiye/ROSChatr/install/chat_interfaces/local/lib/python3.10/dist-packages/chat_interfaces/srv/__init__.py
[1.453s] -- Up-to-date: /home/xiye/ROSChatr/install/chat_interfaces/local/lib/python3.10/dist-packages/chat_interfaces/chat_interfaces_s__rosidl_typesupport_introspection_c.cpython-310-x86_64-linux-gnu.so
[1.453s] -- Up-to-date: /home/xiye/ROSChatr/install/chat_interfaces/local/lib/python3.10/dist-packages/chat_interfaces/msg
[1.453s] -- Up-to-date: /home/xiye/ROSChatr/install/chat_interfaces/local/lib/python3.10/dist-packages/chat_interfaces/msg/_chat_message_s.c
[1.453s] -- Up-to-date: /home/xiye/ROSChatr/install/chat_interfaces/local/lib/python3.10/dist-packages/chat_interfaces/msg/_chat_message.py
[1.453s] -- Up-to-date: /home/xiye/ROSChatr/install/chat_interfaces/local/lib/python3.10/dist-packages/chat_interfaces/msg/__init__.py
[1.453s] -- Up-to-date: /home/xiye/ROSChatr/install/chat_interfaces/local/lib/python3.10/dist-packages/chat_interfaces/_chat_interfaces_s.ep.rosidl_typesupport_introspection_c.c
[1.453s] -- Up-to-date: /home/xiye/ROSChatr/install/chat_interfaces/local/lib/python3.10/dist-packages/chat_interfaces/libchat_interfaces__rosidl_generator_py.so
[1.453s] -- Up-to-date: /home/xiye/ROSChatr/install/chat_interfaces/local/lib/python3.10/dist-packages/chat_interfaces/chat_interfaces_s__rosidl_typesupport_fastrtps_c.cpython-310-x86_64-linux-gnu.so
[1.453s] -- Up-to-date: /home/xiye/ROSChatr/install/chat_interfaces/local/lib/python3.10/dist-packages/chat_interfaces/_chat_interfaces_s.ep.rosidl_typesupport_fastrtps_c.c
[1.453s] -- Up-to-date: /home/xiye/ROSChatr/install/chat_interfaces/local/lib/python3.10/dist-packages/chat_interfaces/_chat_interfaces_s.ep.rosidl_typesupport_c.c
[1.453s] -- Up-to-date: /home/xiye/ROSChatr/install/chat_interfaces/local/lib/python3.10/dist-packages/chat_interfaces/__init__.py
[1.511s] Listing '/home/xiye/ROSChatr/install/chat_interfaces/local/lib/python3.10/dist-packages/chat_interfaces'...
[1.512s] Listing '/home/xiye/ROSChatr/install/chat_interfaces/local/lib/python3.10/dist-packages/chat_interfaces/msg'...
[1.512s] Listing '/home/xiye/ROSChatr/install/chat_interfaces/local/lib/python3.10/dist-packages/chat_interfaces/srv'...
[1.517s] -- Up-to-date: /home/xiye/ROSChatr/install/chat_interfaces/local/lib/python3.10/dist-packages/chat_interfaces/chat_interfaces_s__rosidl_typesupport_fastrtps_c.cpython-310-x86_64-linux-gnu.so
[1.518s] -- Up-to-date: /home/xiye/ROSChatr/install/chat_interfaces/local/lib/python3.10/dist-packages/chat_interfaces/chat_interfaces_s__rosidl_typesupport_introspection_c.cpython-310-x86_64-linux-gnu.so
[1.518s] -- Up-to-date: /home/xiye/ROSChatr/install/chat_interfaces/local/lib/python3.10/dist-packages/chat_interfaces/chat_interfaces_s__rosidl_typesupport_c.cpython-310-x86_64-linux-gnu.so
[1.518s] -- Up-to-date: /home/xiye/ROSChatr/install/chat_interfaces/lib/libchat_interfaces__rosidl_generator_py.so
[1.518s] -- Up-to-date: /home/xiye/ROSChatr/install/chat_interfaces/share/chat_interfaces/msg/ChatMessage.idl
[1.519s] -- Up-to-date: /home/xiye/ROSChatr/install/chat_interfaces/share/chat_interfaces/srv/SendMessage.idl
[1.519s] -- Up-to-date: /home/xiye/ROSChatr/install/chat_interfaces/share/chat_interfaces/msg/ChatMessage.msg
[1.519s] -- Up-to-date: /home/xiye/ROSChatr/install/chat_interfaces/share/chat_interfaces/srv/SendMessage.srv
[1.519s] -- Up-to-date: /home/xiye/ROSChatr/install/chat_interfaces/share/chat_interfaces/srv/SendMessage_Request.msg
[1.520s] -- Up-to-date: /home/xiye/ROSChatr/install/chat_interfaces/share/chat_interfaces/srv/SendMessage_Response.msg
[1.520s] -- Up-to-date: /home/xiye/ROSChatr/install/chat_interfaces/share/ament_index/resource_index/package_run_dependencies/chat_interfaces
[1.520s] -- Up-to-date: /home/xiye/ROSChatr/install/chat_interfaces/share/ament_index/resource_index/parent_prefix_path/chat_interfaces
[1.520s] -- Up-to-date: /home/xiye/ROSChatr/install/chat_interfaces/share/chat_interfaces/environment/ament_prefix_path.sh
[1.520s] -- Up-to-date: /home/xiye/ROSChatr/install/chat_interfaces/share/chat_interfaces/environment/ament_prefix_path.dsv
[1.520s] -- Up-to-date: /home/xiye/ROSChatr/install/chat_interfaces/share/chat_interfaces/environment/path.sh
[1.521s] -- Up-to-date: /home/xiye/ROSChatr/install/chat_interfaces/share/chat_interfaces/environment/path.dsv
[1.521s] -- Up-to-date: /home/xiye/ROSChatr/install/chat_interfaces/share/chat_interfaces/local_setup.bash
[1.521s] -- Up-to-date: /home/xiye/ROSChatr/install/chat_interfaces/share/chat_interfaces/local_setup.sh
[1.521s] -- Up-to-date: /home/xiye/ROSChatr/install/chat_interfaces/share/chat_interfaces/local_setup.zsh
[1.521s] -- Up-to-date: /home/xiye/ROSChatr/install/chat_interfaces/share/chat_interfaces/local_setup.dsv
[1.521s] -- Installing: /home/xiye/ROSChatr/install/chat_interfaces/share/chat_interfaces/package.dsv
[1.521s] -- Up-to-date: /home/xiye/ROSChatr/install/chat_interfaces/share/ament_index/resource_index/packages/chat_interfaces
[1.522s] -- Up-to-date: /home/xiye/ROSChatr/install/chat_interfaces/share/chat_interfaces/cmake/export_chat_interfaces__rosidl_generator_cExport.cmake
[1.522s] -- Up-to-date: /home/xiye/ROSChatr/install/chat_interfaces/share/chat_interfaces/cmake/export_chat_interfaces__rosidl_generator_cExport-noconfig.cmake
[1.522s] -- Up-to-date: /home/xiye/ROSChatr/install/chat_interfaces/share/chat_interfaces/cmake/export_chat_interfaces__rosidl_typesupport_fastrtps_cExport.cmake
[1.523s] -- Up-to-date: /home/xiye/ROSChatr/install/chat_interfaces/share/chat_interfaces/cmake/export_chat_interfaces__rosidl_typesupport_fastrtps_cExport-noconfig.cmake
[1.523s] -- Up-to-date: /home/xiye/ROSChatr/install/chat_interfaces/share/chat_interfaces/cmake/chat_interfaces__rosidl_typesupport_introspection_cExport.cmake
[1.523s] -- Up-to-date: /home/xiye/ROSChatr/install/chat_interfaces/share/chat_interfaces/cmake/chat_interfaces__rosidl_typesupport_introspection_cExport-noconfig.cmake
[1.523s] -- Up-to-date: /home/xiye/ROSChatr/install/chat_interfaces/share/chat_interfaces/cmake/chat_interfaces__rosidl_typesupport_cExport.cmake
[1.523s] -- Up-to-date: /home/xiye/ROSChatr/install/chat_interfaces/share/chat_interfaces/cmake/chat_interfaces__rosidl_typesupport_cExport-noconfig.cmake
[1.524s] -- Up-to-date: /home/xiye/ROSChatr/install/chat_interfaces/share/chat_interfaces/cmake/export_chat_interfaces__rosidl_generator_cppExport.cmake
[1.524s] -- Up-to-date: /home/xiye/ROSChatr/install/chat_interfaces/share/chat_interfaces/cmake/export_chat_interfaces__rosidl_typesupport_fastrtps_cppExport.cmake
[1.524s] -- Up-to-date: /home/xiye/ROSChatr/install/chat_interfaces/share/chat_interfaces/cmake/export_chat_interfaces__rosidl_typesupport_fastrtps_cppExport-noconfig.cmake
[1.524s] -- Up-to-date: /home/xiye/ROSChatr/install/chat_interfaces/share/chat_interfaces/cmake/chat_interfaces__rosidl_typesupport_introspection_cppExport.cmake
[1.524s] -- Up-to-date: /home/xiye/ROSChatr/install/chat_interfaces/share/chat_interfaces/cmake/chat_interfaces__rosidl_typesupport_introspection_cppExport-noconfig.cmake
[1.524s] -- Up-to-date: /home/xiye/ROSChatr/install/chat_interfaces/share/chat_interfaces/cmake/chat_interfaces__rosidl_typesupport_cppExport.cmake
[1.524s] -- Up-to-date: /home/xiye/ROSChatr/install/chat_interfaces/share/chat_interfaces/cmake/chat_interfaces__rosidl_typesupport_cppExport-noconfig.cmake
[1.524s] -- Up-to-date: /home/xiye/ROSChatr/install/chat_interfaces/share/chat_interfaces/cmake/export_chat_interfaces__rosidl_generator_pyExport.cmake
[1.524s] -- Up-to-date: /home/xiye/ROSChatr/install/chat_interfaces/share/chat_interfaces/cmake/export_chat_interfaces__rosidl_generator_pyExport-noconfig.cmake
[1.524s] -- Up-to-date: /home/xiye/ROSChatr/install/chat_interfaces/share/chat_interfaces/cmake/rosidl_cmake-extras.cmake
[1.525s] -- Up-to-date: /home/xiye/ROSChatr/install/chat_interfaces/share/chat_interfaces/cmake/ament_cmake_export_include_directories-extras.cmake
[1.525s] -- Up-to-date: /home/xiye/ROSChatr/install/chat_interfaces/share/chat_interfaces/cmake/ament_cmake_export_libraries-extras.cmake
[1.525s] -- Up-to-date: /home/xiye/ROSChatr/install/chat_interfaces/share/chat_interfaces/cmake/ament_cmake_export_targets-extras.cmake
[1.525s] -- Up-to-date: /home/xiye/ROSChatr/install/chat_interfaces/share/chat_interfaces/cmake/rosidl_cmake_export_typesupport_targets-extras.cmake
[1.525s] -- Up-to-date: /home/xiye/ROSChatr/install/chat_interfaces/share/chat_interfaces/cmake/ament_cmake_export_dependencies-extras.cmake
[1.525s] -- Up-to-date: /home/xiye/ROSChatr/install/chat_interfaces/share/chat_interfaces/cmake/rosidl_cmake_export_typesupport_libraries-extras.cmake
[1.525s] -- Up-to-date: /home/xiye/ROSChatr/install/chat_interfaces/share/chat_interfaces/cmake/chat_interfacesConfig.cmake
[1.525s] -- Up-to-date: /home/xiye/ROSChatr/install/chat_interfaces/share/chat_interfaces/cmake/chat_interfacesConfig-version.cmake
[1.525s] -- Up-to-date: /home/xiye/ROSChatr/install/chat_interfaces/share/chat_interfaces/package.xml
[1.528s] Invoked command in '/home/xiye/ROSChatr/build/chat_interfaces' returned '0': CMAKE_PREFIX_PATH=${CMAKE_PREFIX_PATH}:/home/xiye/ROSChatr/install/roschat_ui:/home/xiye/ROSChatr/install/chat_system:/mnt/hgfs/Ubuntu22.04_ros/dev_ws_1/install/learning_urdf:/mnt/hgfs/Ubuntu22.04_ros/dev_ws_1/install/learning_topic:/mnt/hgfs/Ubuntu22.04_ros/dev_ws_1/install/learning_tf:/mnt/hgfs/Ubuntu22.04_ros/dev_ws_1/install/learning_service:/mnt/hgfs/Ubuntu22.04_ros/dev_ws_1/install/learning_qos:/mnt/hgfs/Ubuntu22.04_ros/dev_ws_1/install/learning_pkg_python:/mnt/hgfs/Ubuntu22.04_ros/dev_ws_1/install/learning_parameter:/mnt/hgfs/Ubuntu22.04_ros/dev_ws_1/install/learning_node:/mnt/hgfs/Ubuntu22.04_ros/dev_ws_1/install/learning_launch:/mnt/hgfs/Ubuntu22.04_ros/dev_ws_1/install/learning_action:/mnt/hgfs/Ubuntu22.04_ros/dev_ws_1/install/learning_gazebo_harmonic:/mnt/hgfs/Ubuntu22.04_ros/dev_ws_1/install/learning_gazebo:/mnt/hgfs/Ubuntu22.04_ros/dev_ws_1/install/learning_cv:/opt/ros/humble /usr/bin/cmake --install /home/xiye/ROSChatr/build/chat_interfaces
