running egg_info
writing ../../build/roschat_ui/roschat_ui.egg-info/PKG-INFO
writing dependency_links to ../../build/roschat_ui/roschat_ui.egg-info/dependency_links.txt
writing entry points to ../../build/roschat_ui/roschat_ui.egg-info/entry_points.txt
writing requirements to ../../build/roschat_ui/roschat_ui.egg-info/requires.txt
writing top-level names to ../../build/roschat_ui/roschat_ui.egg-info/top_level.txt
reading manifest file '../../build/roschat_ui/roschat_ui.egg-info/SOURCES.txt'
writing manifest file '../../build/roschat_ui/roschat_ui.egg-info/SOURCES.txt'
running build
running build_py
copying roschat_ui/roschat_ui.py -> /home/xiye/ROSChatr/build/roschat_ui/build/lib/roschat_ui
running install
running install_lib
copying /home/xiye/ROSChatr/build/roschat_ui/build/lib/roschat_ui/roschat_ui.py -> /home/xiye/ROSChatr/install/roschat_ui/lib/python3.10/site-packages/roschat_ui
byte-compiling /home/xiye/ROSChatr/install/roschat_ui/lib/python3.10/site-packages/roschat_ui/roschat_ui.py to roschat_ui.cpython-310.pyc
running install_data
running install_egg_info
removing '/home/xiye/ROSChatr/install/roschat_ui/lib/python3.10/site-packages/roschat_ui-0.0.0-py3.10.egg-info' (and everything under it)
Copying ../../build/roschat_ui/roschat_ui.egg-info to /home/xiye/ROSChatr/install/roschat_ui/lib/python3.10/site-packages/roschat_ui-0.0.0-py3.10.egg-info
running install_scripts
writing list of installed files to '/home/xiye/ROSChatr/build/roschat_ui/install.log'
