running egg_info
creating ../../build/roschat_ui/roschat_ui.egg-info
writing ../../build/roschat_ui/roschat_ui.egg-info/PKG-INFO
writing dependency_links to ../../build/roschat_ui/roschat_ui.egg-info/dependency_links.txt
writing entry points to ../../build/roschat_ui/roschat_ui.egg-info/entry_points.txt
writing requirements to ../../build/roschat_ui/roschat_ui.egg-info/requires.txt
writing top-level names to ../../build/roschat_ui/roschat_ui.egg-info/top_level.txt
writing manifest file '../../build/roschat_ui/roschat_ui.egg-info/SOURCES.txt'
reading manifest file '../../build/roschat_ui/roschat_ui.egg-info/SOURCES.txt'
writing manifest file '../../build/roschat_ui/roschat_ui.egg-info/SOURCES.txt'
running build
running build_py
creating /home/xiye/ROSChatr/build/roschat_ui/build
creating /home/xiye/ROSChatr/build/roschat_ui/build/lib
creating /home/xiye/ROSChatr/build/roschat_ui/build/lib/roschat_ui
copying roschat_ui/__init__.py -> /home/xiye/ROSChatr/build/roschat_ui/build/lib/roschat_ui
running install
running install_lib
creating /home/xiye/ROSChatr/install/roschat_ui/lib/python3.10/site-packages/roschat_ui
copying /home/xiye/ROSChatr/build/roschat_ui/build/lib/roschat_ui/__init__.py -> /home/xiye/ROSChatr/install/roschat_ui/lib/python3.10/site-packages/roschat_ui
byte-compiling /home/xiye/ROSChatr/install/roschat_ui/lib/python3.10/site-packages/roschat_ui/__init__.py to __init__.cpython-310.pyc
running install_data
creating /home/xiye/ROSChatr/install/roschat_ui/share/ament_index
creating /home/xiye/ROSChatr/install/roschat_ui/share/ament_index/resource_index
creating /home/xiye/ROSChatr/install/roschat_ui/share/ament_index/resource_index/packages
copying resource/roschat_ui -> /home/xiye/ROSChatr/install/roschat_ui/share/ament_index/resource_index/packages
copying package.xml -> /home/xiye/ROSChatr/install/roschat_ui/share/roschat_ui
running install_egg_info
Copying ../../build/roschat_ui/roschat_ui.egg-info to /home/xiye/ROSChatr/install/roschat_ui/lib/python3.10/site-packages/roschat_ui-0.0.0-py3.10.egg-info
running install_scripts
writing list of installed files to '/home/xiye/ROSChatr/build/roschat_ui/install.log'
