[1.097s] Invoking command in '/home/xiye/ROSChatr/src/roschat_ui': PYTHONPATH=/home/xiye/ROSChatr/build/roschat_ui/prefix_override:/usr/lib/python3/dist-packages/colcon_core/task/python/colcon_distutils_commands:/home/xiye/ROSChatr/install/roschat_ui/lib/python3.10/site-packages:${PYTHONPATH} /usr/bin/python3 -W ignore:setup.py install is deprecated -W ignore:easy_install command is deprecated setup.py egg_info --egg-base ../../build/roschat_ui build --build-base /home/xiye/ROSChatr/build/roschat_ui/build install --record /home/xiye/ROSChatr/build/roschat_ui/install.log --single-version-externally-managed install_data
[1.474s] running egg_info
[1.475s] creating ../../build/roschat_ui/roschat_ui.egg-info
[1.476s] writing ../../build/roschat_ui/roschat_ui.egg-info/PKG-INFO
[1.476s] writing dependency_links to ../../build/roschat_ui/roschat_ui.egg-info/dependency_links.txt
[1.476s] writing entry points to ../../build/roschat_ui/roschat_ui.egg-info/entry_points.txt
[1.476s] writing requirements to ../../build/roschat_ui/roschat_ui.egg-info/requires.txt
[1.476s] writing top-level names to ../../build/roschat_ui/roschat_ui.egg-info/top_level.txt
[1.476s] writing manifest file '../../build/roschat_ui/roschat_ui.egg-info/SOURCES.txt'
[1.479s] reading manifest file '../../build/roschat_ui/roschat_ui.egg-info/SOURCES.txt'
[1.480s] writing manifest file '../../build/roschat_ui/roschat_ui.egg-info/SOURCES.txt'
[1.480s] running build
[1.480s] running build_py
[1.480s] creating /home/xiye/ROSChatr/build/roschat_ui/build
[1.480s] creating /home/xiye/ROSChatr/build/roschat_ui/build/lib
[1.481s] creating /home/xiye/ROSChatr/build/roschat_ui/build/lib/roschat_ui
[1.481s] copying roschat_ui/__init__.py -> /home/xiye/ROSChatr/build/roschat_ui/build/lib/roschat_ui
[1.481s] running install
[1.481s] running install_lib
[1.483s] creating /home/xiye/ROSChatr/install/roschat_ui/lib/python3.10/site-packages/roschat_ui
[1.483s] copying /home/xiye/ROSChatr/build/roschat_ui/build/lib/roschat_ui/__init__.py -> /home/xiye/ROSChatr/install/roschat_ui/lib/python3.10/site-packages/roschat_ui
[1.484s] byte-compiling /home/xiye/ROSChatr/install/roschat_ui/lib/python3.10/site-packages/roschat_ui/__init__.py to __init__.cpython-310.pyc
[1.484s] running install_data
[1.484s] creating /home/xiye/ROSChatr/install/roschat_ui/share/ament_index
[1.484s] creating /home/xiye/ROSChatr/install/roschat_ui/share/ament_index/resource_index
[1.484s] creating /home/xiye/ROSChatr/install/roschat_ui/share/ament_index/resource_index/packages
[1.485s] copying resource/roschat_ui -> /home/xiye/ROSChatr/install/roschat_ui/share/ament_index/resource_index/packages
[1.485s] copying package.xml -> /home/xiye/ROSChatr/install/roschat_ui/share/roschat_ui
[1.485s] running install_egg_info
[1.486s] Copying ../../build/roschat_ui/roschat_ui.egg-info to /home/xiye/ROSChatr/install/roschat_ui/lib/python3.10/site-packages/roschat_ui-0.0.0-py3.10.egg-info
[1.487s] running install_scripts
[1.507s] writing list of installed files to '/home/xiye/ROSChatr/build/roschat_ui/install.log'
[1.531s] Invoked command in '/home/xiye/ROSChatr/src/roschat_ui' returned '0': PYTHONPATH=/home/xiye/ROSChatr/build/roschat_ui/prefix_override:/usr/lib/python3/dist-packages/colcon_core/task/python/colcon_distutils_commands:/home/xiye/ROSChatr/install/roschat_ui/lib/python3.10/site-packages:${PYTHONPATH} /usr/bin/python3 -W ignore:setup.py install is deprecated -W ignore:easy_install command is deprecated setup.py egg_info --egg-base ../../build/roschat_ui build --build-base /home/xiye/ROSChatr/build/roschat_ui/build install --record /home/xiye/ROSChatr/build/roschat_ui/install.log --single-version-externally-managed install_data
