[1.274s] Invoking command in '/home/xiye/ROSChatr/src/chat_system': PYTHONPATH=/home/xiye/ROSChatr/build/chat_system/prefix_override:/usr/lib/python3/dist-packages/colcon_core/task/python/colcon_distutils_commands:/home/xiye/ROSChatr/install/chat_system/lib/python3.10/site-packages:${PYTHONPATH} /usr/bin/python3 -W ignore:setup.py install is deprecated -W ignore:easy_install command is deprecated setup.py egg_info --egg-base ../../build/chat_system build --build-base /home/xiye/ROSChatr/build/chat_system/build install --record /home/xiye/ROSChatr/build/chat_system/install.log --single-version-externally-managed install_data
[1.703s] running egg_info
[1.703s] writing ../../build/chat_system/chat_system.egg-info/PKG-INFO
[1.703s] writing dependency_links to ../../build/chat_system/chat_system.egg-info/dependency_links.txt
[1.704s] writing entry points to ../../build/chat_system/chat_system.egg-info/entry_points.txt
[1.704s] writing requirements to ../../build/chat_system/chat_system.egg-info/requires.txt
[1.704s] writing top-level names to ../../build/chat_system/chat_system.egg-info/top_level.txt
[1.706s] reading manifest file '../../build/chat_system/chat_system.egg-info/SOURCES.txt'
[1.706s] writing manifest file '../../build/chat_system/chat_system.egg-info/SOURCES.txt'
[1.707s] running build
[1.707s] running build_py
[1.707s] running install
[1.707s] running install_lib
[1.709s] running install_data
[1.709s] running install_egg_info
[1.711s] removing '/home/xiye/ROSChatr/install/chat_system/lib/python3.10/site-packages/chat_system-0.0.0-py3.10.egg-info' (and everything under it)
[1.711s] Copying ../../build/chat_system/chat_system.egg-info to /home/xiye/ROSChatr/install/chat_system/lib/python3.10/site-packages/chat_system-0.0.0-py3.10.egg-info
[1.712s] running install_scripts
[1.740s] Installing chat_client script to /home/xiye/ROSChatr/install/chat_system/lib/chat_system
[1.740s] Installing chat_server script to /home/xiye/ROSChatr/install/chat_system/lib/chat_system
[1.740s] writing list of installed files to '/home/xiye/ROSChatr/build/chat_system/install.log'
[1.763s] Invoked command in '/home/xiye/ROSChatr/src/chat_system' returned '0': PYTHONPATH=/home/xiye/ROSChatr/build/chat_system/prefix_override:/usr/lib/python3/dist-packages/colcon_core/task/python/colcon_distutils_commands:/home/xiye/ROSChatr/install/chat_system/lib/python3.10/site-packages:${PYTHONPATH} /usr/bin/python3 -W ignore:setup.py install is deprecated -W ignore:easy_install command is deprecated setup.py egg_info --egg-base ../../build/chat_system build --build-base /home/xiye/ROSChatr/build/chat_system/build install --record /home/xiye/ROSChatr/build/chat_system/install.log --single-version-externally-managed install_data
