[0.115s] DEBUG:colcon:Command line arguments: ['/usr/bin/colcon', 'build']
[0.116s] DEBUG:colcon:Parsed command line arguments: Namespace(log_base=None, log_level=None, verb_name='build', build_base='build', install_base='install', merge_install=False, symlink_install=False, test_result_base=None, continue_on_error=False, executor='parallel', parallel_workers=12, event_handlers=None, ignore_user_meta=False, metas=['./colcon.meta'], base_paths=['.'], packages_ignore=None, packages_ignore_regex=None, paths=None, packages_up_to=None, packages_up_to_regex=None, packages_above=None, packages_above_and_dependencies=None, packages_above_depth=None, packages_select_by_dep=None, packages_skip_by_dep=None, packages_skip_up_to=None, packages_select_build_failed=False, packages_skip_build_finished=False, packages_select_test_failures=False, packages_skip_test_passed=False, packages_select=None, packages_skip=None, packages_select_regex=None, packages_skip_regex=None, packages_start=None, packages_end=None, allow_overriding=[], cmake_args=None, cmake_target=None, cmake_target_skip_unavailable=False, cmake_clean_cache=False, cmake_clean_first=False, cmake_force_configure=False, ament_cmake_args=None, catkin_cmake_args=None, catkin_skip_building_tests=False, verb_parser=<colcon_defaults.argument_parser.defaults.DefaultArgumentsDecorator object at 0x7088e905bd30>, verb_extension=<colcon_core.verb.build.BuildVerb object at 0x7088e905b8e0>, main=<bound method BuildVerb.main of <colcon_core.verb.build.BuildVerb object at 0x7088e905b8e0>>)
[0.387s] Level 1:colcon.colcon_core.package_discovery:discover_packages(colcon_meta) check parameters
[0.387s] Level 1:colcon.colcon_core.package_discovery:discover_packages(recursive) check parameters
[0.387s] Level 1:colcon.colcon_core.package_discovery:discover_packages(ignore) check parameters
[0.387s] Level 1:colcon.colcon_core.package_discovery:discover_packages(path) check parameters
[0.387s] Level 1:colcon.colcon_core.package_discovery:discover_packages(colcon_meta) discover
[0.388s] Level 1:colcon.colcon_core.package_discovery:discover_packages(recursive) discover
[0.388s] INFO:colcon.colcon_core.package_discovery:Crawling recursively for packages in '/home/xiye/ROSChatr'
[0.388s] Level 1:colcon.colcon_core.package_identification:_identify(.) by extensions ['ignore', 'ignore_ament_install']
[0.388s] Level 1:colcon.colcon_core.package_identification:_identify(.) by extension 'ignore'
[0.388s] Level 1:colcon.colcon_core.package_identification:_identify(.) by extension 'ignore_ament_install'
[0.388s] Level 1:colcon.colcon_core.package_identification:_identify(.) by extensions ['colcon_pkg']
[0.388s] Level 1:colcon.colcon_core.package_identification:_identify(.) by extension 'colcon_pkg'
[0.388s] Level 1:colcon.colcon_core.package_identification:_identify(.) by extensions ['colcon_meta']
[0.388s] Level 1:colcon.colcon_core.package_identification:_identify(.) by extension 'colcon_meta'
[0.388s] Level 1:colcon.colcon_core.package_identification:_identify(.) by extensions ['ros']
[0.388s] Level 1:colcon.colcon_core.package_identification:_identify(.) by extension 'ros'
[0.405s] Level 1:colcon.colcon_core.package_identification:_identify(.) by extensions ['cmake', 'python']
[0.405s] Level 1:colcon.colcon_core.package_identification:_identify(.) by extension 'cmake'
[0.405s] Level 1:colcon.colcon_core.package_identification:_identify(.) by extension 'python'
[0.405s] Level 1:colcon.colcon_core.package_identification:_identify(.) by extensions ['python_setup_py']
[0.405s] Level 1:colcon.colcon_core.package_identification:_identify(.) by extension 'python_setup_py'
[0.405s] Level 1:colcon.colcon_core.package_identification:_identify(build) by extensions ['ignore', 'ignore_ament_install']
[0.405s] Level 1:colcon.colcon_core.package_identification:_identify(build) by extension 'ignore'
[0.405s] Level 1:colcon.colcon_core.package_identification:_identify(build) ignored
[0.405s] Level 1:colcon.colcon_core.package_identification:_identify(install) by extensions ['ignore', 'ignore_ament_install']
[0.405s] Level 1:colcon.colcon_core.package_identification:_identify(install) by extension 'ignore'
[0.405s] Level 1:colcon.colcon_core.package_identification:_identify(install) ignored
[0.405s] Level 1:colcon.colcon_core.package_identification:_identify(log) by extensions ['ignore', 'ignore_ament_install']
[0.405s] Level 1:colcon.colcon_core.package_identification:_identify(log) by extension 'ignore'
[0.406s] Level 1:colcon.colcon_core.package_identification:_identify(log) ignored
[0.406s] Level 1:colcon.colcon_core.package_identification:_identify(src) by extensions ['ignore', 'ignore_ament_install']
[0.406s] Level 1:colcon.colcon_core.package_identification:_identify(src) by extension 'ignore'
[0.406s] Level 1:colcon.colcon_core.package_identification:_identify(src) by extension 'ignore_ament_install'
[0.406s] Level 1:colcon.colcon_core.package_identification:_identify(src) by extensions ['colcon_pkg']
[0.406s] Level 1:colcon.colcon_core.package_identification:_identify(src) by extension 'colcon_pkg'
[0.406s] Level 1:colcon.colcon_core.package_identification:_identify(src) by extensions ['colcon_meta']
[0.406s] Level 1:colcon.colcon_core.package_identification:_identify(src) by extension 'colcon_meta'
[0.406s] Level 1:colcon.colcon_core.package_identification:_identify(src) by extensions ['ros']
[0.406s] Level 1:colcon.colcon_core.package_identification:_identify(src) by extension 'ros'
[0.406s] Level 1:colcon.colcon_core.package_identification:_identify(src) by extensions ['cmake', 'python']
[0.406s] Level 1:colcon.colcon_core.package_identification:_identify(src) by extension 'cmake'
[0.406s] Level 1:colcon.colcon_core.package_identification:_identify(src) by extension 'python'
[0.406s] Level 1:colcon.colcon_core.package_identification:_identify(src) by extensions ['python_setup_py']
[0.406s] Level 1:colcon.colcon_core.package_identification:_identify(src) by extension 'python_setup_py'
[0.406s] Level 1:colcon.colcon_core.package_identification:_identify(src/chat_interfaces) by extensions ['ignore', 'ignore_ament_install']
[0.406s] Level 1:colcon.colcon_core.package_identification:_identify(src/chat_interfaces) by extension 'ignore'
[0.406s] Level 1:colcon.colcon_core.package_identification:_identify(src/chat_interfaces) by extension 'ignore_ament_install'
[0.406s] Level 1:colcon.colcon_core.package_identification:_identify(src/chat_interfaces) by extensions ['colcon_pkg']
[0.406s] Level 1:colcon.colcon_core.package_identification:_identify(src/chat_interfaces) by extension 'colcon_pkg'
[0.406s] Level 1:colcon.colcon_core.package_identification:_identify(src/chat_interfaces) by extensions ['colcon_meta']
[0.406s] Level 1:colcon.colcon_core.package_identification:_identify(src/chat_interfaces) by extension 'colcon_meta'
[0.406s] Level 1:colcon.colcon_core.package_identification:_identify(src/chat_interfaces) by extensions ['ros']
[0.407s] Level 1:colcon.colcon_core.package_identification:_identify(src/chat_interfaces) by extension 'ros'
[0.409s] DEBUG:colcon.colcon_core.package_identification:Package 'src/chat_interfaces' with type 'ros.ament_cmake' and name 'chat_interfaces'
[0.409s] Level 1:colcon.colcon_core.package_identification:_identify(src/chat_system) by extensions ['ignore', 'ignore_ament_install']
[0.409s] Level 1:colcon.colcon_core.package_identification:_identify(src/chat_system) by extension 'ignore'
[0.409s] Level 1:colcon.colcon_core.package_identification:_identify(src/chat_system) by extension 'ignore_ament_install'
[0.409s] Level 1:colcon.colcon_core.package_identification:_identify(src/chat_system) by extensions ['colcon_pkg']
[0.409s] Level 1:colcon.colcon_core.package_identification:_identify(src/chat_system) by extension 'colcon_pkg'
[0.409s] Level 1:colcon.colcon_core.package_identification:_identify(src/chat_system) by extensions ['colcon_meta']
[0.409s] Level 1:colcon.colcon_core.package_identification:_identify(src/chat_system) by extension 'colcon_meta'
[0.409s] Level 1:colcon.colcon_core.package_identification:_identify(src/chat_system) by extensions ['ros']
[0.409s] Level 1:colcon.colcon_core.package_identification:_identify(src/chat_system) by extension 'ros'
[0.410s] DEBUG:colcon.colcon_core.package_identification:Package 'src/chat_system' with type 'ros.ament_python' and name 'chat_system'
[0.410s] Level 1:colcon.colcon_core.package_identification:_identify(src/roschat_ui) by extensions ['ignore', 'ignore_ament_install']
[0.410s] Level 1:colcon.colcon_core.package_identification:_identify(src/roschat_ui) by extension 'ignore'
[0.410s] Level 1:colcon.colcon_core.package_identification:_identify(src/roschat_ui) by extension 'ignore_ament_install'
[0.410s] Level 1:colcon.colcon_core.package_identification:_identify(src/roschat_ui) by extensions ['colcon_pkg']
[0.410s] Level 1:colcon.colcon_core.package_identification:_identify(src/roschat_ui) by extension 'colcon_pkg'
[0.410s] Level 1:colcon.colcon_core.package_identification:_identify(src/roschat_ui) by extensions ['colcon_meta']
[0.410s] Level 1:colcon.colcon_core.package_identification:_identify(src/roschat_ui) by extension 'colcon_meta'
[0.410s] Level 1:colcon.colcon_core.package_identification:_identify(src/roschat_ui) by extensions ['ros']
[0.410s] Level 1:colcon.colcon_core.package_identification:_identify(src/roschat_ui) by extension 'ros'
[0.410s] DEBUG:colcon.colcon_core.package_identification:Package 'src/roschat_ui' with type 'ros.ament_python' and name 'roschat_ui'
[0.411s] Level 1:colcon.colcon_core.package_discovery:discover_packages(recursive) using defaults
[0.411s] Level 1:colcon.colcon_core.package_discovery:discover_packages(ignore) discover
[0.411s] Level 1:colcon.colcon_core.package_discovery:discover_packages(ignore) using defaults
[0.411s] Level 1:colcon.colcon_core.package_discovery:discover_packages(path) discover
[0.411s] Level 1:colcon.colcon_core.package_discovery:discover_packages(path) using defaults
[0.428s] Level 1:colcon.colcon_core.package_discovery:discover_packages(prefix_path) check parameters
[0.428s] Level 1:colcon.colcon_core.package_discovery:discover_packages(prefix_path) discover
[0.470s] DEBUG:colcon.colcon_installed_package_information.package_discovery:Found 3 installed packages in /home/xiye/ROSChatr/install
[0.504s] DEBUG:colcon.colcon_installed_package_information.package_discovery:Found 21 installed packages in /mnt/hgfs/Ubuntu22.04_ros/dev_ws_1/install
[0.505s] DEBUG:colcon.colcon_installed_package_information.package_discovery:Found 389 installed packages in /opt/ros/humble
[0.507s] Level 1:colcon.colcon_core.package_discovery:discover_packages(prefix_path) using defaults
[0.577s] Level 5:colcon.colcon_core.verb:set package 'chat_interfaces' build argument 'cmake_args' from command line to 'None'
[0.577s] Level 5:colcon.colcon_core.verb:set package 'chat_interfaces' build argument 'cmake_target' from command line to 'None'
[0.577s] Level 5:colcon.colcon_core.verb:set package 'chat_interfaces' build argument 'cmake_target_skip_unavailable' from command line to 'False'
[0.577s] Level 5:colcon.colcon_core.verb:set package 'chat_interfaces' build argument 'cmake_clean_cache' from command line to 'False'
[0.577s] Level 5:colcon.colcon_core.verb:set package 'chat_interfaces' build argument 'cmake_clean_first' from command line to 'False'
[0.577s] Level 5:colcon.colcon_core.verb:set package 'chat_interfaces' build argument 'cmake_force_configure' from command line to 'False'
[0.577s] Level 5:colcon.colcon_core.verb:set package 'chat_interfaces' build argument 'ament_cmake_args' from command line to 'None'
[0.577s] Level 5:colcon.colcon_core.verb:set package 'chat_interfaces' build argument 'catkin_cmake_args' from command line to 'None'
[0.577s] Level 5:colcon.colcon_core.verb:set package 'chat_interfaces' build argument 'catkin_skip_building_tests' from command line to 'False'
[0.577s] DEBUG:colcon.colcon_core.verb:Building package 'chat_interfaces' with the following arguments: {'ament_cmake_args': None, 'build_base': '/home/xiye/ROSChatr/build/chat_interfaces', 'catkin_cmake_args': None, 'catkin_skip_building_tests': False, 'cmake_args': None, 'cmake_clean_cache': False, 'cmake_clean_first': False, 'cmake_force_configure': False, 'cmake_target': None, 'cmake_target_skip_unavailable': False, 'install_base': '/home/xiye/ROSChatr/install/chat_interfaces', 'merge_install': False, 'path': '/home/xiye/ROSChatr/src/chat_interfaces', 'symlink_install': False, 'test_result_base': None}
[0.578s] Level 5:colcon.colcon_core.verb:set package 'roschat_ui' build argument 'cmake_args' from command line to 'None'
[0.578s] Level 5:colcon.colcon_core.verb:set package 'roschat_ui' build argument 'cmake_target' from command line to 'None'
[0.578s] Level 5:colcon.colcon_core.verb:set package 'roschat_ui' build argument 'cmake_target_skip_unavailable' from command line to 'False'
[0.578s] Level 5:colcon.colcon_core.verb:set package 'roschat_ui' build argument 'cmake_clean_cache' from command line to 'False'
[0.578s] Level 5:colcon.colcon_core.verb:set package 'roschat_ui' build argument 'cmake_clean_first' from command line to 'False'
[0.578s] Level 5:colcon.colcon_core.verb:set package 'roschat_ui' build argument 'cmake_force_configure' from command line to 'False'
[0.578s] Level 5:colcon.colcon_core.verb:set package 'roschat_ui' build argument 'ament_cmake_args' from command line to 'None'
[0.578s] Level 5:colcon.colcon_core.verb:set package 'roschat_ui' build argument 'catkin_cmake_args' from command line to 'None'
[0.578s] Level 5:colcon.colcon_core.verb:set package 'roschat_ui' build argument 'catkin_skip_building_tests' from command line to 'False'
[0.578s] DEBUG:colcon.colcon_core.verb:Building package 'roschat_ui' with the following arguments: {'ament_cmake_args': None, 'build_base': '/home/xiye/ROSChatr/build/roschat_ui', 'catkin_cmake_args': None, 'catkin_skip_building_tests': False, 'cmake_args': None, 'cmake_clean_cache': False, 'cmake_clean_first': False, 'cmake_force_configure': False, 'cmake_target': None, 'cmake_target_skip_unavailable': False, 'install_base': '/home/xiye/ROSChatr/install/roschat_ui', 'merge_install': False, 'path': '/home/xiye/ROSChatr/src/roschat_ui', 'symlink_install': False, 'test_result_base': None}
[0.578s] Level 5:colcon.colcon_core.verb:set package 'chat_system' build argument 'cmake_args' from command line to 'None'
[0.578s] Level 5:colcon.colcon_core.verb:set package 'chat_system' build argument 'cmake_target' from command line to 'None'
[0.578s] Level 5:colcon.colcon_core.verb:set package 'chat_system' build argument 'cmake_target_skip_unavailable' from command line to 'False'
[0.578s] Level 5:colcon.colcon_core.verb:set package 'chat_system' build argument 'cmake_clean_cache' from command line to 'False'
[0.578s] Level 5:colcon.colcon_core.verb:set package 'chat_system' build argument 'cmake_clean_first' from command line to 'False'
[0.578s] Level 5:colcon.colcon_core.verb:set package 'chat_system' build argument 'cmake_force_configure' from command line to 'False'
[0.578s] Level 5:colcon.colcon_core.verb:set package 'chat_system' build argument 'ament_cmake_args' from command line to 'None'
[0.578s] Level 5:colcon.colcon_core.verb:set package 'chat_system' build argument 'catkin_cmake_args' from command line to 'None'
[0.578s] Level 5:colcon.colcon_core.verb:set package 'chat_system' build argument 'catkin_skip_building_tests' from command line to 'False'
[0.578s] DEBUG:colcon.colcon_core.verb:Building package 'chat_system' with the following arguments: {'ament_cmake_args': None, 'build_base': '/home/xiye/ROSChatr/build/chat_system', 'catkin_cmake_args': None, 'catkin_skip_building_tests': False, 'cmake_args': None, 'cmake_clean_cache': False, 'cmake_clean_first': False, 'cmake_force_configure': False, 'cmake_target': None, 'cmake_target_skip_unavailable': False, 'install_base': '/home/xiye/ROSChatr/install/chat_system', 'merge_install': False, 'path': '/home/xiye/ROSChatr/src/chat_system', 'symlink_install': False, 'test_result_base': None}
[0.578s] INFO:colcon.colcon_core.executor:Executing jobs using 'parallel' executor
[0.579s] DEBUG:colcon.colcon_parallel_executor.executor.parallel:run_until_complete
[0.580s] INFO:colcon.colcon_ros.task.ament_cmake.build:Building ROS package in '/home/xiye/ROSChatr/src/chat_interfaces' with build type 'ament_cmake'
[0.580s] INFO:colcon.colcon_cmake.task.cmake.build:Building CMake package in '/home/xiye/ROSChatr/src/chat_interfaces'
[0.582s] INFO:colcon.colcon_core.plugin_system:Skipping extension 'colcon_core.shell.bat': Not used on non-Windows systems
[0.582s] INFO:colcon.colcon_core.shell:Skip shell extension 'powershell' for command environment: Not usable outside of PowerShell
[0.582s] DEBUG:colcon.colcon_core.shell:Skip shell extension 'dsv' for command environment
[0.640s] INFO:colcon.colcon_ros.task.ament_python.build:Building ROS package in '/home/xiye/ROSChatr/src/roschat_ui' with build type 'ament_python'
[0.641s] Level 1:colcon.colcon_core.shell:create_environment_hook('roschat_ui', 'ament_prefix_path')
[0.641s] INFO:colcon.colcon_core.shell:Creating environment hook '/home/xiye/ROSChatr/install/roschat_ui/share/roschat_ui/hook/ament_prefix_path.ps1'
[0.642s] INFO:colcon.colcon_core.shell:Creating environment descriptor '/home/xiye/ROSChatr/install/roschat_ui/share/roschat_ui/hook/ament_prefix_path.dsv'
[0.642s] INFO:colcon.colcon_core.shell:Creating environment hook '/home/xiye/ROSChatr/install/roschat_ui/share/roschat_ui/hook/ament_prefix_path.sh'
[0.643s] INFO:colcon.colcon_core.shell:Skip shell extension 'powershell' for command environment: Not usable outside of PowerShell
[0.643s] DEBUG:colcon.colcon_core.shell:Skip shell extension 'dsv' for command environment
[0.705s] DEBUG:colcon.colcon_core.event_handler.log_command:Invoking command in '/home/xiye/ROSChatr/build/chat_interfaces': CMAKE_PREFIX_PATH=${CMAKE_PREFIX_PATH}:/home/xiye/ROSChatr/install/roschat_ui:/home/xiye/ROSChatr/install/chat_system:/mnt/hgfs/Ubuntu22.04_ros/dev_ws_1/install/learning_urdf:/mnt/hgfs/Ubuntu22.04_ros/dev_ws_1/install/learning_topic:/mnt/hgfs/Ubuntu22.04_ros/dev_ws_1/install/learning_tf:/mnt/hgfs/Ubuntu22.04_ros/dev_ws_1/install/learning_service:/mnt/hgfs/Ubuntu22.04_ros/dev_ws_1/install/learning_qos:/mnt/hgfs/Ubuntu22.04_ros/dev_ws_1/install/learning_pkg_python:/mnt/hgfs/Ubuntu22.04_ros/dev_ws_1/install/learning_parameter:/mnt/hgfs/Ubuntu22.04_ros/dev_ws_1/install/learning_node:/mnt/hgfs/Ubuntu22.04_ros/dev_ws_1/install/learning_launch:/mnt/hgfs/Ubuntu22.04_ros/dev_ws_1/install/learning_action:/mnt/hgfs/Ubuntu22.04_ros/dev_ws_1/install/learning_gazebo_harmonic:/mnt/hgfs/Ubuntu22.04_ros/dev_ws_1/install/learning_gazebo:/mnt/hgfs/Ubuntu22.04_ros/dev_ws_1/install/learning_cv:/opt/ros/humble /usr/bin/cmake --build /home/xiye/ROSChatr/build/chat_interfaces -- -j12 -l12
[1.264s] INFO:colcon.colcon_core.task.python.build:Building Python package in '/home/xiye/ROSChatr/src/roschat_ui'
[1.264s] INFO:colcon.colcon_core.shell:Skip shell extension 'powershell' for command environment: Not usable outside of PowerShell
[1.265s] DEBUG:colcon.colcon_core.shell:Skip shell extension 'dsv' for command environment
[2.078s] DEBUG:colcon.colcon_core.event_handler.log_command:Invoked command in '/home/xiye/ROSChatr/build/chat_interfaces' returned '0': CMAKE_PREFIX_PATH=${CMAKE_PREFIX_PATH}:/home/xiye/ROSChatr/install/roschat_ui:/home/xiye/ROSChatr/install/chat_system:/mnt/hgfs/Ubuntu22.04_ros/dev_ws_1/install/learning_urdf:/mnt/hgfs/Ubuntu22.04_ros/dev_ws_1/install/learning_topic:/mnt/hgfs/Ubuntu22.04_ros/dev_ws_1/install/learning_tf:/mnt/hgfs/Ubuntu22.04_ros/dev_ws_1/install/learning_service:/mnt/hgfs/Ubuntu22.04_ros/dev_ws_1/install/learning_qos:/mnt/hgfs/Ubuntu22.04_ros/dev_ws_1/install/learning_pkg_python:/mnt/hgfs/Ubuntu22.04_ros/dev_ws_1/install/learning_parameter:/mnt/hgfs/Ubuntu22.04_ros/dev_ws_1/install/learning_node:/mnt/hgfs/Ubuntu22.04_ros/dev_ws_1/install/learning_launch:/mnt/hgfs/Ubuntu22.04_ros/dev_ws_1/install/learning_action:/mnt/hgfs/Ubuntu22.04_ros/dev_ws_1/install/learning_gazebo_harmonic:/mnt/hgfs/Ubuntu22.04_ros/dev_ws_1/install/learning_gazebo:/mnt/hgfs/Ubuntu22.04_ros/dev_ws_1/install/learning_cv:/opt/ros/humble /usr/bin/cmake --build /home/xiye/ROSChatr/build/chat_interfaces -- -j12 -l12
[2.105s] DEBUG:colcon.colcon_core.event_handler.log_command:Invoking command in '/home/xiye/ROSChatr/build/chat_interfaces': CMAKE_PREFIX_PATH=${CMAKE_PREFIX_PATH}:/home/xiye/ROSChatr/install/roschat_ui:/home/xiye/ROSChatr/install/chat_system:/mnt/hgfs/Ubuntu22.04_ros/dev_ws_1/install/learning_urdf:/mnt/hgfs/Ubuntu22.04_ros/dev_ws_1/install/learning_topic:/mnt/hgfs/Ubuntu22.04_ros/dev_ws_1/install/learning_tf:/mnt/hgfs/Ubuntu22.04_ros/dev_ws_1/install/learning_service:/mnt/hgfs/Ubuntu22.04_ros/dev_ws_1/install/learning_qos:/mnt/hgfs/Ubuntu22.04_ros/dev_ws_1/install/learning_pkg_python:/mnt/hgfs/Ubuntu22.04_ros/dev_ws_1/install/learning_parameter:/mnt/hgfs/Ubuntu22.04_ros/dev_ws_1/install/learning_node:/mnt/hgfs/Ubuntu22.04_ros/dev_ws_1/install/learning_launch:/mnt/hgfs/Ubuntu22.04_ros/dev_ws_1/install/learning_action:/mnt/hgfs/Ubuntu22.04_ros/dev_ws_1/install/learning_gazebo_harmonic:/mnt/hgfs/Ubuntu22.04_ros/dev_ws_1/install/learning_gazebo:/mnt/hgfs/Ubuntu22.04_ros/dev_ws_1/install/learning_cv:/opt/ros/humble /usr/bin/cmake --install /home/xiye/ROSChatr/build/chat_interfaces
[2.117s] DEBUG:colcon.colcon_core.event_handler.log_command:Invoking command in '/home/xiye/ROSChatr/src/roschat_ui': PYTHONPATH=/home/xiye/ROSChatr/build/roschat_ui/prefix_override:/usr/lib/python3/dist-packages/colcon_core/task/python/colcon_distutils_commands:/home/xiye/ROSChatr/install/roschat_ui/lib/python3.10/site-packages:${PYTHONPATH} /usr/bin/python3 -W ignore:setup.py install is deprecated -W ignore:easy_install command is deprecated setup.py egg_info --egg-base ../../build/roschat_ui build --build-base /home/xiye/ROSChatr/build/roschat_ui/build install --record /home/xiye/ROSChatr/build/roschat_ui/install.log --single-version-externally-managed install_data
[2.263s] Level 1:colcon.colcon_core.environment:create_environment_scripts_only(chat_interfaces)
[2.264s] DEBUG:colcon.colcon_core.event_handler.log_command:Invoked command in '/home/xiye/ROSChatr/build/chat_interfaces' returned '0': CMAKE_PREFIX_PATH=${CMAKE_PREFIX_PATH}:/home/xiye/ROSChatr/install/roschat_ui:/home/xiye/ROSChatr/install/chat_system:/mnt/hgfs/Ubuntu22.04_ros/dev_ws_1/install/learning_urdf:/mnt/hgfs/Ubuntu22.04_ros/dev_ws_1/install/learning_topic:/mnt/hgfs/Ubuntu22.04_ros/dev_ws_1/install/learning_tf:/mnt/hgfs/Ubuntu22.04_ros/dev_ws_1/install/learning_service:/mnt/hgfs/Ubuntu22.04_ros/dev_ws_1/install/learning_qos:/mnt/hgfs/Ubuntu22.04_ros/dev_ws_1/install/learning_pkg_python:/mnt/hgfs/Ubuntu22.04_ros/dev_ws_1/install/learning_parameter:/mnt/hgfs/Ubuntu22.04_ros/dev_ws_1/install/learning_node:/mnt/hgfs/Ubuntu22.04_ros/dev_ws_1/install/learning_launch:/mnt/hgfs/Ubuntu22.04_ros/dev_ws_1/install/learning_action:/mnt/hgfs/Ubuntu22.04_ros/dev_ws_1/install/learning_gazebo_harmonic:/mnt/hgfs/Ubuntu22.04_ros/dev_ws_1/install/learning_gazebo:/mnt/hgfs/Ubuntu22.04_ros/dev_ws_1/install/learning_cv:/opt/ros/humble /usr/bin/cmake --install /home/xiye/ROSChatr/build/chat_interfaces
[2.266s] Level 1:colcon.colcon_core.environment:checking '/home/xiye/ROSChatr/install/chat_interfaces' for CMake module files
[2.267s] Level 1:colcon.colcon_core.environment:checking '/home/xiye/ROSChatr/install/chat_interfaces' for CMake config files
[2.267s] Level 1:colcon.colcon_core.shell:create_environment_hook('chat_interfaces', 'cmake_prefix_path')
[2.267s] INFO:colcon.colcon_core.shell:Creating environment hook '/home/xiye/ROSChatr/install/chat_interfaces/share/chat_interfaces/hook/cmake_prefix_path.ps1'
[2.267s] INFO:colcon.colcon_core.shell:Creating environment descriptor '/home/xiye/ROSChatr/install/chat_interfaces/share/chat_interfaces/hook/cmake_prefix_path.dsv'
[2.268s] INFO:colcon.colcon_core.shell:Creating environment hook '/home/xiye/ROSChatr/install/chat_interfaces/share/chat_interfaces/hook/cmake_prefix_path.sh'
[2.269s] Level 1:colcon.colcon_core.environment:checking '/home/xiye/ROSChatr/install/chat_interfaces/lib'
[2.269s] Level 1:colcon.colcon_core.shell:create_environment_hook('chat_interfaces', 'ld_library_path_lib')
[2.269s] INFO:colcon.colcon_core.shell:Creating environment hook '/home/xiye/ROSChatr/install/chat_interfaces/share/chat_interfaces/hook/ld_library_path_lib.ps1'
[2.269s] INFO:colcon.colcon_core.shell:Creating environment descriptor '/home/xiye/ROSChatr/install/chat_interfaces/share/chat_interfaces/hook/ld_library_path_lib.dsv'
[2.270s] INFO:colcon.colcon_core.shell:Creating environment hook '/home/xiye/ROSChatr/install/chat_interfaces/share/chat_interfaces/hook/ld_library_path_lib.sh'
[2.270s] Level 1:colcon.colcon_core.environment:checking '/home/xiye/ROSChatr/install/chat_interfaces/bin'
[2.270s] Level 1:colcon.colcon_core.environment:checking '/home/xiye/ROSChatr/install/chat_interfaces/lib/pkgconfig/chat_interfaces.pc'
[2.271s] Level 1:colcon.colcon_core.environment:checking '/home/xiye/ROSChatr/install/chat_interfaces/lib/python3.10/site-packages'
[2.271s] Level 1:colcon.colcon_core.environment:checking '/home/xiye/ROSChatr/install/chat_interfaces/bin'
[2.271s] INFO:colcon.colcon_core.shell:Creating package script '/home/xiye/ROSChatr/install/chat_interfaces/share/chat_interfaces/package.ps1'
[2.272s] INFO:colcon.colcon_core.shell:Creating package descriptor '/home/xiye/ROSChatr/install/chat_interfaces/share/chat_interfaces/package.dsv'
[2.273s] INFO:colcon.colcon_core.shell:Creating package script '/home/xiye/ROSChatr/install/chat_interfaces/share/chat_interfaces/package.sh'
[2.274s] INFO:colcon.colcon_core.shell:Creating package script '/home/xiye/ROSChatr/install/chat_interfaces/share/chat_interfaces/package.bash'
[2.276s] INFO:colcon.colcon_core.shell:Creating package script '/home/xiye/ROSChatr/install/chat_interfaces/share/chat_interfaces/package.zsh'
[2.277s] Level 1:colcon.colcon_core.environment:create_file_with_runtime_dependencies(/home/xiye/ROSChatr/install/chat_interfaces/share/colcon-core/packages/chat_interfaces)
[2.278s] Level 1:colcon.colcon_core.environment:create_environment_scripts_only(chat_interfaces)
[2.278s] Level 1:colcon.colcon_core.environment:checking '/home/xiye/ROSChatr/install/chat_interfaces' for CMake module files
[2.279s] Level 1:colcon.colcon_core.environment:checking '/home/xiye/ROSChatr/install/chat_interfaces' for CMake config files
[2.279s] Level 1:colcon.colcon_core.shell:create_environment_hook('chat_interfaces', 'cmake_prefix_path')
[2.280s] INFO:colcon.colcon_core.shell:Creating environment hook '/home/xiye/ROSChatr/install/chat_interfaces/share/chat_interfaces/hook/cmake_prefix_path.ps1'
[2.280s] INFO:colcon.colcon_core.shell:Creating environment descriptor '/home/xiye/ROSChatr/install/chat_interfaces/share/chat_interfaces/hook/cmake_prefix_path.dsv'
[2.281s] INFO:colcon.colcon_core.shell:Creating environment hook '/home/xiye/ROSChatr/install/chat_interfaces/share/chat_interfaces/hook/cmake_prefix_path.sh'
[2.282s] Level 1:colcon.colcon_core.environment:checking '/home/xiye/ROSChatr/install/chat_interfaces/lib'
[2.282s] Level 1:colcon.colcon_core.shell:create_environment_hook('chat_interfaces', 'ld_library_path_lib')
[2.282s] INFO:colcon.colcon_core.shell:Creating environment hook '/home/xiye/ROSChatr/install/chat_interfaces/share/chat_interfaces/hook/ld_library_path_lib.ps1'
[2.283s] INFO:colcon.colcon_core.shell:Creating environment descriptor '/home/xiye/ROSChatr/install/chat_interfaces/share/chat_interfaces/hook/ld_library_path_lib.dsv'
[2.283s] INFO:colcon.colcon_core.shell:Creating environment hook '/home/xiye/ROSChatr/install/chat_interfaces/share/chat_interfaces/hook/ld_library_path_lib.sh'
[2.284s] Level 1:colcon.colcon_core.environment:checking '/home/xiye/ROSChatr/install/chat_interfaces/bin'
[2.284s] Level 1:colcon.colcon_core.environment:checking '/home/xiye/ROSChatr/install/chat_interfaces/lib/pkgconfig/chat_interfaces.pc'
[2.285s] Level 1:colcon.colcon_core.environment:checking '/home/xiye/ROSChatr/install/chat_interfaces/lib/python3.10/site-packages'
[2.285s] Level 1:colcon.colcon_core.environment:checking '/home/xiye/ROSChatr/install/chat_interfaces/bin'
[2.285s] INFO:colcon.colcon_core.shell:Creating package script '/home/xiye/ROSChatr/install/chat_interfaces/share/chat_interfaces/package.ps1'
[2.286s] INFO:colcon.colcon_core.shell:Creating package descriptor '/home/xiye/ROSChatr/install/chat_interfaces/share/chat_interfaces/package.dsv'
[2.287s] INFO:colcon.colcon_core.shell:Creating package script '/home/xiye/ROSChatr/install/chat_interfaces/share/chat_interfaces/package.sh'
[2.288s] INFO:colcon.colcon_core.shell:Creating package script '/home/xiye/ROSChatr/install/chat_interfaces/share/chat_interfaces/package.bash'
[2.289s] INFO:colcon.colcon_core.shell:Creating package script '/home/xiye/ROSChatr/install/chat_interfaces/share/chat_interfaces/package.zsh'
[2.289s] Level 1:colcon.colcon_core.environment:create_file_with_runtime_dependencies(/home/xiye/ROSChatr/install/chat_interfaces/share/colcon-core/packages/chat_interfaces)
[2.290s] INFO:colcon.colcon_ros.task.ament_python.build:Building ROS package in '/home/xiye/ROSChatr/src/chat_system' with build type 'ament_python'
[2.291s] Level 1:colcon.colcon_core.shell:create_environment_hook('chat_system', 'ament_prefix_path')
[2.291s] INFO:colcon.colcon_core.shell:Creating environment hook '/home/xiye/ROSChatr/install/chat_system/share/chat_system/hook/ament_prefix_path.ps1'
[2.292s] INFO:colcon.colcon_core.shell:Creating environment descriptor '/home/xiye/ROSChatr/install/chat_system/share/chat_system/hook/ament_prefix_path.dsv'
[2.292s] INFO:colcon.colcon_core.shell:Creating environment hook '/home/xiye/ROSChatr/install/chat_system/share/chat_system/hook/ament_prefix_path.sh'
[2.293s] INFO:colcon.colcon_core.shell:Skip shell extension 'powershell' for command environment: Not usable outside of PowerShell
[2.293s] DEBUG:colcon.colcon_core.shell:Skip shell extension 'dsv' for command environment
[2.977s] INFO:colcon.colcon_core.task.python.build:Building Python package in '/home/xiye/ROSChatr/src/chat_system'
[2.977s] INFO:colcon.colcon_core.shell:Skip shell extension 'powershell' for command environment: Not usable outside of PowerShell
[2.977s] DEBUG:colcon.colcon_core.shell:Skip shell extension 'dsv' for command environment
[3.048s] Level 1:colcon.colcon_core.environment:checking '/home/xiye/ROSChatr/install/roschat_ui' for CMake module files
[3.049s] DEBUG:colcon.colcon_core.event_handler.log_command:Invoked command in '/home/xiye/ROSChatr/src/roschat_ui' returned '0': PYTHONPATH=/home/xiye/ROSChatr/build/roschat_ui/prefix_override:/usr/lib/python3/dist-packages/colcon_core/task/python/colcon_distutils_commands:/home/xiye/ROSChatr/install/roschat_ui/lib/python3.10/site-packages:${PYTHONPATH} /usr/bin/python3 -W ignore:setup.py install is deprecated -W ignore:easy_install command is deprecated setup.py egg_info --egg-base ../../build/roschat_ui build --build-base /home/xiye/ROSChatr/build/roschat_ui/build install --record /home/xiye/ROSChatr/build/roschat_ui/install.log --single-version-externally-managed install_data
[3.049s] Level 1:colcon.colcon_core.environment:checking '/home/xiye/ROSChatr/install/roschat_ui' for CMake config files
[3.050s] Level 1:colcon.colcon_core.environment:checking '/home/xiye/ROSChatr/install/roschat_ui/lib'
[3.050s] Level 1:colcon.colcon_core.environment:checking '/home/xiye/ROSChatr/install/roschat_ui/bin'
[3.050s] Level 1:colcon.colcon_core.environment:checking '/home/xiye/ROSChatr/install/roschat_ui/lib/pkgconfig/roschat_ui.pc'
[3.050s] Level 1:colcon.colcon_core.environment:checking '/home/xiye/ROSChatr/install/roschat_ui/lib/python3.10/site-packages'
[3.050s] Level 1:colcon.colcon_core.shell:create_environment_hook('roschat_ui', 'pythonpath')
[3.050s] INFO:colcon.colcon_core.shell:Creating environment hook '/home/xiye/ROSChatr/install/roschat_ui/share/roschat_ui/hook/pythonpath.ps1'
[3.051s] INFO:colcon.colcon_core.shell:Creating environment descriptor '/home/xiye/ROSChatr/install/roschat_ui/share/roschat_ui/hook/pythonpath.dsv'
[3.051s] INFO:colcon.colcon_core.shell:Creating environment hook '/home/xiye/ROSChatr/install/roschat_ui/share/roschat_ui/hook/pythonpath.sh'
[3.052s] Level 1:colcon.colcon_core.environment:checking '/home/xiye/ROSChatr/install/roschat_ui/bin'
[3.052s] Level 1:colcon.colcon_core.environment:create_environment_scripts_only(roschat_ui)
[3.052s] INFO:colcon.colcon_core.shell:Creating package script '/home/xiye/ROSChatr/install/roschat_ui/share/roschat_ui/package.ps1'
[3.053s] INFO:colcon.colcon_core.shell:Creating package descriptor '/home/xiye/ROSChatr/install/roschat_ui/share/roschat_ui/package.dsv'
[3.054s] INFO:colcon.colcon_core.shell:Creating package script '/home/xiye/ROSChatr/install/roschat_ui/share/roschat_ui/package.sh'
[3.054s] INFO:colcon.colcon_core.shell:Creating package script '/home/xiye/ROSChatr/install/roschat_ui/share/roschat_ui/package.bash'
[3.055s] INFO:colcon.colcon_core.shell:Creating package script '/home/xiye/ROSChatr/install/roschat_ui/share/roschat_ui/package.zsh'
[3.055s] Level 1:colcon.colcon_core.environment:create_file_with_runtime_dependencies(/home/xiye/ROSChatr/install/roschat_ui/share/colcon-core/packages/roschat_ui)
[3.613s] DEBUG:colcon.colcon_core.event_handler.log_command:Invoking command in '/home/xiye/ROSChatr/src/chat_system': PYTHONPATH=/home/xiye/ROSChatr/build/chat_system/prefix_override:/usr/lib/python3/dist-packages/colcon_core/task/python/colcon_distutils_commands:/home/xiye/ROSChatr/install/chat_system/lib/python3.10/site-packages:${PYTHONPATH} /usr/bin/python3 -W ignore:setup.py install is deprecated -W ignore:easy_install command is deprecated setup.py egg_info --egg-base ../../build/chat_system build --build-base /home/xiye/ROSChatr/build/chat_system/build install --record /home/xiye/ROSChatr/build/chat_system/install.log --single-version-externally-managed install_data
[4.106s] Level 1:colcon.colcon_core.environment:checking '/home/xiye/ROSChatr/install/chat_system' for CMake module files
[4.106s] Level 1:colcon.colcon_core.environment:checking '/home/xiye/ROSChatr/install/chat_system' for CMake config files
[4.106s] DEBUG:colcon.colcon_core.event_handler.log_command:Invoked command in '/home/xiye/ROSChatr/src/chat_system' returned '0': PYTHONPATH=/home/xiye/ROSChatr/build/chat_system/prefix_override:/usr/lib/python3/dist-packages/colcon_core/task/python/colcon_distutils_commands:/home/xiye/ROSChatr/install/chat_system/lib/python3.10/site-packages:${PYTHONPATH} /usr/bin/python3 -W ignore:setup.py install is deprecated -W ignore:easy_install command is deprecated setup.py egg_info --egg-base ../../build/chat_system build --build-base /home/xiye/ROSChatr/build/chat_system/build install --record /home/xiye/ROSChatr/build/chat_system/install.log --single-version-externally-managed install_data
[4.107s] Level 1:colcon.colcon_core.environment:checking '/home/xiye/ROSChatr/install/chat_system/lib'
[4.107s] Level 1:colcon.colcon_core.environment:checking '/home/xiye/ROSChatr/install/chat_system/bin'
[4.107s] Level 1:colcon.colcon_core.environment:checking '/home/xiye/ROSChatr/install/chat_system/lib/pkgconfig/chat_system.pc'
[4.107s] Level 1:colcon.colcon_core.environment:checking '/home/xiye/ROSChatr/install/chat_system/lib/python3.10/site-packages'
[4.107s] Level 1:colcon.colcon_core.shell:create_environment_hook('chat_system', 'pythonpath')
[4.108s] INFO:colcon.colcon_core.shell:Creating environment hook '/home/xiye/ROSChatr/install/chat_system/share/chat_system/hook/pythonpath.ps1'
[4.108s] INFO:colcon.colcon_core.shell:Creating environment descriptor '/home/xiye/ROSChatr/install/chat_system/share/chat_system/hook/pythonpath.dsv'
[4.109s] INFO:colcon.colcon_core.shell:Creating environment hook '/home/xiye/ROSChatr/install/chat_system/share/chat_system/hook/pythonpath.sh'
[4.109s] Level 1:colcon.colcon_core.environment:checking '/home/xiye/ROSChatr/install/chat_system/bin'
[4.109s] Level 1:colcon.colcon_core.environment:create_environment_scripts_only(chat_system)
[4.110s] INFO:colcon.colcon_core.shell:Creating package script '/home/xiye/ROSChatr/install/chat_system/share/chat_system/package.ps1'
[4.110s] INFO:colcon.colcon_core.shell:Creating package descriptor '/home/xiye/ROSChatr/install/chat_system/share/chat_system/package.dsv'
[4.111s] INFO:colcon.colcon_core.shell:Creating package script '/home/xiye/ROSChatr/install/chat_system/share/chat_system/package.sh'
[4.111s] INFO:colcon.colcon_core.shell:Creating package script '/home/xiye/ROSChatr/install/chat_system/share/chat_system/package.bash'
[4.112s] INFO:colcon.colcon_core.shell:Creating package script '/home/xiye/ROSChatr/install/chat_system/share/chat_system/package.zsh'
[4.112s] Level 1:colcon.colcon_core.environment:create_file_with_runtime_dependencies(/home/xiye/ROSChatr/install/chat_system/share/colcon-core/packages/chat_system)
[4.113s] DEBUG:colcon.colcon_parallel_executor.executor.parallel:closing loop
[4.113s] DEBUG:colcon.colcon_parallel_executor.executor.parallel:loop closed
[4.114s] DEBUG:colcon.colcon_parallel_executor.executor.parallel:run_until_complete finished with '0'
[4.114s] DEBUG:colcon.colcon_core.event_reactor:joining thread
[4.132s] INFO:colcon.colcon_core.plugin_system:Skipping extension 'colcon_notification.desktop_notification.terminal_notifier': Not used on non-Darwin systems
[4.132s] INFO:colcon.colcon_core.plugin_system:Skipping extension 'colcon_notification.desktop_notification.win32': Not used on non-Windows systems
[4.133s] INFO:colcon.colcon_notification.desktop_notification:Sending desktop notification using 'notify2'
[4.149s] DEBUG:colcon.colcon_core.event_reactor:joined thread
[4.150s] INFO:colcon.colcon_core.shell:Creating prefix script '/home/xiye/ROSChatr/install/local_setup.ps1'
[4.151s] INFO:colcon.colcon_core.shell:Creating prefix util module '/home/xiye/ROSChatr/install/_local_setup_util_ps1.py'
[4.154s] INFO:colcon.colcon_core.shell:Creating prefix chain script '/home/xiye/ROSChatr/install/setup.ps1'
[4.210s] INFO:colcon.colcon_core.shell:Creating prefix script '/home/xiye/ROSChatr/install/local_setup.sh'
[4.210s] INFO:colcon.colcon_core.shell:Creating prefix util module '/home/xiye/ROSChatr/install/_local_setup_util_sh.py'
[4.211s] INFO:colcon.colcon_core.shell:Creating prefix chain script '/home/xiye/ROSChatr/install/setup.sh'
[4.259s] INFO:colcon.colcon_core.shell:Creating prefix script '/home/xiye/ROSChatr/install/local_setup.bash'
[4.260s] INFO:colcon.colcon_core.shell:Creating prefix chain script '/home/xiye/ROSChatr/install/setup.bash'
[4.305s] INFO:colcon.colcon_core.shell:Creating prefix script '/home/xiye/ROSChatr/install/local_setup.zsh'
[4.306s] INFO:colcon.colcon_core.shell:Creating prefix chain script '/home/xiye/ROSChatr/install/setup.zsh'
