[0.111s] DEBUG:colcon:Command line arguments: ['/usr/bin/colcon', 'build']
[0.111s] DEBUG:colcon:Parsed command line arguments: Namespace(log_base=None, log_level=None, verb_name='build', build_base='build', install_base='install', merge_install=False, symlink_install=False, test_result_base=None, continue_on_error=False, executor='parallel', parallel_workers=12, event_handlers=None, ignore_user_meta=False, metas=['./colcon.meta'], base_paths=['.'], packages_ignore=None, packages_ignore_regex=None, paths=None, packages_up_to=None, packages_up_to_regex=None, packages_above=None, packages_above_and_dependencies=None, packages_above_depth=None, packages_select_by_dep=None, packages_skip_by_dep=None, packages_skip_up_to=None, packages_select_build_failed=False, packages_skip_build_finished=False, packages_select_test_failures=False, packages_skip_test_passed=False, packages_select=None, packages_skip=None, packages_select_regex=None, packages_skip_regex=None, packages_start=None, packages_end=None, allow_overriding=[], cmake_args=None, cmake_target=None, cmake_target_skip_unavailable=False, cmake_clean_cache=False, cmake_clean_first=False, cmake_force_configure=False, ament_cmake_args=None, catkin_cmake_args=None, catkin_skip_building_tests=False, verb_parser=<colcon_defaults.argument_parser.defaults.DefaultArgumentsDecorator object at 0x70e00735fd30>, verb_extension=<colcon_core.verb.build.BuildVerb object at 0x70e00735f8e0>, main=<bound method BuildVerb.main of <colcon_core.verb.build.BuildVerb object at 0x70e00735f8e0>>)
[0.377s] Level 1:colcon.colcon_core.package_discovery:discover_packages(colcon_meta) check parameters
[0.377s] Level 1:colcon.colcon_core.package_discovery:discover_packages(recursive) check parameters
[0.377s] Level 1:colcon.colcon_core.package_discovery:discover_packages(ignore) check parameters
[0.377s] Level 1:colcon.colcon_core.package_discovery:discover_packages(path) check parameters
[0.377s] Level 1:colcon.colcon_core.package_discovery:discover_packages(colcon_meta) discover
[0.377s] Level 1:colcon.colcon_core.package_discovery:discover_packages(recursive) discover
[0.377s] INFO:colcon.colcon_core.package_discovery:Crawling recursively for packages in '/home/xiye/ROSChatr'
[0.377s] Level 1:colcon.colcon_core.package_identification:_identify(.) by extensions ['ignore', 'ignore_ament_install']
[0.377s] Level 1:colcon.colcon_core.package_identification:_identify(.) by extension 'ignore'
[0.377s] Level 1:colcon.colcon_core.package_identification:_identify(.) by extension 'ignore_ament_install'
[0.377s] Level 1:colcon.colcon_core.package_identification:_identify(.) by extensions ['colcon_pkg']
[0.377s] Level 1:colcon.colcon_core.package_identification:_identify(.) by extension 'colcon_pkg'
[0.377s] Level 1:colcon.colcon_core.package_identification:_identify(.) by extensions ['colcon_meta']
[0.378s] Level 1:colcon.colcon_core.package_identification:_identify(.) by extension 'colcon_meta'
[0.378s] Level 1:colcon.colcon_core.package_identification:_identify(.) by extensions ['ros']
[0.378s] Level 1:colcon.colcon_core.package_identification:_identify(.) by extension 'ros'
[0.393s] Level 1:colcon.colcon_core.package_identification:_identify(.) by extensions ['cmake', 'python']
[0.393s] Level 1:colcon.colcon_core.package_identification:_identify(.) by extension 'cmake'
[0.393s] Level 1:colcon.colcon_core.package_identification:_identify(.) by extension 'python'
[0.393s] Level 1:colcon.colcon_core.package_identification:_identify(.) by extensions ['python_setup_py']
[0.393s] Level 1:colcon.colcon_core.package_identification:_identify(.) by extension 'python_setup_py'
[0.394s] Level 1:colcon.colcon_core.package_identification:_identify(build) by extensions ['ignore', 'ignore_ament_install']
[0.394s] Level 1:colcon.colcon_core.package_identification:_identify(build) by extension 'ignore'
[0.394s] Level 1:colcon.colcon_core.package_identification:_identify(build) ignored
[0.394s] Level 1:colcon.colcon_core.package_identification:_identify(install) by extensions ['ignore', 'ignore_ament_install']
[0.394s] Level 1:colcon.colcon_core.package_identification:_identify(install) by extension 'ignore'
[0.394s] Level 1:colcon.colcon_core.package_identification:_identify(install) ignored
[0.394s] Level 1:colcon.colcon_core.package_identification:_identify(log) by extensions ['ignore', 'ignore_ament_install']
[0.394s] Level 1:colcon.colcon_core.package_identification:_identify(log) by extension 'ignore'
[0.394s] Level 1:colcon.colcon_core.package_identification:_identify(log) ignored
[0.394s] Level 1:colcon.colcon_core.package_identification:_identify(src) by extensions ['ignore', 'ignore_ament_install']
[0.394s] Level 1:colcon.colcon_core.package_identification:_identify(src) by extension 'ignore'
[0.394s] Level 1:colcon.colcon_core.package_identification:_identify(src) by extension 'ignore_ament_install'
[0.394s] Level 1:colcon.colcon_core.package_identification:_identify(src) by extensions ['colcon_pkg']
[0.394s] Level 1:colcon.colcon_core.package_identification:_identify(src) by extension 'colcon_pkg'
[0.395s] Level 1:colcon.colcon_core.package_identification:_identify(src) by extensions ['colcon_meta']
[0.395s] Level 1:colcon.colcon_core.package_identification:_identify(src) by extension 'colcon_meta'
[0.395s] Level 1:colcon.colcon_core.package_identification:_identify(src) by extensions ['ros']
[0.395s] Level 1:colcon.colcon_core.package_identification:_identify(src) by extension 'ros'
[0.395s] Level 1:colcon.colcon_core.package_identification:_identify(src) by extensions ['cmake', 'python']
[0.395s] Level 1:colcon.colcon_core.package_identification:_identify(src) by extension 'cmake'
[0.395s] Level 1:colcon.colcon_core.package_identification:_identify(src) by extension 'python'
[0.395s] Level 1:colcon.colcon_core.package_identification:_identify(src) by extensions ['python_setup_py']
[0.395s] Level 1:colcon.colcon_core.package_identification:_identify(src) by extension 'python_setup_py'
[0.395s] Level 1:colcon.colcon_core.package_identification:_identify(src/chat_interfaces) by extensions ['ignore', 'ignore_ament_install']
[0.395s] Level 1:colcon.colcon_core.package_identification:_identify(src/chat_interfaces) by extension 'ignore'
[0.395s] Level 1:colcon.colcon_core.package_identification:_identify(src/chat_interfaces) by extension 'ignore_ament_install'
[0.395s] Level 1:colcon.colcon_core.package_identification:_identify(src/chat_interfaces) by extensions ['colcon_pkg']
[0.395s] Level 1:colcon.colcon_core.package_identification:_identify(src/chat_interfaces) by extension 'colcon_pkg'
[0.395s] Level 1:colcon.colcon_core.package_identification:_identify(src/chat_interfaces) by extensions ['colcon_meta']
[0.395s] Level 1:colcon.colcon_core.package_identification:_identify(src/chat_interfaces) by extension 'colcon_meta'
[0.395s] Level 1:colcon.colcon_core.package_identification:_identify(src/chat_interfaces) by extensions ['ros']
[0.395s] Level 1:colcon.colcon_core.package_identification:_identify(src/chat_interfaces) by extension 'ros'
[0.397s] DEBUG:colcon.colcon_core.package_identification:Package 'src/chat_interfaces' with type 'ros.ament_cmake' and name 'chat_interfaces'
[0.397s] Level 1:colcon.colcon_core.package_identification:_identify(src/chat_system) by extensions ['ignore', 'ignore_ament_install']
[0.397s] Level 1:colcon.colcon_core.package_identification:_identify(src/chat_system) by extension 'ignore'
[0.397s] Level 1:colcon.colcon_core.package_identification:_identify(src/chat_system) by extension 'ignore_ament_install'
[0.397s] Level 1:colcon.colcon_core.package_identification:_identify(src/chat_system) by extensions ['colcon_pkg']
[0.398s] Level 1:colcon.colcon_core.package_identification:_identify(src/chat_system) by extension 'colcon_pkg'
[0.398s] Level 1:colcon.colcon_core.package_identification:_identify(src/chat_system) by extensions ['colcon_meta']
[0.398s] Level 1:colcon.colcon_core.package_identification:_identify(src/chat_system) by extension 'colcon_meta'
[0.398s] Level 1:colcon.colcon_core.package_identification:_identify(src/chat_system) by extensions ['ros']
[0.398s] Level 1:colcon.colcon_core.package_identification:_identify(src/chat_system) by extension 'ros'
[0.398s] DEBUG:colcon.colcon_core.package_identification:Package 'src/chat_system' with type 'ros.ament_python' and name 'chat_system'
[0.398s] Level 1:colcon.colcon_core.package_identification:_identify(src/roschat_ui) by extensions ['ignore', 'ignore_ament_install']
[0.398s] Level 1:colcon.colcon_core.package_identification:_identify(src/roschat_ui) by extension 'ignore'
[0.399s] Level 1:colcon.colcon_core.package_identification:_identify(src/roschat_ui) by extension 'ignore_ament_install'
[0.399s] Level 1:colcon.colcon_core.package_identification:_identify(src/roschat_ui) by extensions ['colcon_pkg']
[0.399s] Level 1:colcon.colcon_core.package_identification:_identify(src/roschat_ui) by extension 'colcon_pkg'
[0.399s] Level 1:colcon.colcon_core.package_identification:_identify(src/roschat_ui) by extensions ['colcon_meta']
[0.399s] Level 1:colcon.colcon_core.package_identification:_identify(src/roschat_ui) by extension 'colcon_meta'
[0.399s] Level 1:colcon.colcon_core.package_identification:_identify(src/roschat_ui) by extensions ['ros']
[0.399s] Level 1:colcon.colcon_core.package_identification:_identify(src/roschat_ui) by extension 'ros'
[0.399s] DEBUG:colcon.colcon_core.package_identification:Package 'src/roschat_ui' with type 'ros.ament_python' and name 'roschat_ui'
[0.399s] Level 1:colcon.colcon_core.package_discovery:discover_packages(recursive) using defaults
[0.399s] Level 1:colcon.colcon_core.package_discovery:discover_packages(ignore) discover
[0.399s] Level 1:colcon.colcon_core.package_discovery:discover_packages(ignore) using defaults
[0.399s] Level 1:colcon.colcon_core.package_discovery:discover_packages(path) discover
[0.399s] Level 1:colcon.colcon_core.package_discovery:discover_packages(path) using defaults
[0.417s] Level 1:colcon.colcon_core.package_discovery:discover_packages(prefix_path) check parameters
[0.417s] Level 1:colcon.colcon_core.package_discovery:discover_packages(prefix_path) discover
[0.457s] DEBUG:colcon.colcon_installed_package_information.package_discovery:Found 3 installed packages in /home/xiye/ROSChatr/install
[0.490s] DEBUG:colcon.colcon_installed_package_information.package_discovery:Found 21 installed packages in /mnt/hgfs/Ubuntu22.04_ros/dev_ws_1/install
[0.491s] DEBUG:colcon.colcon_installed_package_information.package_discovery:Found 389 installed packages in /opt/ros/humble
[0.492s] Level 1:colcon.colcon_core.package_discovery:discover_packages(prefix_path) using defaults
[0.561s] Level 5:colcon.colcon_core.verb:set package 'chat_interfaces' build argument 'cmake_args' from command line to 'None'
[0.561s] Level 5:colcon.colcon_core.verb:set package 'chat_interfaces' build argument 'cmake_target' from command line to 'None'
[0.561s] Level 5:colcon.colcon_core.verb:set package 'chat_interfaces' build argument 'cmake_target_skip_unavailable' from command line to 'False'
[0.561s] Level 5:colcon.colcon_core.verb:set package 'chat_interfaces' build argument 'cmake_clean_cache' from command line to 'False'
[0.561s] Level 5:colcon.colcon_core.verb:set package 'chat_interfaces' build argument 'cmake_clean_first' from command line to 'False'
[0.561s] Level 5:colcon.colcon_core.verb:set package 'chat_interfaces' build argument 'cmake_force_configure' from command line to 'False'
[0.561s] Level 5:colcon.colcon_core.verb:set package 'chat_interfaces' build argument 'ament_cmake_args' from command line to 'None'
[0.561s] Level 5:colcon.colcon_core.verb:set package 'chat_interfaces' build argument 'catkin_cmake_args' from command line to 'None'
[0.561s] Level 5:colcon.colcon_core.verb:set package 'chat_interfaces' build argument 'catkin_skip_building_tests' from command line to 'False'
[0.561s] DEBUG:colcon.colcon_core.verb:Building package 'chat_interfaces' with the following arguments: {'ament_cmake_args': None, 'build_base': '/home/xiye/ROSChatr/build/chat_interfaces', 'catkin_cmake_args': None, 'catkin_skip_building_tests': False, 'cmake_args': None, 'cmake_clean_cache': False, 'cmake_clean_first': False, 'cmake_force_configure': False, 'cmake_target': None, 'cmake_target_skip_unavailable': False, 'install_base': '/home/xiye/ROSChatr/install/chat_interfaces', 'merge_install': False, 'path': '/home/xiye/ROSChatr/src/chat_interfaces', 'symlink_install': False, 'test_result_base': None}
[0.562s] Level 5:colcon.colcon_core.verb:set package 'roschat_ui' build argument 'cmake_args' from command line to 'None'
[0.562s] Level 5:colcon.colcon_core.verb:set package 'roschat_ui' build argument 'cmake_target' from command line to 'None'
[0.562s] Level 5:colcon.colcon_core.verb:set package 'roschat_ui' build argument 'cmake_target_skip_unavailable' from command line to 'False'
[0.562s] Level 5:colcon.colcon_core.verb:set package 'roschat_ui' build argument 'cmake_clean_cache' from command line to 'False'
[0.562s] Level 5:colcon.colcon_core.verb:set package 'roschat_ui' build argument 'cmake_clean_first' from command line to 'False'
[0.562s] Level 5:colcon.colcon_core.verb:set package 'roschat_ui' build argument 'cmake_force_configure' from command line to 'False'
[0.562s] Level 5:colcon.colcon_core.verb:set package 'roschat_ui' build argument 'ament_cmake_args' from command line to 'None'
[0.562s] Level 5:colcon.colcon_core.verb:set package 'roschat_ui' build argument 'catkin_cmake_args' from command line to 'None'
[0.562s] Level 5:colcon.colcon_core.verb:set package 'roschat_ui' build argument 'catkin_skip_building_tests' from command line to 'False'
[0.562s] DEBUG:colcon.colcon_core.verb:Building package 'roschat_ui' with the following arguments: {'ament_cmake_args': None, 'build_base': '/home/xiye/ROSChatr/build/roschat_ui', 'catkin_cmake_args': None, 'catkin_skip_building_tests': False, 'cmake_args': None, 'cmake_clean_cache': False, 'cmake_clean_first': False, 'cmake_force_configure': False, 'cmake_target': None, 'cmake_target_skip_unavailable': False, 'install_base': '/home/xiye/ROSChatr/install/roschat_ui', 'merge_install': False, 'path': '/home/xiye/ROSChatr/src/roschat_ui', 'symlink_install': False, 'test_result_base': None}
[0.562s] Level 5:colcon.colcon_core.verb:set package 'chat_system' build argument 'cmake_args' from command line to 'None'
[0.562s] Level 5:colcon.colcon_core.verb:set package 'chat_system' build argument 'cmake_target' from command line to 'None'
[0.562s] Level 5:colcon.colcon_core.verb:set package 'chat_system' build argument 'cmake_target_skip_unavailable' from command line to 'False'
[0.562s] Level 5:colcon.colcon_core.verb:set package 'chat_system' build argument 'cmake_clean_cache' from command line to 'False'
[0.562s] Level 5:colcon.colcon_core.verb:set package 'chat_system' build argument 'cmake_clean_first' from command line to 'False'
[0.562s] Level 5:colcon.colcon_core.verb:set package 'chat_system' build argument 'cmake_force_configure' from command line to 'False'
[0.562s] Level 5:colcon.colcon_core.verb:set package 'chat_system' build argument 'ament_cmake_args' from command line to 'None'
[0.562s] Level 5:colcon.colcon_core.verb:set package 'chat_system' build argument 'catkin_cmake_args' from command line to 'None'
[0.562s] Level 5:colcon.colcon_core.verb:set package 'chat_system' build argument 'catkin_skip_building_tests' from command line to 'False'
[0.562s] DEBUG:colcon.colcon_core.verb:Building package 'chat_system' with the following arguments: {'ament_cmake_args': None, 'build_base': '/home/xiye/ROSChatr/build/chat_system', 'catkin_cmake_args': None, 'catkin_skip_building_tests': False, 'cmake_args': None, 'cmake_clean_cache': False, 'cmake_clean_first': False, 'cmake_force_configure': False, 'cmake_target': None, 'cmake_target_skip_unavailable': False, 'install_base': '/home/xiye/ROSChatr/install/chat_system', 'merge_install': False, 'path': '/home/xiye/ROSChatr/src/chat_system', 'symlink_install': False, 'test_result_base': None}
[0.562s] INFO:colcon.colcon_core.executor:Executing jobs using 'parallel' executor
[0.563s] DEBUG:colcon.colcon_parallel_executor.executor.parallel:run_until_complete
[0.564s] INFO:colcon.colcon_ros.task.ament_cmake.build:Building ROS package in '/home/xiye/ROSChatr/src/chat_interfaces' with build type 'ament_cmake'
[0.564s] INFO:colcon.colcon_cmake.task.cmake.build:Building CMake package in '/home/xiye/ROSChatr/src/chat_interfaces'
[0.566s] INFO:colcon.colcon_core.plugin_system:Skipping extension 'colcon_core.shell.bat': Not used on non-Windows systems
[0.566s] INFO:colcon.colcon_core.shell:Skip shell extension 'powershell' for command environment: Not usable outside of PowerShell
[0.566s] DEBUG:colcon.colcon_core.shell:Skip shell extension 'dsv' for command environment
[0.620s] INFO:colcon.colcon_ros.task.ament_python.build:Building ROS package in '/home/xiye/ROSChatr/src/roschat_ui' with build type 'ament_python'
[0.620s] Level 1:colcon.colcon_core.shell:create_environment_hook('roschat_ui', 'ament_prefix_path')
[0.621s] INFO:colcon.colcon_core.shell:Creating environment hook '/home/xiye/ROSChatr/install/roschat_ui/share/roschat_ui/hook/ament_prefix_path.ps1'
[0.621s] INFO:colcon.colcon_core.shell:Creating environment descriptor '/home/xiye/ROSChatr/install/roschat_ui/share/roschat_ui/hook/ament_prefix_path.dsv'
[0.622s] INFO:colcon.colcon_core.shell:Creating environment hook '/home/xiye/ROSChatr/install/roschat_ui/share/roschat_ui/hook/ament_prefix_path.sh'
[0.623s] INFO:colcon.colcon_core.shell:Skip shell extension 'powershell' for command environment: Not usable outside of PowerShell
[0.623s] DEBUG:colcon.colcon_core.shell:Skip shell extension 'dsv' for command environment
[0.684s] DEBUG:colcon.colcon_core.event_handler.log_command:Invoking command in '/home/xiye/ROSChatr/build/chat_interfaces': CMAKE_PREFIX_PATH=${CMAKE_PREFIX_PATH}:/home/xiye/ROSChatr/install/roschat_ui:/home/xiye/ROSChatr/install/chat_system:/mnt/hgfs/Ubuntu22.04_ros/dev_ws_1/install/learning_urdf:/mnt/hgfs/Ubuntu22.04_ros/dev_ws_1/install/learning_topic:/mnt/hgfs/Ubuntu22.04_ros/dev_ws_1/install/learning_tf:/mnt/hgfs/Ubuntu22.04_ros/dev_ws_1/install/learning_service:/mnt/hgfs/Ubuntu22.04_ros/dev_ws_1/install/learning_qos:/mnt/hgfs/Ubuntu22.04_ros/dev_ws_1/install/learning_pkg_python:/mnt/hgfs/Ubuntu22.04_ros/dev_ws_1/install/learning_parameter:/mnt/hgfs/Ubuntu22.04_ros/dev_ws_1/install/learning_node:/mnt/hgfs/Ubuntu22.04_ros/dev_ws_1/install/learning_launch:/mnt/hgfs/Ubuntu22.04_ros/dev_ws_1/install/learning_action:/mnt/hgfs/Ubuntu22.04_ros/dev_ws_1/install/learning_gazebo_harmonic:/mnt/hgfs/Ubuntu22.04_ros/dev_ws_1/install/learning_gazebo:/mnt/hgfs/Ubuntu22.04_ros/dev_ws_1/install/learning_cv:/opt/ros/humble /usr/bin/cmake --build /home/xiye/ROSChatr/build/chat_interfaces -- -j12 -l12
[1.155s] INFO:colcon.colcon_core.task.python.build:Building Python package in '/home/xiye/ROSChatr/src/roschat_ui'
[1.155s] INFO:colcon.colcon_core.shell:Skip shell extension 'powershell' for command environment: Not usable outside of PowerShell
[1.155s] DEBUG:colcon.colcon_core.shell:Skip shell extension 'dsv' for command environment
[1.911s] DEBUG:colcon.colcon_core.event_handler.log_command:Invoking command in '/home/xiye/ROSChatr/src/roschat_ui': PYTHONPATH=/home/xiye/ROSChatr/build/roschat_ui/prefix_override:/usr/lib/python3/dist-packages/colcon_core/task/python/colcon_distutils_commands:/home/xiye/ROSChatr/install/roschat_ui/lib/python3.10/site-packages:${PYTHONPATH} /usr/bin/python3 -W ignore:setup.py install is deprecated -W ignore:easy_install command is deprecated setup.py egg_info --egg-base ../../build/roschat_ui build --build-base /home/xiye/ROSChatr/build/roschat_ui/build install --record /home/xiye/ROSChatr/build/roschat_ui/install.log --single-version-externally-managed install_data
[1.912s] DEBUG:colcon.colcon_core.event_handler.log_command:Invoked command in '/home/xiye/ROSChatr/build/chat_interfaces' returned '0': CMAKE_PREFIX_PATH=${CMAKE_PREFIX_PATH}:/home/xiye/ROSChatr/install/roschat_ui:/home/xiye/ROSChatr/install/chat_system:/mnt/hgfs/Ubuntu22.04_ros/dev_ws_1/install/learning_urdf:/mnt/hgfs/Ubuntu22.04_ros/dev_ws_1/install/learning_topic:/mnt/hgfs/Ubuntu22.04_ros/dev_ws_1/install/learning_tf:/mnt/hgfs/Ubuntu22.04_ros/dev_ws_1/install/learning_service:/mnt/hgfs/Ubuntu22.04_ros/dev_ws_1/install/learning_qos:/mnt/hgfs/Ubuntu22.04_ros/dev_ws_1/install/learning_pkg_python:/mnt/hgfs/Ubuntu22.04_ros/dev_ws_1/install/learning_parameter:/mnt/hgfs/Ubuntu22.04_ros/dev_ws_1/install/learning_node:/mnt/hgfs/Ubuntu22.04_ros/dev_ws_1/install/learning_launch:/mnt/hgfs/Ubuntu22.04_ros/dev_ws_1/install/learning_action:/mnt/hgfs/Ubuntu22.04_ros/dev_ws_1/install/learning_gazebo_harmonic:/mnt/hgfs/Ubuntu22.04_ros/dev_ws_1/install/learning_gazebo:/mnt/hgfs/Ubuntu22.04_ros/dev_ws_1/install/learning_cv:/opt/ros/humble /usr/bin/cmake --build /home/xiye/ROSChatr/build/chat_interfaces -- -j12 -l12
[1.946s] DEBUG:colcon.colcon_core.event_handler.log_command:Invoking command in '/home/xiye/ROSChatr/build/chat_interfaces': CMAKE_PREFIX_PATH=${CMAKE_PREFIX_PATH}:/home/xiye/ROSChatr/install/roschat_ui:/home/xiye/ROSChatr/install/chat_system:/mnt/hgfs/Ubuntu22.04_ros/dev_ws_1/install/learning_urdf:/mnt/hgfs/Ubuntu22.04_ros/dev_ws_1/install/learning_topic:/mnt/hgfs/Ubuntu22.04_ros/dev_ws_1/install/learning_tf:/mnt/hgfs/Ubuntu22.04_ros/dev_ws_1/install/learning_service:/mnt/hgfs/Ubuntu22.04_ros/dev_ws_1/install/learning_qos:/mnt/hgfs/Ubuntu22.04_ros/dev_ws_1/install/learning_pkg_python:/mnt/hgfs/Ubuntu22.04_ros/dev_ws_1/install/learning_parameter:/mnt/hgfs/Ubuntu22.04_ros/dev_ws_1/install/learning_node:/mnt/hgfs/Ubuntu22.04_ros/dev_ws_1/install/learning_launch:/mnt/hgfs/Ubuntu22.04_ros/dev_ws_1/install/learning_action:/mnt/hgfs/Ubuntu22.04_ros/dev_ws_1/install/learning_gazebo_harmonic:/mnt/hgfs/Ubuntu22.04_ros/dev_ws_1/install/learning_gazebo:/mnt/hgfs/Ubuntu22.04_ros/dev_ws_1/install/learning_cv:/opt/ros/humble /usr/bin/cmake --install /home/xiye/ROSChatr/build/chat_interfaces
[2.050s] Level 1:colcon.colcon_core.environment:create_environment_scripts_only(chat_interfaces)
[2.051s] DEBUG:colcon.colcon_core.event_handler.log_command:Invoked command in '/home/xiye/ROSChatr/build/chat_interfaces' returned '0': CMAKE_PREFIX_PATH=${CMAKE_PREFIX_PATH}:/home/xiye/ROSChatr/install/roschat_ui:/home/xiye/ROSChatr/install/chat_system:/mnt/hgfs/Ubuntu22.04_ros/dev_ws_1/install/learning_urdf:/mnt/hgfs/Ubuntu22.04_ros/dev_ws_1/install/learning_topic:/mnt/hgfs/Ubuntu22.04_ros/dev_ws_1/install/learning_tf:/mnt/hgfs/Ubuntu22.04_ros/dev_ws_1/install/learning_service:/mnt/hgfs/Ubuntu22.04_ros/dev_ws_1/install/learning_qos:/mnt/hgfs/Ubuntu22.04_ros/dev_ws_1/install/learning_pkg_python:/mnt/hgfs/Ubuntu22.04_ros/dev_ws_1/install/learning_parameter:/mnt/hgfs/Ubuntu22.04_ros/dev_ws_1/install/learning_node:/mnt/hgfs/Ubuntu22.04_ros/dev_ws_1/install/learning_launch:/mnt/hgfs/Ubuntu22.04_ros/dev_ws_1/install/learning_action:/mnt/hgfs/Ubuntu22.04_ros/dev_ws_1/install/learning_gazebo_harmonic:/mnt/hgfs/Ubuntu22.04_ros/dev_ws_1/install/learning_gazebo:/mnt/hgfs/Ubuntu22.04_ros/dev_ws_1/install/learning_cv:/opt/ros/humble /usr/bin/cmake --install /home/xiye/ROSChatr/build/chat_interfaces
[2.053s] Level 1:colcon.colcon_core.environment:checking '/home/xiye/ROSChatr/install/chat_interfaces' for CMake module files
[2.054s] Level 1:colcon.colcon_core.environment:checking '/home/xiye/ROSChatr/install/chat_interfaces' for CMake config files
[2.054s] Level 1:colcon.colcon_core.shell:create_environment_hook('chat_interfaces', 'cmake_prefix_path')
[2.055s] INFO:colcon.colcon_core.shell:Creating environment hook '/home/xiye/ROSChatr/install/chat_interfaces/share/chat_interfaces/hook/cmake_prefix_path.ps1'
[2.055s] INFO:colcon.colcon_core.shell:Creating environment descriptor '/home/xiye/ROSChatr/install/chat_interfaces/share/chat_interfaces/hook/cmake_prefix_path.dsv'
[2.056s] INFO:colcon.colcon_core.shell:Creating environment hook '/home/xiye/ROSChatr/install/chat_interfaces/share/chat_interfaces/hook/cmake_prefix_path.sh'
[2.057s] Level 1:colcon.colcon_core.environment:checking '/home/xiye/ROSChatr/install/chat_interfaces/lib'
[2.057s] Level 1:colcon.colcon_core.shell:create_environment_hook('chat_interfaces', 'ld_library_path_lib')
[2.057s] INFO:colcon.colcon_core.shell:Creating environment hook '/home/xiye/ROSChatr/install/chat_interfaces/share/chat_interfaces/hook/ld_library_path_lib.ps1'
[2.058s] INFO:colcon.colcon_core.shell:Creating environment descriptor '/home/xiye/ROSChatr/install/chat_interfaces/share/chat_interfaces/hook/ld_library_path_lib.dsv'
[2.058s] INFO:colcon.colcon_core.shell:Creating environment hook '/home/xiye/ROSChatr/install/chat_interfaces/share/chat_interfaces/hook/ld_library_path_lib.sh'
[2.059s] Level 1:colcon.colcon_core.environment:checking '/home/xiye/ROSChatr/install/chat_interfaces/bin'
[2.059s] Level 1:colcon.colcon_core.environment:checking '/home/xiye/ROSChatr/install/chat_interfaces/lib/pkgconfig/chat_interfaces.pc'
[2.059s] Level 1:colcon.colcon_core.environment:checking '/home/xiye/ROSChatr/install/chat_interfaces/lib/python3.10/site-packages'
[2.059s] Level 1:colcon.colcon_core.environment:checking '/home/xiye/ROSChatr/install/chat_interfaces/bin'
[2.059s] INFO:colcon.colcon_core.shell:Creating package script '/home/xiye/ROSChatr/install/chat_interfaces/share/chat_interfaces/package.ps1'
[2.060s] INFO:colcon.colcon_core.shell:Creating package descriptor '/home/xiye/ROSChatr/install/chat_interfaces/share/chat_interfaces/package.dsv'
[2.061s] INFO:colcon.colcon_core.shell:Creating package script '/home/xiye/ROSChatr/install/chat_interfaces/share/chat_interfaces/package.sh'
[2.061s] INFO:colcon.colcon_core.shell:Creating package script '/home/xiye/ROSChatr/install/chat_interfaces/share/chat_interfaces/package.bash'
[2.062s] INFO:colcon.colcon_core.shell:Creating package script '/home/xiye/ROSChatr/install/chat_interfaces/share/chat_interfaces/package.zsh'
[2.063s] Level 1:colcon.colcon_core.environment:create_file_with_runtime_dependencies(/home/xiye/ROSChatr/install/chat_interfaces/share/colcon-core/packages/chat_interfaces)
[2.064s] Level 1:colcon.colcon_core.environment:create_environment_scripts_only(chat_interfaces)
[2.064s] Level 1:colcon.colcon_core.environment:checking '/home/xiye/ROSChatr/install/chat_interfaces' for CMake module files
[2.064s] Level 1:colcon.colcon_core.environment:checking '/home/xiye/ROSChatr/install/chat_interfaces' for CMake config files
[2.064s] Level 1:colcon.colcon_core.shell:create_environment_hook('chat_interfaces', 'cmake_prefix_path')
[2.065s] INFO:colcon.colcon_core.shell:Creating environment hook '/home/xiye/ROSChatr/install/chat_interfaces/share/chat_interfaces/hook/cmake_prefix_path.ps1'
[2.065s] INFO:colcon.colcon_core.shell:Creating environment descriptor '/home/xiye/ROSChatr/install/chat_interfaces/share/chat_interfaces/hook/cmake_prefix_path.dsv'
[2.066s] INFO:colcon.colcon_core.shell:Creating environment hook '/home/xiye/ROSChatr/install/chat_interfaces/share/chat_interfaces/hook/cmake_prefix_path.sh'
[2.066s] Level 1:colcon.colcon_core.environment:checking '/home/xiye/ROSChatr/install/chat_interfaces/lib'
[2.066s] Level 1:colcon.colcon_core.shell:create_environment_hook('chat_interfaces', 'ld_library_path_lib')
[2.066s] INFO:colcon.colcon_core.shell:Creating environment hook '/home/xiye/ROSChatr/install/chat_interfaces/share/chat_interfaces/hook/ld_library_path_lib.ps1'
[2.067s] INFO:colcon.colcon_core.shell:Creating environment descriptor '/home/xiye/ROSChatr/install/chat_interfaces/share/chat_interfaces/hook/ld_library_path_lib.dsv'
[2.067s] INFO:colcon.colcon_core.shell:Creating environment hook '/home/xiye/ROSChatr/install/chat_interfaces/share/chat_interfaces/hook/ld_library_path_lib.sh'
[2.068s] Level 1:colcon.colcon_core.environment:checking '/home/xiye/ROSChatr/install/chat_interfaces/bin'
[2.068s] Level 1:colcon.colcon_core.environment:checking '/home/xiye/ROSChatr/install/chat_interfaces/lib/pkgconfig/chat_interfaces.pc'
[2.068s] Level 1:colcon.colcon_core.environment:checking '/home/xiye/ROSChatr/install/chat_interfaces/lib/python3.10/site-packages'
[2.068s] Level 1:colcon.colcon_core.environment:checking '/home/xiye/ROSChatr/install/chat_interfaces/bin'
[2.069s] INFO:colcon.colcon_core.shell:Creating package script '/home/xiye/ROSChatr/install/chat_interfaces/share/chat_interfaces/package.ps1'
[2.069s] INFO:colcon.colcon_core.shell:Creating package descriptor '/home/xiye/ROSChatr/install/chat_interfaces/share/chat_interfaces/package.dsv'
[2.070s] INFO:colcon.colcon_core.shell:Creating package script '/home/xiye/ROSChatr/install/chat_interfaces/share/chat_interfaces/package.sh'
[2.070s] INFO:colcon.colcon_core.shell:Creating package script '/home/xiye/ROSChatr/install/chat_interfaces/share/chat_interfaces/package.bash'
[2.071s] INFO:colcon.colcon_core.shell:Creating package script '/home/xiye/ROSChatr/install/chat_interfaces/share/chat_interfaces/package.zsh'
[2.072s] Level 1:colcon.colcon_core.environment:create_file_with_runtime_dependencies(/home/xiye/ROSChatr/install/chat_interfaces/share/colcon-core/packages/chat_interfaces)
[2.072s] INFO:colcon.colcon_ros.task.ament_python.build:Building ROS package in '/home/xiye/ROSChatr/src/chat_system' with build type 'ament_python'
[2.072s] Level 1:colcon.colcon_core.shell:create_environment_hook('chat_system', 'ament_prefix_path')
[2.073s] INFO:colcon.colcon_core.shell:Creating environment hook '/home/xiye/ROSChatr/install/chat_system/share/chat_system/hook/ament_prefix_path.ps1'
[2.074s] INFO:colcon.colcon_core.shell:Creating environment descriptor '/home/xiye/ROSChatr/install/chat_system/share/chat_system/hook/ament_prefix_path.dsv'
[2.074s] INFO:colcon.colcon_core.shell:Creating environment hook '/home/xiye/ROSChatr/install/chat_system/share/chat_system/hook/ament_prefix_path.sh'
[2.075s] INFO:colcon.colcon_core.shell:Skip shell extension 'powershell' for command environment: Not usable outside of PowerShell
[2.075s] DEBUG:colcon.colcon_core.shell:Skip shell extension 'dsv' for command environment
[2.647s] INFO:colcon.colcon_core.task.python.build:Building Python package in '/home/xiye/ROSChatr/src/chat_system'
[2.647s] INFO:colcon.colcon_core.shell:Skip shell extension 'powershell' for command environment: Not usable outside of PowerShell
[2.647s] DEBUG:colcon.colcon_core.shell:Skip shell extension 'dsv' for command environment
[2.703s] Level 1:colcon.colcon_core.environment:checking '/home/xiye/ROSChatr/install/roschat_ui' for CMake module files
[2.704s] DEBUG:colcon.colcon_core.event_handler.log_command:Invoked command in '/home/xiye/ROSChatr/src/roschat_ui' returned '0': PYTHONPATH=/home/xiye/ROSChatr/build/roschat_ui/prefix_override:/usr/lib/python3/dist-packages/colcon_core/task/python/colcon_distutils_commands:/home/xiye/ROSChatr/install/roschat_ui/lib/python3.10/site-packages:${PYTHONPATH} /usr/bin/python3 -W ignore:setup.py install is deprecated -W ignore:easy_install command is deprecated setup.py egg_info --egg-base ../../build/roschat_ui build --build-base /home/xiye/ROSChatr/build/roschat_ui/build install --record /home/xiye/ROSChatr/build/roschat_ui/install.log --single-version-externally-managed install_data
[2.704s] Level 1:colcon.colcon_core.environment:checking '/home/xiye/ROSChatr/install/roschat_ui' for CMake config files
[2.705s] Level 1:colcon.colcon_core.environment:checking '/home/xiye/ROSChatr/install/roschat_ui/lib'
[2.705s] Level 1:colcon.colcon_core.environment:checking '/home/xiye/ROSChatr/install/roschat_ui/bin'
[2.705s] Level 1:colcon.colcon_core.environment:checking '/home/xiye/ROSChatr/install/roschat_ui/lib/pkgconfig/roschat_ui.pc'
[2.705s] Level 1:colcon.colcon_core.environment:checking '/home/xiye/ROSChatr/install/roschat_ui/lib/python3.10/site-packages'
[2.706s] Level 1:colcon.colcon_core.shell:create_environment_hook('roschat_ui', 'pythonpath')
[2.706s] INFO:colcon.colcon_core.shell:Creating environment hook '/home/xiye/ROSChatr/install/roschat_ui/share/roschat_ui/hook/pythonpath.ps1'
[2.706s] INFO:colcon.colcon_core.shell:Creating environment descriptor '/home/xiye/ROSChatr/install/roschat_ui/share/roschat_ui/hook/pythonpath.dsv'
[2.707s] INFO:colcon.colcon_core.shell:Creating environment hook '/home/xiye/ROSChatr/install/roschat_ui/share/roschat_ui/hook/pythonpath.sh'
[2.707s] Level 1:colcon.colcon_core.environment:checking '/home/xiye/ROSChatr/install/roschat_ui/bin'
[2.708s] Level 1:colcon.colcon_core.environment:create_environment_scripts_only(roschat_ui)
[2.708s] INFO:colcon.colcon_core.shell:Creating package script '/home/xiye/ROSChatr/install/roschat_ui/share/roschat_ui/package.ps1'
[2.709s] INFO:colcon.colcon_core.shell:Creating package descriptor '/home/xiye/ROSChatr/install/roschat_ui/share/roschat_ui/package.dsv'
[2.709s] INFO:colcon.colcon_core.shell:Creating package script '/home/xiye/ROSChatr/install/roschat_ui/share/roschat_ui/package.sh'
[2.710s] INFO:colcon.colcon_core.shell:Creating package script '/home/xiye/ROSChatr/install/roschat_ui/share/roschat_ui/package.bash'
[2.710s] INFO:colcon.colcon_core.shell:Creating package script '/home/xiye/ROSChatr/install/roschat_ui/share/roschat_ui/package.zsh'
[2.711s] Level 1:colcon.colcon_core.environment:create_file_with_runtime_dependencies(/home/xiye/ROSChatr/install/roschat_ui/share/colcon-core/packages/roschat_ui)
[3.235s] DEBUG:colcon.colcon_core.event_handler.log_command:Invoking command in '/home/xiye/ROSChatr/src/chat_system': PYTHONPATH=/home/xiye/ROSChatr/build/chat_system/prefix_override:/usr/lib/python3/dist-packages/colcon_core/task/python/colcon_distutils_commands:/home/xiye/ROSChatr/install/chat_system/lib/python3.10/site-packages:${PYTHONPATH} /usr/bin/python3 -W ignore:setup.py install is deprecated -W ignore:easy_install command is deprecated setup.py egg_info --egg-base ../../build/chat_system build --build-base /home/xiye/ROSChatr/build/chat_system/build install --record /home/xiye/ROSChatr/build/chat_system/install.log --single-version-externally-managed install_data
[3.670s] Level 1:colcon.colcon_core.environment:checking '/home/xiye/ROSChatr/install/chat_system' for CMake module files
[3.671s] DEBUG:colcon.colcon_core.event_handler.log_command:Invoked command in '/home/xiye/ROSChatr/src/chat_system' returned '0': PYTHONPATH=/home/xiye/ROSChatr/build/chat_system/prefix_override:/usr/lib/python3/dist-packages/colcon_core/task/python/colcon_distutils_commands:/home/xiye/ROSChatr/install/chat_system/lib/python3.10/site-packages:${PYTHONPATH} /usr/bin/python3 -W ignore:setup.py install is deprecated -W ignore:easy_install command is deprecated setup.py egg_info --egg-base ../../build/chat_system build --build-base /home/xiye/ROSChatr/build/chat_system/build install --record /home/xiye/ROSChatr/build/chat_system/install.log --single-version-externally-managed install_data
[3.671s] Level 1:colcon.colcon_core.environment:checking '/home/xiye/ROSChatr/install/chat_system' for CMake config files
[3.672s] Level 1:colcon.colcon_core.environment:checking '/home/xiye/ROSChatr/install/chat_system/lib'
[3.672s] Level 1:colcon.colcon_core.environment:checking '/home/xiye/ROSChatr/install/chat_system/bin'
[3.672s] Level 1:colcon.colcon_core.environment:checking '/home/xiye/ROSChatr/install/chat_system/lib/pkgconfig/chat_system.pc'
[3.672s] Level 1:colcon.colcon_core.environment:checking '/home/xiye/ROSChatr/install/chat_system/lib/python3.10/site-packages'
[3.672s] Level 1:colcon.colcon_core.shell:create_environment_hook('chat_system', 'pythonpath')
[3.672s] INFO:colcon.colcon_core.shell:Creating environment hook '/home/xiye/ROSChatr/install/chat_system/share/chat_system/hook/pythonpath.ps1'
[3.673s] INFO:colcon.colcon_core.shell:Creating environment descriptor '/home/xiye/ROSChatr/install/chat_system/share/chat_system/hook/pythonpath.dsv'
[3.673s] INFO:colcon.colcon_core.shell:Creating environment hook '/home/xiye/ROSChatr/install/chat_system/share/chat_system/hook/pythonpath.sh'
[3.674s] Level 1:colcon.colcon_core.environment:checking '/home/xiye/ROSChatr/install/chat_system/bin'
[3.674s] Level 1:colcon.colcon_core.environment:create_environment_scripts_only(chat_system)
[3.674s] INFO:colcon.colcon_core.shell:Creating package script '/home/xiye/ROSChatr/install/chat_system/share/chat_system/package.ps1'
[3.675s] INFO:colcon.colcon_core.shell:Creating package descriptor '/home/xiye/ROSChatr/install/chat_system/share/chat_system/package.dsv'
[3.675s] INFO:colcon.colcon_core.shell:Creating package script '/home/xiye/ROSChatr/install/chat_system/share/chat_system/package.sh'
[3.676s] INFO:colcon.colcon_core.shell:Creating package script '/home/xiye/ROSChatr/install/chat_system/share/chat_system/package.bash'
[3.676s] INFO:colcon.colcon_core.shell:Creating package script '/home/xiye/ROSChatr/install/chat_system/share/chat_system/package.zsh'
[3.677s] Level 1:colcon.colcon_core.environment:create_file_with_runtime_dependencies(/home/xiye/ROSChatr/install/chat_system/share/colcon-core/packages/chat_system)
[3.677s] DEBUG:colcon.colcon_parallel_executor.executor.parallel:closing loop
[3.677s] DEBUG:colcon.colcon_parallel_executor.executor.parallel:loop closed
[3.677s] DEBUG:colcon.colcon_parallel_executor.executor.parallel:run_until_complete finished with '0'
[3.677s] DEBUG:colcon.colcon_core.event_reactor:joining thread
[3.684s] INFO:colcon.colcon_core.plugin_system:Skipping extension 'colcon_notification.desktop_notification.terminal_notifier': Not used on non-Darwin systems
[3.684s] INFO:colcon.colcon_core.plugin_system:Skipping extension 'colcon_notification.desktop_notification.win32': Not used on non-Windows systems
[3.684s] INFO:colcon.colcon_notification.desktop_notification:Sending desktop notification using 'notify2'
[3.697s] DEBUG:colcon.colcon_core.event_reactor:joined thread
[3.697s] INFO:colcon.colcon_core.shell:Creating prefix script '/home/xiye/ROSChatr/install/local_setup.ps1'
[3.698s] INFO:colcon.colcon_core.shell:Creating prefix util module '/home/xiye/ROSChatr/install/_local_setup_util_ps1.py'
[3.700s] INFO:colcon.colcon_core.shell:Creating prefix chain script '/home/xiye/ROSChatr/install/setup.ps1'
[3.748s] INFO:colcon.colcon_core.shell:Creating prefix script '/home/xiye/ROSChatr/install/local_setup.sh'
[3.749s] INFO:colcon.colcon_core.shell:Creating prefix util module '/home/xiye/ROSChatr/install/_local_setup_util_sh.py'
[3.750s] INFO:colcon.colcon_core.shell:Creating prefix chain script '/home/xiye/ROSChatr/install/setup.sh'
[3.796s] INFO:colcon.colcon_core.shell:Creating prefix script '/home/xiye/ROSChatr/install/local_setup.bash'
[3.796s] INFO:colcon.colcon_core.shell:Creating prefix chain script '/home/xiye/ROSChatr/install/setup.bash'
[3.841s] INFO:colcon.colcon_core.shell:Creating prefix script '/home/xiye/ROSChatr/install/local_setup.zsh'
[3.841s] INFO:colcon.colcon_core.shell:Creating prefix chain script '/home/xiye/ROSChatr/install/setup.zsh'
