[0.112s] DEBUG:colcon:Command line arguments: ['/usr/bin/colcon', 'build']
[0.112s] DEBUG:colcon:Parsed command line arguments: Namespace(log_base=None, log_level=None, verb_name='build', build_base='build', install_base='install', merge_install=False, symlink_install=False, test_result_base=None, continue_on_error=False, executor='parallel', parallel_workers=12, event_handlers=None, ignore_user_meta=False, metas=['./colcon.meta'], base_paths=['.'], packages_ignore=None, packages_ignore_regex=None, paths=None, packages_up_to=None, packages_up_to_regex=None, packages_above=None, packages_above_and_dependencies=None, packages_above_depth=None, packages_select_by_dep=None, packages_skip_by_dep=None, packages_skip_up_to=None, packages_select_build_failed=False, packages_skip_build_finished=False, packages_select_test_failures=False, packages_skip_test_passed=False, packages_select=None, packages_skip=None, packages_select_regex=None, packages_skip_regex=None, packages_start=None, packages_end=None, allow_overriding=[], cmake_args=None, cmake_target=None, cmake_target_skip_unavailable=False, cmake_clean_cache=False, cmake_clean_first=False, cmake_force_configure=False, ament_cmake_args=None, catkin_cmake_args=None, catkin_skip_building_tests=False, verb_parser=<colcon_defaults.argument_parser.defaults.DefaultArgumentsDecorator object at 0x778277c57ca0>, verb_extension=<colcon_core.verb.build.BuildVerb object at 0x778277c57850>, main=<bound method BuildVerb.main of <colcon_core.verb.build.BuildVerb object at 0x778277c57850>>)
[0.371s] Level 1:colcon.colcon_core.package_discovery:discover_packages(colcon_meta) check parameters
[0.371s] Level 1:colcon.colcon_core.package_discovery:discover_packages(recursive) check parameters
[0.371s] Level 1:colcon.colcon_core.package_discovery:discover_packages(ignore) check parameters
[0.371s] Level 1:colcon.colcon_core.package_discovery:discover_packages(path) check parameters
[0.371s] Level 1:colcon.colcon_core.package_discovery:discover_packages(colcon_meta) discover
[0.372s] Level 1:colcon.colcon_core.package_discovery:discover_packages(recursive) discover
[0.372s] INFO:colcon.colcon_core.package_discovery:Crawling recursively for packages in '/home/xiye/ROSChatr'
[0.372s] Level 1:colcon.colcon_core.package_identification:_identify(.) by extensions ['ignore', 'ignore_ament_install']
[0.372s] Level 1:colcon.colcon_core.package_identification:_identify(.) by extension 'ignore'
[0.372s] Level 1:colcon.colcon_core.package_identification:_identify(.) by extension 'ignore_ament_install'
[0.372s] Level 1:colcon.colcon_core.package_identification:_identify(.) by extensions ['colcon_pkg']
[0.372s] Level 1:colcon.colcon_core.package_identification:_identify(.) by extension 'colcon_pkg'
[0.372s] Level 1:colcon.colcon_core.package_identification:_identify(.) by extensions ['colcon_meta']
[0.372s] Level 1:colcon.colcon_core.package_identification:_identify(.) by extension 'colcon_meta'
[0.372s] Level 1:colcon.colcon_core.package_identification:_identify(.) by extensions ['ros']
[0.372s] Level 1:colcon.colcon_core.package_identification:_identify(.) by extension 'ros'
[0.388s] Level 1:colcon.colcon_core.package_identification:_identify(.) by extensions ['cmake', 'python']
[0.388s] Level 1:colcon.colcon_core.package_identification:_identify(.) by extension 'cmake'
[0.388s] Level 1:colcon.colcon_core.package_identification:_identify(.) by extension 'python'
[0.388s] Level 1:colcon.colcon_core.package_identification:_identify(.) by extensions ['python_setup_py']
[0.388s] Level 1:colcon.colcon_core.package_identification:_identify(.) by extension 'python_setup_py'
[0.388s] Level 1:colcon.colcon_core.package_identification:_identify(build) by extensions ['ignore', 'ignore_ament_install']
[0.388s] Level 1:colcon.colcon_core.package_identification:_identify(build) by extension 'ignore'
[0.388s] Level 1:colcon.colcon_core.package_identification:_identify(build) ignored
[0.388s] Level 1:colcon.colcon_core.package_identification:_identify(install) by extensions ['ignore', 'ignore_ament_install']
[0.388s] Level 1:colcon.colcon_core.package_identification:_identify(install) by extension 'ignore'
[0.388s] Level 1:colcon.colcon_core.package_identification:_identify(install) ignored
[0.389s] Level 1:colcon.colcon_core.package_identification:_identify(log) by extensions ['ignore', 'ignore_ament_install']
[0.389s] Level 1:colcon.colcon_core.package_identification:_identify(log) by extension 'ignore'
[0.389s] Level 1:colcon.colcon_core.package_identification:_identify(log) ignored
[0.389s] Level 1:colcon.colcon_core.package_identification:_identify(src) by extensions ['ignore', 'ignore_ament_install']
[0.389s] Level 1:colcon.colcon_core.package_identification:_identify(src) by extension 'ignore'
[0.389s] Level 1:colcon.colcon_core.package_identification:_identify(src) by extension 'ignore_ament_install'
[0.389s] Level 1:colcon.colcon_core.package_identification:_identify(src) by extensions ['colcon_pkg']
[0.389s] Level 1:colcon.colcon_core.package_identification:_identify(src) by extension 'colcon_pkg'
[0.389s] Level 1:colcon.colcon_core.package_identification:_identify(src) by extensions ['colcon_meta']
[0.389s] Level 1:colcon.colcon_core.package_identification:_identify(src) by extension 'colcon_meta'
[0.389s] Level 1:colcon.colcon_core.package_identification:_identify(src) by extensions ['ros']
[0.389s] Level 1:colcon.colcon_core.package_identification:_identify(src) by extension 'ros'
[0.389s] Level 1:colcon.colcon_core.package_identification:_identify(src) by extensions ['cmake', 'python']
[0.389s] Level 1:colcon.colcon_core.package_identification:_identify(src) by extension 'cmake'
[0.389s] Level 1:colcon.colcon_core.package_identification:_identify(src) by extension 'python'
[0.389s] Level 1:colcon.colcon_core.package_identification:_identify(src) by extensions ['python_setup_py']
[0.389s] Level 1:colcon.colcon_core.package_identification:_identify(src) by extension 'python_setup_py'
[0.389s] Level 1:colcon.colcon_core.package_identification:_identify(src/chat_interfaces) by extensions ['ignore', 'ignore_ament_install']
[0.390s] Level 1:colcon.colcon_core.package_identification:_identify(src/chat_interfaces) by extension 'ignore'
[0.390s] Level 1:colcon.colcon_core.package_identification:_identify(src/chat_interfaces) by extension 'ignore_ament_install'
[0.390s] Level 1:colcon.colcon_core.package_identification:_identify(src/chat_interfaces) by extensions ['colcon_pkg']
[0.390s] Level 1:colcon.colcon_core.package_identification:_identify(src/chat_interfaces) by extension 'colcon_pkg'
[0.390s] Level 1:colcon.colcon_core.package_identification:_identify(src/chat_interfaces) by extensions ['colcon_meta']
[0.390s] Level 1:colcon.colcon_core.package_identification:_identify(src/chat_interfaces) by extension 'colcon_meta'
[0.390s] Level 1:colcon.colcon_core.package_identification:_identify(src/chat_interfaces) by extensions ['ros']
[0.390s] Level 1:colcon.colcon_core.package_identification:_identify(src/chat_interfaces) by extension 'ros'
[0.392s] DEBUG:colcon.colcon_core.package_identification:Package 'src/chat_interfaces' with type 'ros.ament_cmake' and name 'chat_interfaces'
[0.392s] Level 1:colcon.colcon_core.package_identification:_identify(src/chat_system) by extensions ['ignore', 'ignore_ament_install']
[0.392s] Level 1:colcon.colcon_core.package_identification:_identify(src/chat_system) by extension 'ignore'
[0.392s] Level 1:colcon.colcon_core.package_identification:_identify(src/chat_system) by extension 'ignore_ament_install'
[0.392s] Level 1:colcon.colcon_core.package_identification:_identify(src/chat_system) by extensions ['colcon_pkg']
[0.392s] Level 1:colcon.colcon_core.package_identification:_identify(src/chat_system) by extension 'colcon_pkg'
[0.392s] Level 1:colcon.colcon_core.package_identification:_identify(src/chat_system) by extensions ['colcon_meta']
[0.392s] Level 1:colcon.colcon_core.package_identification:_identify(src/chat_system) by extension 'colcon_meta'
[0.392s] Level 1:colcon.colcon_core.package_identification:_identify(src/chat_system) by extensions ['ros']
[0.392s] Level 1:colcon.colcon_core.package_identification:_identify(src/chat_system) by extension 'ros'
[0.393s] DEBUG:colcon.colcon_core.package_identification:Package 'src/chat_system' with type 'ros.ament_python' and name 'chat_system'
[0.393s] Level 1:colcon.colcon_core.package_identification:_identify(src/roschat_ui) by extensions ['ignore', 'ignore_ament_install']
[0.393s] Level 1:colcon.colcon_core.package_identification:_identify(src/roschat_ui) by extension 'ignore'
[0.393s] Level 1:colcon.colcon_core.package_identification:_identify(src/roschat_ui) by extension 'ignore_ament_install'
[0.393s] Level 1:colcon.colcon_core.package_identification:_identify(src/roschat_ui) by extensions ['colcon_pkg']
[0.393s] Level 1:colcon.colcon_core.package_identification:_identify(src/roschat_ui) by extension 'colcon_pkg'
[0.393s] Level 1:colcon.colcon_core.package_identification:_identify(src/roschat_ui) by extensions ['colcon_meta']
[0.393s] Level 1:colcon.colcon_core.package_identification:_identify(src/roschat_ui) by extension 'colcon_meta'
[0.393s] Level 1:colcon.colcon_core.package_identification:_identify(src/roschat_ui) by extensions ['ros']
[0.393s] Level 1:colcon.colcon_core.package_identification:_identify(src/roschat_ui) by extension 'ros'
[0.394s] DEBUG:colcon.colcon_core.package_identification:Package 'src/roschat_ui' with type 'ros.ament_python' and name 'roschat_ui'
[0.394s] Level 1:colcon.colcon_core.package_discovery:discover_packages(recursive) using defaults
[0.394s] Level 1:colcon.colcon_core.package_discovery:discover_packages(ignore) discover
[0.394s] Level 1:colcon.colcon_core.package_discovery:discover_packages(ignore) using defaults
[0.394s] Level 1:colcon.colcon_core.package_discovery:discover_packages(path) discover
[0.394s] Level 1:colcon.colcon_core.package_discovery:discover_packages(path) using defaults
[0.411s] Level 1:colcon.colcon_core.package_discovery:discover_packages(prefix_path) check parameters
[0.412s] Level 1:colcon.colcon_core.package_discovery:discover_packages(prefix_path) discover
[0.452s] DEBUG:colcon.colcon_installed_package_information.package_discovery:Found 3 installed packages in /home/xiye/ROSChatr/install
[0.485s] DEBUG:colcon.colcon_installed_package_information.package_discovery:Found 21 installed packages in /mnt/hgfs/Ubuntu22.04_ros/dev_ws_1/install
[0.486s] DEBUG:colcon.colcon_installed_package_information.package_discovery:Found 389 installed packages in /opt/ros/humble
[0.488s] Level 1:colcon.colcon_core.package_discovery:discover_packages(prefix_path) using defaults
[0.560s] Level 5:colcon.colcon_core.verb:set package 'chat_interfaces' build argument 'cmake_args' from command line to 'None'
[0.560s] Level 5:colcon.colcon_core.verb:set package 'chat_interfaces' build argument 'cmake_target' from command line to 'None'
[0.560s] Level 5:colcon.colcon_core.verb:set package 'chat_interfaces' build argument 'cmake_target_skip_unavailable' from command line to 'False'
[0.560s] Level 5:colcon.colcon_core.verb:set package 'chat_interfaces' build argument 'cmake_clean_cache' from command line to 'False'
[0.560s] Level 5:colcon.colcon_core.verb:set package 'chat_interfaces' build argument 'cmake_clean_first' from command line to 'False'
[0.560s] Level 5:colcon.colcon_core.verb:set package 'chat_interfaces' build argument 'cmake_force_configure' from command line to 'False'
[0.560s] Level 5:colcon.colcon_core.verb:set package 'chat_interfaces' build argument 'ament_cmake_args' from command line to 'None'
[0.560s] Level 5:colcon.colcon_core.verb:set package 'chat_interfaces' build argument 'catkin_cmake_args' from command line to 'None'
[0.560s] Level 5:colcon.colcon_core.verb:set package 'chat_interfaces' build argument 'catkin_skip_building_tests' from command line to 'False'
[0.560s] DEBUG:colcon.colcon_core.verb:Building package 'chat_interfaces' with the following arguments: {'ament_cmake_args': None, 'build_base': '/home/xiye/ROSChatr/build/chat_interfaces', 'catkin_cmake_args': None, 'catkin_skip_building_tests': False, 'cmake_args': None, 'cmake_clean_cache': False, 'cmake_clean_first': False, 'cmake_force_configure': False, 'cmake_target': None, 'cmake_target_skip_unavailable': False, 'install_base': '/home/xiye/ROSChatr/install/chat_interfaces', 'merge_install': False, 'path': '/home/xiye/ROSChatr/src/chat_interfaces', 'symlink_install': False, 'test_result_base': None}
[0.561s] Level 5:colcon.colcon_core.verb:set package 'roschat_ui' build argument 'cmake_args' from command line to 'None'
[0.561s] Level 5:colcon.colcon_core.verb:set package 'roschat_ui' build argument 'cmake_target' from command line to 'None'
[0.561s] Level 5:colcon.colcon_core.verb:set package 'roschat_ui' build argument 'cmake_target_skip_unavailable' from command line to 'False'
[0.561s] Level 5:colcon.colcon_core.verb:set package 'roschat_ui' build argument 'cmake_clean_cache' from command line to 'False'
[0.561s] Level 5:colcon.colcon_core.verb:set package 'roschat_ui' build argument 'cmake_clean_first' from command line to 'False'
[0.561s] Level 5:colcon.colcon_core.verb:set package 'roschat_ui' build argument 'cmake_force_configure' from command line to 'False'
[0.561s] Level 5:colcon.colcon_core.verb:set package 'roschat_ui' build argument 'ament_cmake_args' from command line to 'None'
[0.561s] Level 5:colcon.colcon_core.verb:set package 'roschat_ui' build argument 'catkin_cmake_args' from command line to 'None'
[0.561s] Level 5:colcon.colcon_core.verb:set package 'roschat_ui' build argument 'catkin_skip_building_tests' from command line to 'False'
[0.561s] DEBUG:colcon.colcon_core.verb:Building package 'roschat_ui' with the following arguments: {'ament_cmake_args': None, 'build_base': '/home/xiye/ROSChatr/build/roschat_ui', 'catkin_cmake_args': None, 'catkin_skip_building_tests': False, 'cmake_args': None, 'cmake_clean_cache': False, 'cmake_clean_first': False, 'cmake_force_configure': False, 'cmake_target': None, 'cmake_target_skip_unavailable': False, 'install_base': '/home/xiye/ROSChatr/install/roschat_ui', 'merge_install': False, 'path': '/home/xiye/ROSChatr/src/roschat_ui', 'symlink_install': False, 'test_result_base': None}
[0.561s] Level 5:colcon.colcon_core.verb:set package 'chat_system' build argument 'cmake_args' from command line to 'None'
[0.561s] Level 5:colcon.colcon_core.verb:set package 'chat_system' build argument 'cmake_target' from command line to 'None'
[0.561s] Level 5:colcon.colcon_core.verb:set package 'chat_system' build argument 'cmake_target_skip_unavailable' from command line to 'False'
[0.561s] Level 5:colcon.colcon_core.verb:set package 'chat_system' build argument 'cmake_clean_cache' from command line to 'False'
[0.561s] Level 5:colcon.colcon_core.verb:set package 'chat_system' build argument 'cmake_clean_first' from command line to 'False'
[0.561s] Level 5:colcon.colcon_core.verb:set package 'chat_system' build argument 'cmake_force_configure' from command line to 'False'
[0.561s] Level 5:colcon.colcon_core.verb:set package 'chat_system' build argument 'ament_cmake_args' from command line to 'None'
[0.561s] Level 5:colcon.colcon_core.verb:set package 'chat_system' build argument 'catkin_cmake_args' from command line to 'None'
[0.561s] Level 5:colcon.colcon_core.verb:set package 'chat_system' build argument 'catkin_skip_building_tests' from command line to 'False'
[0.561s] DEBUG:colcon.colcon_core.verb:Building package 'chat_system' with the following arguments: {'ament_cmake_args': None, 'build_base': '/home/xiye/ROSChatr/build/chat_system', 'catkin_cmake_args': None, 'catkin_skip_building_tests': False, 'cmake_args': None, 'cmake_clean_cache': False, 'cmake_clean_first': False, 'cmake_force_configure': False, 'cmake_target': None, 'cmake_target_skip_unavailable': False, 'install_base': '/home/xiye/ROSChatr/install/chat_system', 'merge_install': False, 'path': '/home/xiye/ROSChatr/src/chat_system', 'symlink_install': False, 'test_result_base': None}
[0.562s] INFO:colcon.colcon_core.executor:Executing jobs using 'parallel' executor
[0.562s] DEBUG:colcon.colcon_parallel_executor.executor.parallel:run_until_complete
[0.563s] INFO:colcon.colcon_ros.task.ament_cmake.build:Building ROS package in '/home/xiye/ROSChatr/src/chat_interfaces' with build type 'ament_cmake'
[0.563s] INFO:colcon.colcon_cmake.task.cmake.build:Building CMake package in '/home/xiye/ROSChatr/src/chat_interfaces'
[0.565s] INFO:colcon.colcon_core.plugin_system:Skipping extension 'colcon_core.shell.bat': Not used on non-Windows systems
[0.565s] INFO:colcon.colcon_core.shell:Skip shell extension 'powershell' for command environment: Not usable outside of PowerShell
[0.565s] DEBUG:colcon.colcon_core.shell:Skip shell extension 'dsv' for command environment
[0.623s] INFO:colcon.colcon_ros.task.ament_python.build:Building ROS package in '/home/xiye/ROSChatr/src/roschat_ui' with build type 'ament_python'
[0.624s] Level 1:colcon.colcon_core.shell:create_environment_hook('roschat_ui', 'ament_prefix_path')
[0.624s] INFO:colcon.colcon_core.shell:Creating environment hook '/home/xiye/ROSChatr/install/roschat_ui/share/roschat_ui/hook/ament_prefix_path.ps1'
[0.625s] INFO:colcon.colcon_core.shell:Creating environment descriptor '/home/xiye/ROSChatr/install/roschat_ui/share/roschat_ui/hook/ament_prefix_path.dsv'
[0.626s] INFO:colcon.colcon_core.shell:Creating environment hook '/home/xiye/ROSChatr/install/roschat_ui/share/roschat_ui/hook/ament_prefix_path.sh'
[0.626s] INFO:colcon.colcon_core.shell:Skip shell extension 'powershell' for command environment: Not usable outside of PowerShell
[0.627s] DEBUG:colcon.colcon_core.shell:Skip shell extension 'dsv' for command environment
[0.690s] DEBUG:colcon.colcon_core.event_handler.log_command:Invoking command in '/home/xiye/ROSChatr/build/chat_interfaces': CMAKE_PREFIX_PATH=${CMAKE_PREFIX_PATH}:/home/xiye/ROSChatr/install/roschat_ui:/home/xiye/ROSChatr/install/chat_system:/mnt/hgfs/Ubuntu22.04_ros/dev_ws_1/install/learning_urdf:/mnt/hgfs/Ubuntu22.04_ros/dev_ws_1/install/learning_topic:/mnt/hgfs/Ubuntu22.04_ros/dev_ws_1/install/learning_tf:/mnt/hgfs/Ubuntu22.04_ros/dev_ws_1/install/learning_service:/mnt/hgfs/Ubuntu22.04_ros/dev_ws_1/install/learning_qos:/mnt/hgfs/Ubuntu22.04_ros/dev_ws_1/install/learning_pkg_python:/mnt/hgfs/Ubuntu22.04_ros/dev_ws_1/install/learning_parameter:/mnt/hgfs/Ubuntu22.04_ros/dev_ws_1/install/learning_node:/mnt/hgfs/Ubuntu22.04_ros/dev_ws_1/install/learning_launch:/mnt/hgfs/Ubuntu22.04_ros/dev_ws_1/install/learning_action:/mnt/hgfs/Ubuntu22.04_ros/dev_ws_1/install/learning_gazebo_harmonic:/mnt/hgfs/Ubuntu22.04_ros/dev_ws_1/install/learning_gazebo:/mnt/hgfs/Ubuntu22.04_ros/dev_ws_1/install/learning_cv:/opt/ros/humble /usr/bin/cmake --build /home/xiye/ROSChatr/build/chat_interfaces -- -j12 -l12
[1.118s] INFO:colcon.colcon_core.task.python.build:Building Python package in '/home/xiye/ROSChatr/src/roschat_ui'
[1.118s] INFO:colcon.colcon_core.shell:Skip shell extension 'powershell' for command environment: Not usable outside of PowerShell
[1.118s] DEBUG:colcon.colcon_core.shell:Skip shell extension 'dsv' for command environment
[1.895s] DEBUG:colcon.colcon_core.event_handler.log_command:Invoking command in '/home/xiye/ROSChatr/src/roschat_ui': PYTHONPATH=/home/xiye/ROSChatr/build/roschat_ui/prefix_override:/usr/lib/python3/dist-packages/colcon_core/task/python/colcon_distutils_commands:/home/xiye/ROSChatr/install/roschat_ui/lib/python3.10/site-packages:${PYTHONPATH} /usr/bin/python3 -W ignore:setup.py install is deprecated -W ignore:easy_install command is deprecated setup.py egg_info --egg-base ../../build/roschat_ui build --build-base /home/xiye/ROSChatr/build/roschat_ui/build install --record /home/xiye/ROSChatr/build/roschat_ui/install.log --single-version-externally-managed install_data
[1.936s] DEBUG:colcon.colcon_core.event_handler.log_command:Invoked command in '/home/xiye/ROSChatr/build/chat_interfaces' returned '0': CMAKE_PREFIX_PATH=${CMAKE_PREFIX_PATH}:/home/xiye/ROSChatr/install/roschat_ui:/home/xiye/ROSChatr/install/chat_system:/mnt/hgfs/Ubuntu22.04_ros/dev_ws_1/install/learning_urdf:/mnt/hgfs/Ubuntu22.04_ros/dev_ws_1/install/learning_topic:/mnt/hgfs/Ubuntu22.04_ros/dev_ws_1/install/learning_tf:/mnt/hgfs/Ubuntu22.04_ros/dev_ws_1/install/learning_service:/mnt/hgfs/Ubuntu22.04_ros/dev_ws_1/install/learning_qos:/mnt/hgfs/Ubuntu22.04_ros/dev_ws_1/install/learning_pkg_python:/mnt/hgfs/Ubuntu22.04_ros/dev_ws_1/install/learning_parameter:/mnt/hgfs/Ubuntu22.04_ros/dev_ws_1/install/learning_node:/mnt/hgfs/Ubuntu22.04_ros/dev_ws_1/install/learning_launch:/mnt/hgfs/Ubuntu22.04_ros/dev_ws_1/install/learning_action:/mnt/hgfs/Ubuntu22.04_ros/dev_ws_1/install/learning_gazebo_harmonic:/mnt/hgfs/Ubuntu22.04_ros/dev_ws_1/install/learning_gazebo:/mnt/hgfs/Ubuntu22.04_ros/dev_ws_1/install/learning_cv:/opt/ros/humble /usr/bin/cmake --build /home/xiye/ROSChatr/build/chat_interfaces -- -j12 -l12
[1.960s] DEBUG:colcon.colcon_core.event_handler.log_command:Invoking command in '/home/xiye/ROSChatr/build/chat_interfaces': CMAKE_PREFIX_PATH=${CMAKE_PREFIX_PATH}:/home/xiye/ROSChatr/install/roschat_ui:/home/xiye/ROSChatr/install/chat_system:/mnt/hgfs/Ubuntu22.04_ros/dev_ws_1/install/learning_urdf:/mnt/hgfs/Ubuntu22.04_ros/dev_ws_1/install/learning_topic:/mnt/hgfs/Ubuntu22.04_ros/dev_ws_1/install/learning_tf:/mnt/hgfs/Ubuntu22.04_ros/dev_ws_1/install/learning_service:/mnt/hgfs/Ubuntu22.04_ros/dev_ws_1/install/learning_qos:/mnt/hgfs/Ubuntu22.04_ros/dev_ws_1/install/learning_pkg_python:/mnt/hgfs/Ubuntu22.04_ros/dev_ws_1/install/learning_parameter:/mnt/hgfs/Ubuntu22.04_ros/dev_ws_1/install/learning_node:/mnt/hgfs/Ubuntu22.04_ros/dev_ws_1/install/learning_launch:/mnt/hgfs/Ubuntu22.04_ros/dev_ws_1/install/learning_action:/mnt/hgfs/Ubuntu22.04_ros/dev_ws_1/install/learning_gazebo_harmonic:/mnt/hgfs/Ubuntu22.04_ros/dev_ws_1/install/learning_gazebo:/mnt/hgfs/Ubuntu22.04_ros/dev_ws_1/install/learning_cv:/opt/ros/humble /usr/bin/cmake --install /home/xiye/ROSChatr/build/chat_interfaces
[2.061s] Level 1:colcon.colcon_core.environment:create_environment_scripts_only(chat_interfaces)
[2.062s] DEBUG:colcon.colcon_core.event_handler.log_command:Invoked command in '/home/xiye/ROSChatr/build/chat_interfaces' returned '0': CMAKE_PREFIX_PATH=${CMAKE_PREFIX_PATH}:/home/xiye/ROSChatr/install/roschat_ui:/home/xiye/ROSChatr/install/chat_system:/mnt/hgfs/Ubuntu22.04_ros/dev_ws_1/install/learning_urdf:/mnt/hgfs/Ubuntu22.04_ros/dev_ws_1/install/learning_topic:/mnt/hgfs/Ubuntu22.04_ros/dev_ws_1/install/learning_tf:/mnt/hgfs/Ubuntu22.04_ros/dev_ws_1/install/learning_service:/mnt/hgfs/Ubuntu22.04_ros/dev_ws_1/install/learning_qos:/mnt/hgfs/Ubuntu22.04_ros/dev_ws_1/install/learning_pkg_python:/mnt/hgfs/Ubuntu22.04_ros/dev_ws_1/install/learning_parameter:/mnt/hgfs/Ubuntu22.04_ros/dev_ws_1/install/learning_node:/mnt/hgfs/Ubuntu22.04_ros/dev_ws_1/install/learning_launch:/mnt/hgfs/Ubuntu22.04_ros/dev_ws_1/install/learning_action:/mnt/hgfs/Ubuntu22.04_ros/dev_ws_1/install/learning_gazebo_harmonic:/mnt/hgfs/Ubuntu22.04_ros/dev_ws_1/install/learning_gazebo:/mnt/hgfs/Ubuntu22.04_ros/dev_ws_1/install/learning_cv:/opt/ros/humble /usr/bin/cmake --install /home/xiye/ROSChatr/build/chat_interfaces
[2.065s] Level 1:colcon.colcon_core.environment:checking '/home/xiye/ROSChatr/install/chat_interfaces' for CMake module files
[2.065s] Level 1:colcon.colcon_core.environment:checking '/home/xiye/ROSChatr/install/chat_interfaces' for CMake config files
[2.065s] Level 1:colcon.colcon_core.shell:create_environment_hook('chat_interfaces', 'cmake_prefix_path')
[2.066s] INFO:colcon.colcon_core.shell:Creating environment hook '/home/xiye/ROSChatr/install/chat_interfaces/share/chat_interfaces/hook/cmake_prefix_path.ps1'
[2.066s] INFO:colcon.colcon_core.shell:Creating environment descriptor '/home/xiye/ROSChatr/install/chat_interfaces/share/chat_interfaces/hook/cmake_prefix_path.dsv'
[2.067s] INFO:colcon.colcon_core.shell:Creating environment hook '/home/xiye/ROSChatr/install/chat_interfaces/share/chat_interfaces/hook/cmake_prefix_path.sh'
[2.067s] Level 1:colcon.colcon_core.environment:checking '/home/xiye/ROSChatr/install/chat_interfaces/lib'
[2.068s] Level 1:colcon.colcon_core.shell:create_environment_hook('chat_interfaces', 'ld_library_path_lib')
[2.068s] INFO:colcon.colcon_core.shell:Creating environment hook '/home/xiye/ROSChatr/install/chat_interfaces/share/chat_interfaces/hook/ld_library_path_lib.ps1'
[2.069s] INFO:colcon.colcon_core.shell:Creating environment descriptor '/home/xiye/ROSChatr/install/chat_interfaces/share/chat_interfaces/hook/ld_library_path_lib.dsv'
[2.069s] INFO:colcon.colcon_core.shell:Creating environment hook '/home/xiye/ROSChatr/install/chat_interfaces/share/chat_interfaces/hook/ld_library_path_lib.sh'
[2.070s] Level 1:colcon.colcon_core.environment:checking '/home/xiye/ROSChatr/install/chat_interfaces/bin'
[2.070s] Level 1:colcon.colcon_core.environment:checking '/home/xiye/ROSChatr/install/chat_interfaces/lib/pkgconfig/chat_interfaces.pc'
[2.070s] Level 1:colcon.colcon_core.environment:checking '/home/xiye/ROSChatr/install/chat_interfaces/lib/python3.10/site-packages'
[2.070s] Level 1:colcon.colcon_core.environment:checking '/home/xiye/ROSChatr/install/chat_interfaces/bin'
[2.071s] INFO:colcon.colcon_core.shell:Creating package script '/home/xiye/ROSChatr/install/chat_interfaces/share/chat_interfaces/package.ps1'
[2.072s] INFO:colcon.colcon_core.shell:Creating package descriptor '/home/xiye/ROSChatr/install/chat_interfaces/share/chat_interfaces/package.dsv'
[2.073s] INFO:colcon.colcon_core.shell:Creating package script '/home/xiye/ROSChatr/install/chat_interfaces/share/chat_interfaces/package.sh'
[2.073s] INFO:colcon.colcon_core.shell:Creating package script '/home/xiye/ROSChatr/install/chat_interfaces/share/chat_interfaces/package.bash'
[2.074s] INFO:colcon.colcon_core.shell:Creating package script '/home/xiye/ROSChatr/install/chat_interfaces/share/chat_interfaces/package.zsh'
[2.075s] Level 1:colcon.colcon_core.environment:create_file_with_runtime_dependencies(/home/xiye/ROSChatr/install/chat_interfaces/share/colcon-core/packages/chat_interfaces)
[2.076s] Level 1:colcon.colcon_core.environment:create_environment_scripts_only(chat_interfaces)
[2.076s] Level 1:colcon.colcon_core.environment:checking '/home/xiye/ROSChatr/install/chat_interfaces' for CMake module files
[2.077s] Level 1:colcon.colcon_core.environment:checking '/home/xiye/ROSChatr/install/chat_interfaces' for CMake config files
[2.077s] Level 1:colcon.colcon_core.shell:create_environment_hook('chat_interfaces', 'cmake_prefix_path')
[2.077s] INFO:colcon.colcon_core.shell:Creating environment hook '/home/xiye/ROSChatr/install/chat_interfaces/share/chat_interfaces/hook/cmake_prefix_path.ps1'
[2.078s] INFO:colcon.colcon_core.shell:Creating environment descriptor '/home/xiye/ROSChatr/install/chat_interfaces/share/chat_interfaces/hook/cmake_prefix_path.dsv'
[2.079s] INFO:colcon.colcon_core.shell:Creating environment hook '/home/xiye/ROSChatr/install/chat_interfaces/share/chat_interfaces/hook/cmake_prefix_path.sh'
[2.080s] Level 1:colcon.colcon_core.environment:checking '/home/xiye/ROSChatr/install/chat_interfaces/lib'
[2.080s] Level 1:colcon.colcon_core.shell:create_environment_hook('chat_interfaces', 'ld_library_path_lib')
[2.080s] INFO:colcon.colcon_core.shell:Creating environment hook '/home/xiye/ROSChatr/install/chat_interfaces/share/chat_interfaces/hook/ld_library_path_lib.ps1'
[2.081s] INFO:colcon.colcon_core.shell:Creating environment descriptor '/home/xiye/ROSChatr/install/chat_interfaces/share/chat_interfaces/hook/ld_library_path_lib.dsv'
[2.082s] INFO:colcon.colcon_core.shell:Creating environment hook '/home/xiye/ROSChatr/install/chat_interfaces/share/chat_interfaces/hook/ld_library_path_lib.sh'
[2.082s] Level 1:colcon.colcon_core.environment:checking '/home/xiye/ROSChatr/install/chat_interfaces/bin'
[2.082s] Level 1:colcon.colcon_core.environment:checking '/home/xiye/ROSChatr/install/chat_interfaces/lib/pkgconfig/chat_interfaces.pc'
[2.083s] Level 1:colcon.colcon_core.environment:checking '/home/xiye/ROSChatr/install/chat_interfaces/lib/python3.10/site-packages'
[2.083s] Level 1:colcon.colcon_core.environment:checking '/home/xiye/ROSChatr/install/chat_interfaces/bin'
[2.083s] INFO:colcon.colcon_core.shell:Creating package script '/home/xiye/ROSChatr/install/chat_interfaces/share/chat_interfaces/package.ps1'
[2.084s] INFO:colcon.colcon_core.shell:Creating package descriptor '/home/xiye/ROSChatr/install/chat_interfaces/share/chat_interfaces/package.dsv'
[2.085s] INFO:colcon.colcon_core.shell:Creating package script '/home/xiye/ROSChatr/install/chat_interfaces/share/chat_interfaces/package.sh'
[2.086s] INFO:colcon.colcon_core.shell:Creating package script '/home/xiye/ROSChatr/install/chat_interfaces/share/chat_interfaces/package.bash'
[2.086s] INFO:colcon.colcon_core.shell:Creating package script '/home/xiye/ROSChatr/install/chat_interfaces/share/chat_interfaces/package.zsh'
[2.088s] Level 1:colcon.colcon_core.environment:create_file_with_runtime_dependencies(/home/xiye/ROSChatr/install/chat_interfaces/share/colcon-core/packages/chat_interfaces)
[2.088s] INFO:colcon.colcon_ros.task.ament_python.build:Building ROS package in '/home/xiye/ROSChatr/src/chat_system' with build type 'ament_python'
[2.088s] Level 1:colcon.colcon_core.shell:create_environment_hook('chat_system', 'ament_prefix_path')
[2.089s] INFO:colcon.colcon_core.shell:Creating environment hook '/home/xiye/ROSChatr/install/chat_system/share/chat_system/hook/ament_prefix_path.ps1'
[2.090s] INFO:colcon.colcon_core.shell:Creating environment descriptor '/home/xiye/ROSChatr/install/chat_system/share/chat_system/hook/ament_prefix_path.dsv'
[2.091s] INFO:colcon.colcon_core.shell:Creating environment hook '/home/xiye/ROSChatr/install/chat_system/share/chat_system/hook/ament_prefix_path.sh'
[2.092s] INFO:colcon.colcon_core.shell:Skip shell extension 'powershell' for command environment: Not usable outside of PowerShell
[2.092s] DEBUG:colcon.colcon_core.shell:Skip shell extension 'dsv' for command environment
[2.678s] INFO:colcon.colcon_core.task.python.build:Building Python package in '/home/xiye/ROSChatr/src/chat_system'
[2.679s] INFO:colcon.colcon_core.shell:Skip shell extension 'powershell' for command environment: Not usable outside of PowerShell
[2.679s] DEBUG:colcon.colcon_core.shell:Skip shell extension 'dsv' for command environment
[2.732s] Level 1:colcon.colcon_core.environment:checking '/home/xiye/ROSChatr/install/roschat_ui' for CMake module files
[2.733s] DEBUG:colcon.colcon_core.event_handler.log_command:Invoked command in '/home/xiye/ROSChatr/src/roschat_ui' returned '0': PYTHONPATH=/home/xiye/ROSChatr/build/roschat_ui/prefix_override:/usr/lib/python3/dist-packages/colcon_core/task/python/colcon_distutils_commands:/home/xiye/ROSChatr/install/roschat_ui/lib/python3.10/site-packages:${PYTHONPATH} /usr/bin/python3 -W ignore:setup.py install is deprecated -W ignore:easy_install command is deprecated setup.py egg_info --egg-base ../../build/roschat_ui build --build-base /home/xiye/ROSChatr/build/roschat_ui/build install --record /home/xiye/ROSChatr/build/roschat_ui/install.log --single-version-externally-managed install_data
[2.733s] Level 1:colcon.colcon_core.environment:checking '/home/xiye/ROSChatr/install/roschat_ui' for CMake config files
[2.733s] Level 1:colcon.colcon_core.environment:checking '/home/xiye/ROSChatr/install/roschat_ui/lib'
[2.734s] Level 1:colcon.colcon_core.environment:checking '/home/xiye/ROSChatr/install/roschat_ui/bin'
[2.734s] Level 1:colcon.colcon_core.environment:checking '/home/xiye/ROSChatr/install/roschat_ui/lib/pkgconfig/roschat_ui.pc'
[2.734s] Level 1:colcon.colcon_core.environment:checking '/home/xiye/ROSChatr/install/roschat_ui/lib/python3.10/site-packages'
[2.734s] Level 1:colcon.colcon_core.shell:create_environment_hook('roschat_ui', 'pythonpath')
[2.734s] INFO:colcon.colcon_core.shell:Creating environment hook '/home/xiye/ROSChatr/install/roschat_ui/share/roschat_ui/hook/pythonpath.ps1'
[2.735s] INFO:colcon.colcon_core.shell:Creating environment descriptor '/home/xiye/ROSChatr/install/roschat_ui/share/roschat_ui/hook/pythonpath.dsv'
[2.735s] INFO:colcon.colcon_core.shell:Creating environment hook '/home/xiye/ROSChatr/install/roschat_ui/share/roschat_ui/hook/pythonpath.sh'
[2.736s] Level 1:colcon.colcon_core.environment:checking '/home/xiye/ROSChatr/install/roschat_ui/bin'
[2.736s] Level 1:colcon.colcon_core.environment:create_environment_scripts_only(roschat_ui)
[2.736s] INFO:colcon.colcon_core.shell:Creating package script '/home/xiye/ROSChatr/install/roschat_ui/share/roschat_ui/package.ps1'
[2.736s] INFO:colcon.colcon_core.shell:Creating package descriptor '/home/xiye/ROSChatr/install/roschat_ui/share/roschat_ui/package.dsv'
[2.737s] INFO:colcon.colcon_core.shell:Creating package script '/home/xiye/ROSChatr/install/roschat_ui/share/roschat_ui/package.sh'
[2.738s] INFO:colcon.colcon_core.shell:Creating package script '/home/xiye/ROSChatr/install/roschat_ui/share/roschat_ui/package.bash'
[2.738s] INFO:colcon.colcon_core.shell:Creating package script '/home/xiye/ROSChatr/install/roschat_ui/share/roschat_ui/package.zsh'
[2.739s] Level 1:colcon.colcon_core.environment:create_file_with_runtime_dependencies(/home/xiye/ROSChatr/install/roschat_ui/share/colcon-core/packages/roschat_ui)
[3.269s] DEBUG:colcon.colcon_core.event_handler.log_command:Invoking command in '/home/xiye/ROSChatr/src/chat_system': PYTHONPATH=/home/xiye/ROSChatr/build/chat_system/prefix_override:/usr/lib/python3/dist-packages/colcon_core/task/python/colcon_distutils_commands:/home/xiye/ROSChatr/install/chat_system/lib/python3.10/site-packages:${PYTHONPATH} /usr/bin/python3 -W ignore:setup.py install is deprecated -W ignore:easy_install command is deprecated setup.py egg_info --egg-base ../../build/chat_system build --build-base /home/xiye/ROSChatr/build/chat_system/build install --record /home/xiye/ROSChatr/build/chat_system/install.log --single-version-externally-managed install_data
[3.731s] Level 1:colcon.colcon_core.environment:checking '/home/xiye/ROSChatr/install/chat_system' for CMake module files
[3.732s] DEBUG:colcon.colcon_core.event_handler.log_command:Invoked command in '/home/xiye/ROSChatr/src/chat_system' returned '0': PYTHONPATH=/home/xiye/ROSChatr/build/chat_system/prefix_override:/usr/lib/python3/dist-packages/colcon_core/task/python/colcon_distutils_commands:/home/xiye/ROSChatr/install/chat_system/lib/python3.10/site-packages:${PYTHONPATH} /usr/bin/python3 -W ignore:setup.py install is deprecated -W ignore:easy_install command is deprecated setup.py egg_info --egg-base ../../build/chat_system build --build-base /home/xiye/ROSChatr/build/chat_system/build install --record /home/xiye/ROSChatr/build/chat_system/install.log --single-version-externally-managed install_data
[3.732s] Level 1:colcon.colcon_core.environment:checking '/home/xiye/ROSChatr/install/chat_system' for CMake config files
[3.732s] Level 1:colcon.colcon_core.environment:checking '/home/xiye/ROSChatr/install/chat_system/lib'
[3.732s] Level 1:colcon.colcon_core.environment:checking '/home/xiye/ROSChatr/install/chat_system/bin'
[3.733s] Level 1:colcon.colcon_core.environment:checking '/home/xiye/ROSChatr/install/chat_system/lib/pkgconfig/chat_system.pc'
[3.733s] Level 1:colcon.colcon_core.environment:checking '/home/xiye/ROSChatr/install/chat_system/lib/python3.10/site-packages'
[3.733s] Level 1:colcon.colcon_core.shell:create_environment_hook('chat_system', 'pythonpath')
[3.733s] INFO:colcon.colcon_core.shell:Creating environment hook '/home/xiye/ROSChatr/install/chat_system/share/chat_system/hook/pythonpath.ps1'
[3.734s] INFO:colcon.colcon_core.shell:Creating environment descriptor '/home/xiye/ROSChatr/install/chat_system/share/chat_system/hook/pythonpath.dsv'
[3.734s] INFO:colcon.colcon_core.shell:Creating environment hook '/home/xiye/ROSChatr/install/chat_system/share/chat_system/hook/pythonpath.sh'
[3.735s] Level 1:colcon.colcon_core.environment:checking '/home/xiye/ROSChatr/install/chat_system/bin'
[3.735s] Level 1:colcon.colcon_core.environment:create_environment_scripts_only(chat_system)
[3.735s] INFO:colcon.colcon_core.shell:Creating package script '/home/xiye/ROSChatr/install/chat_system/share/chat_system/package.ps1'
[3.736s] INFO:colcon.colcon_core.shell:Creating package descriptor '/home/xiye/ROSChatr/install/chat_system/share/chat_system/package.dsv'
[3.736s] INFO:colcon.colcon_core.shell:Creating package script '/home/xiye/ROSChatr/install/chat_system/share/chat_system/package.sh'
[3.736s] INFO:colcon.colcon_core.shell:Creating package script '/home/xiye/ROSChatr/install/chat_system/share/chat_system/package.bash'
[3.737s] INFO:colcon.colcon_core.shell:Creating package script '/home/xiye/ROSChatr/install/chat_system/share/chat_system/package.zsh'
[3.737s] Level 1:colcon.colcon_core.environment:create_file_with_runtime_dependencies(/home/xiye/ROSChatr/install/chat_system/share/colcon-core/packages/chat_system)
[3.738s] DEBUG:colcon.colcon_parallel_executor.executor.parallel:closing loop
[3.738s] DEBUG:colcon.colcon_parallel_executor.executor.parallel:loop closed
[3.738s] DEBUG:colcon.colcon_parallel_executor.executor.parallel:run_until_complete finished with '0'
[3.738s] DEBUG:colcon.colcon_core.event_reactor:joining thread
[3.746s] INFO:colcon.colcon_core.plugin_system:Skipping extension 'colcon_notification.desktop_notification.terminal_notifier': Not used on non-Darwin systems
[3.746s] INFO:colcon.colcon_core.plugin_system:Skipping extension 'colcon_notification.desktop_notification.win32': Not used on non-Windows systems
[3.746s] INFO:colcon.colcon_notification.desktop_notification:Sending desktop notification using 'notify2'
[3.761s] DEBUG:colcon.colcon_core.event_reactor:joined thread
[3.761s] INFO:colcon.colcon_core.shell:Creating prefix script '/home/xiye/ROSChatr/install/local_setup.ps1'
[3.762s] INFO:colcon.colcon_core.shell:Creating prefix util module '/home/xiye/ROSChatr/install/_local_setup_util_ps1.py'
[3.765s] INFO:colcon.colcon_core.shell:Creating prefix chain script '/home/xiye/ROSChatr/install/setup.ps1'
[3.813s] INFO:colcon.colcon_core.shell:Creating prefix script '/home/xiye/ROSChatr/install/local_setup.sh'
[3.814s] INFO:colcon.colcon_core.shell:Creating prefix util module '/home/xiye/ROSChatr/install/_local_setup_util_sh.py'
[3.815s] INFO:colcon.colcon_core.shell:Creating prefix chain script '/home/xiye/ROSChatr/install/setup.sh'
[3.859s] INFO:colcon.colcon_core.shell:Creating prefix script '/home/xiye/ROSChatr/install/local_setup.bash'
[3.860s] INFO:colcon.colcon_core.shell:Creating prefix chain script '/home/xiye/ROSChatr/install/setup.bash'
[3.900s] INFO:colcon.colcon_core.shell:Creating prefix script '/home/xiye/ROSChatr/install/local_setup.zsh'
[3.901s] INFO:colcon.colcon_core.shell:Creating prefix chain script '/home/xiye/ROSChatr/install/setup.zsh'
