[1.271s] Invoking command in '/home/xiye/ROSChatr/src/roschat_ui': PYTHONPATH=/home/xiye/ROSChatr/build/roschat_ui/prefix_override:/usr/lib/python3/dist-packages/colcon_core/task/python/colcon_distutils_commands:/home/xiye/ROSChatr/install/roschat_ui/lib/python3.10/site-packages:${PYTHONPATH} /usr/bin/python3 -W ignore:setup.py install is deprecated -W ignore:easy_install command is deprecated setup.py egg_info --egg-base ../../build/roschat_ui build --build-base /home/xiye/ROSChatr/build/roschat_ui/build install --record /home/xiye/ROSChatr/build/roschat_ui/install.log --single-version-externally-managed install_data
[1.750s] running egg_info
[1.751s] writing ../../build/roschat_ui/roschat_ui.egg-info/PKG-INFO
[1.751s] writing dependency_links to ../../build/roschat_ui/roschat_ui.egg-info/dependency_links.txt
[1.752s] writing entry points to ../../build/roschat_ui/roschat_ui.egg-info/entry_points.txt
[1.752s] writing requirements to ../../build/roschat_ui/roschat_ui.egg-info/requires.txt
[1.752s] writing top-level names to ../../build/roschat_ui/roschat_ui.egg-info/top_level.txt
[1.753s] reading manifest file '../../build/roschat_ui/roschat_ui.egg-info/SOURCES.txt'
[1.754s] writing manifest file '../../build/roschat_ui/roschat_ui.egg-info/SOURCES.txt'
[1.755s] running build
[1.755s] running build_py
[1.755s] running install
[1.755s] running install_lib
[1.758s] running install_data
[1.758s] running install_egg_info
[1.760s] removing '/home/xiye/ROSChatr/install/roschat_ui/lib/python3.10/site-packages/roschat_ui-0.0.0-py3.10.egg-info' (and everything under it)
[1.761s] Copying ../../build/roschat_ui/roschat_ui.egg-info to /home/xiye/ROSChatr/install/roschat_ui/lib/python3.10/site-packages/roschat_ui-0.0.0-py3.10.egg-info
[1.762s] running install_scripts
[1.787s] Installing roschat_ui script to /home/xiye/ROSChatr/install/roschat_ui/lib/roschat_ui
[1.788s] writing list of installed files to '/home/xiye/ROSChatr/build/roschat_ui/install.log'
[2.109s] Invoked command in '/home/xiye/ROSChatr/src/roschat_ui' returned '0': PYTHONPATH=/home/xiye/ROSChatr/build/roschat_ui/prefix_override:/usr/lib/python3/dist-packages/colcon_core/task/python/colcon_distutils_commands:/home/xiye/ROSChatr/install/roschat_ui/lib/python3.10/site-packages:${PYTHONPATH} /usr/bin/python3 -W ignore:setup.py install is deprecated -W ignore:easy_install command is deprecated setup.py egg_info --egg-base ../../build/roschat_ui build --build-base /home/xiye/ROSChatr/build/roschat_ui/build install --record /home/xiye/ROSChatr/build/roschat_ui/install.log --single-version-externally-managed install_data
