[0.941s] Invoking command in '/home/xiye/ROSChatr/src/chat_system': AMENT_PREFIX_PATH=/home/xiye/ROSChatr/install/chat_interfaces:${AMENT_PREFIX_PATH} CMAKE_PREFIX_PATH=/home/xiye/ROSChatr/install/chat_interfaces:${CMAKE_PREFIX_PATH} LD_LIBRARY_PATH=/home/xiye/ROSChatr/install/chat_interfaces/lib:${LD_LIBRARY_PATH} PYTHONPATH=/home/xiye/ROSChatr/build/chat_system/prefix_override:/usr/lib/python3/dist-packages/colcon_core/task/python/colcon_distutils_commands:/home/xiye/ROSChatr/install/chat_system/lib/python3.10/site-packages:/home/xiye/ROSChatr/install/chat_interfaces/local/lib/python3.10/dist-packages:${PYTHONPATH} /usr/bin/python3 -W ignore:setup.py install is deprecated -W ignore:easy_install command is deprecated setup.py egg_info --egg-base ../../build/chat_system build --build-base /home/xiye/ROSChatr/build/chat_system/build install --record /home/xiye/ROSChatr/build/chat_system/install.log --single-version-externally-managed install_data
[1.288s] running egg_info
[1.289s] creating ../../build/chat_system/chat_system.egg-info
[1.289s] writing ../../build/chat_system/chat_system.egg-info/PKG-INFO
[1.289s] writing dependency_links to ../../build/chat_system/chat_system.egg-info/dependency_links.txt
[1.289s] writing entry points to ../../build/chat_system/chat_system.egg-info/entry_points.txt
[1.289s] writing requirements to ../../build/chat_system/chat_system.egg-info/requires.txt
[1.289s] writing top-level names to ../../build/chat_system/chat_system.egg-info/top_level.txt
[1.289s] writing manifest file '../../build/chat_system/chat_system.egg-info/SOURCES.txt'
[1.291s] reading manifest file '../../build/chat_system/chat_system.egg-info/SOURCES.txt'
[1.291s] writing manifest file '../../build/chat_system/chat_system.egg-info/SOURCES.txt'
[1.291s] running build
[1.292s] running build_py
[1.292s] creating /home/xiye/ROSChatr/build/chat_system/build
[1.292s] creating /home/xiye/ROSChatr/build/chat_system/build/lib
[1.292s] creating /home/xiye/ROSChatr/build/chat_system/build/lib/chat_system
[1.292s] copying chat_system/chat_client.py -> /home/xiye/ROSChatr/build/chat_system/build/lib/chat_system
[1.292s] copying chat_system/chat_server.py -> /home/xiye/ROSChatr/build/chat_system/build/lib/chat_system
[1.292s] copying chat_system/__init__.py -> /home/xiye/ROSChatr/build/chat_system/build/lib/chat_system
[1.292s] running install
[1.293s] running install_lib
[1.293s] creating /home/xiye/ROSChatr/install/chat_system/lib/python3.10/site-packages/chat_system
[1.293s] copying /home/xiye/ROSChatr/build/chat_system/build/lib/chat_system/chat_client.py -> /home/xiye/ROSChatr/install/chat_system/lib/python3.10/site-packages/chat_system
[1.293s] copying /home/xiye/ROSChatr/build/chat_system/build/lib/chat_system/chat_server.py -> /home/xiye/ROSChatr/install/chat_system/lib/python3.10/site-packages/chat_system
[1.294s] copying /home/xiye/ROSChatr/build/chat_system/build/lib/chat_system/__init__.py -> /home/xiye/ROSChatr/install/chat_system/lib/python3.10/site-packages/chat_system
[1.294s] byte-compiling /home/xiye/ROSChatr/install/chat_system/lib/python3.10/site-packages/chat_system/chat_client.py to chat_client.cpython-310.pyc
[1.295s] byte-compiling /home/xiye/ROSChatr/install/chat_system/lib/python3.10/site-packages/chat_system/chat_server.py to chat_server.cpython-310.pyc
[1.295s] byte-compiling /home/xiye/ROSChatr/install/chat_system/lib/python3.10/site-packages/chat_system/__init__.py to __init__.cpython-310.pyc
[1.295s] running install_data
[1.295s] creating /home/xiye/ROSChatr/install/chat_system/share/ament_index
[1.296s] creating /home/xiye/ROSChatr/install/chat_system/share/ament_index/resource_index
[1.296s] creating /home/xiye/ROSChatr/install/chat_system/share/ament_index/resource_index/packages
[1.296s] copying resource/chat_system -> /home/xiye/ROSChatr/install/chat_system/share/ament_index/resource_index/packages
[1.296s] copying package.xml -> /home/xiye/ROSChatr/install/chat_system/share/chat_system
[1.296s] running install_egg_info
[1.297s] Copying ../../build/chat_system/chat_system.egg-info to /home/xiye/ROSChatr/install/chat_system/lib/python3.10/site-packages/chat_system-0.0.0-py3.10.egg-info
[1.298s] running install_scripts
[1.316s] Installing chat_client script to /home/xiye/ROSChatr/install/chat_system/lib/chat_system
[1.316s] Installing chat_server script to /home/xiye/ROSChatr/install/chat_system/lib/chat_system
[1.316s] writing list of installed files to '/home/xiye/ROSChatr/build/chat_system/install.log'
[1.338s] Invoked command in '/home/xiye/ROSChatr/src/chat_system' returned '0': AMENT_PREFIX_PATH=/home/xiye/ROSChatr/install/chat_interfaces:${AMENT_PREFIX_PATH} CMAKE_PREFIX_PATH=/home/xiye/ROSChatr/install/chat_interfaces:${CMAKE_PREFIX_PATH} LD_LIBRARY_PATH=/home/xiye/ROSChatr/install/chat_interfaces/lib:${LD_LIBRARY_PATH} PYTHONPATH=/home/xiye/ROSChatr/build/chat_system/prefix_override:/usr/lib/python3/dist-packages/colcon_core/task/python/colcon_distutils_commands:/home/xiye/ROSChatr/install/chat_system/lib/python3.10/site-packages:/home/xiye/ROSChatr/install/chat_interfaces/local/lib/python3.10/dist-packages:${PYTHONPATH} /usr/bin/python3 -W ignore:setup.py install is deprecated -W ignore:easy_install command is deprecated setup.py egg_info --egg-base ../../build/chat_system build --build-base /home/xiye/ROSChatr/build/chat_system/build install --record /home/xiye/ROSChatr/build/chat_system/install.log --single-version-externally-managed install_data
