[1.476s] Invoking command in '/home/xiye/ROSChatr/src/roschat_ui': PYTHONPATH=/home/xiye/ROSChatr/build/roschat_ui/prefix_override:/usr/lib/python3/dist-packages/colcon_core/task/python/colcon_distutils_commands:/home/xiye/ROSChatr/install/roschat_ui/lib/python3.10/site-packages:${PYTHONPATH} /usr/bin/python3 -W ignore:setup.py install is deprecated -W ignore:easy_install command is deprecated setup.py egg_info --egg-base ../../build/roschat_ui build --build-base /home/xiye/ROSChatr/build/roschat_ui/build install --record /home/xiye/ROSChatr/build/roschat_ui/install.log --single-version-externally-managed install_data
[2.077s] running egg_info
[2.078s] writing ../../build/roschat_ui/roschat_ui.egg-info/PKG-INFO
[2.078s] writing dependency_links to ../../build/roschat_ui/roschat_ui.egg-info/dependency_links.txt
[2.079s] writing entry points to ../../build/roschat_ui/roschat_ui.egg-info/entry_points.txt
[2.079s] writing requirements to ../../build/roschat_ui/roschat_ui.egg-info/requires.txt
[2.080s] writing top-level names to ../../build/roschat_ui/roschat_ui.egg-info/top_level.txt
[2.083s] reading manifest file '../../build/roschat_ui/roschat_ui.egg-info/SOURCES.txt'
[2.084s] writing manifest file '../../build/roschat_ui/roschat_ui.egg-info/SOURCES.txt'
[2.084s] running build
[2.084s] running build_py
[2.084s] copying roschat_ui/roschat_ui.py -> /home/xiye/ROSChatr/build/roschat_ui/build/lib/roschat_ui
[2.085s] running install
[2.086s] running install_lib
[2.088s] copying /home/xiye/ROSChatr/build/roschat_ui/build/lib/roschat_ui/roschat_ui.py -> /home/xiye/ROSChatr/install/roschat_ui/lib/python3.10/site-packages/roschat_ui
[2.090s] byte-compiling /home/xiye/ROSChatr/install/roschat_ui/lib/python3.10/site-packages/roschat_ui/roschat_ui.py to roschat_ui.cpython-310.pyc
[2.091s] running install_data
[2.091s] running install_egg_info
[2.095s] removing '/home/xiye/ROSChatr/install/roschat_ui/lib/python3.10/site-packages/roschat_ui-0.0.0-py3.10.egg-info' (and everything under it)
[2.096s] Copying ../../build/roschat_ui/roschat_ui.egg-info to /home/xiye/ROSChatr/install/roschat_ui/lib/python3.10/site-packages/roschat_ui-0.0.0-py3.10.egg-info
[2.097s] running install_scripts
[2.120s] Installing roschat_ui script to /home/xiye/ROSChatr/install/roschat_ui/lib/roschat_ui
[2.120s] writing list of installed files to '/home/xiye/ROSChatr/build/roschat_ui/install.log'
[2.408s] Invoked command in '/home/xiye/ROSChatr/src/roschat_ui' returned '0': PYTHONPATH=/home/xiye/ROSChatr/build/roschat_ui/prefix_override:/usr/lib/python3/dist-packages/colcon_core/task/python/colcon_distutils_commands:/home/xiye/ROSChatr/install/roschat_ui/lib/python3.10/site-packages:${PYTHONPATH} /usr/bin/python3 -W ignore:setup.py install is deprecated -W ignore:easy_install command is deprecated setup.py egg_info --egg-base ../../build/roschat_ui build --build-base /home/xiye/ROSChatr/build/roschat_ui/build install --record /home/xiye/ROSChatr/build/roschat_ui/install.log --single-version-externally-managed install_data
